{"E:\\web apps\\full stack\\whist\\middleware\\auth.js": {"path":"E:\\web apps\\full stack\\whist\\middleware\\auth.js","statementMap":{"0":{"start":{"line":1,"column":12},"end":{"line":1,"column":35}},"1":{"start":{"line":3,"column":0},"end":{"line":14,"column":2}},"2":{"start":{"line":4,"column":16},"end":{"line":4,"column":58}},"3":{"start":{"line":5,"column":2},"end":{"line":5,"column":85}},"4":{"start":{"line":5,"column":14},"end":{"line":5,"column":85}},"5":{"start":{"line":7,"column":2},"end":{"line":13,"column":3}},"6":{"start":{"line":8,"column":20},"end":{"line":8,"column":61}},"7":{"start":{"line":9,"column":4},"end":{"line":9,"column":34}},"8":{"start":{"line":10,"column":4},"end":{"line":10,"column":11}},"9":{"start":{"line":12,"column":4},"end":{"line":12,"column":56}}},"fnMap":{"0":{"name":"(anonymous_0)","decl":{"start":{"line":3,"column":17},"end":{"line":3,"column":18}},"loc":{"start":{"line":3,"column":43},"end":{"line":14,"column":1}},"line":3}},"branchMap":{"0":{"loc":{"start":{"line":5,"column":2},"end":{"line":5,"column":85}},"type":"if","locations":[{"start":{"line":5,"column":2},"end":{"line":5,"column":85}},{"start":{},"end":{}}],"line":5}},"s":{"0":2,"1":2,"2":18,"3":18,"4":4,"5":14,"6":14,"7":10,"8":10,"9":4},"f":{"0":18},"b":{"0":[4,14]},"_coverageSchema":"1a1c01bbd47fc00a2c39e90264f33305004495a9","hash":"bdb5455f6ea39d0e2e167215e547d40bf2dc290d"}
,"E:\\web apps\\full stack\\whist\\models\\Game.js": {"path":"E:\\web apps\\full stack\\whist\\models\\Game.js","statementMap":{"0":{"start":{"line":1,"column":17},"end":{"line":1,"column":36}},"1":{"start":{"line":3,"column":19},"end":{"line":60,"column":2}},"2":{"start":{"line":15,"column":8},"end":{"line":15,"column":35}},"3":{"start":{"line":62,"column":0},"end":{"line":62,"column":52}}},"fnMap":{"0":{"name":"(anonymous_0)","decl":{"start":{"line":14,"column":17},"end":{"line":14,"column":18}},"loc":{"start":{"line":14,"column":35},"end":{"line":16,"column":7}},"line":14}},"branchMap":{},"s":{"0":1,"1":1,"2":23,"3":1},"f":{"0":23},"b":{},"_coverageSchema":"1a1c01bbd47fc00a2c39e90264f33305004495a9","hash":"413c949fb3c52479cdd7fb21fe3f5fb6f1092caf"}
,"E:\\web apps\\full stack\\whist\\models\\User.js": {"path":"E:\\web apps\\full stack\\whist\\models\\User.js","statementMap":{"0":{"start":{"line":1,"column":17},"end":{"line":1,"column":36}},"1":{"start":{"line":3,"column":19},"end":{"line":7,"column":2}},"2":{"start":{"line":9,"column":0},"end":{"line":9,"column":52}}},"fnMap":{},"branchMap":{},"s":{"0":1,"1":1,"2":1},"f":{},"b":{},"_coverageSchema":"1a1c01bbd47fc00a2c39e90264f33305004495a9","hash":"c9e46fcd8356e89ed4552653ba68cf1fe2ad34c1"}
,"E:\\web apps\\full stack\\whist\\routes\\auth.js": {"path":"E:\\web apps\\full stack\\whist\\routes\\auth.js","statementMap":{"0":{"start":{"line":1,"column":16},"end":{"line":1,"column":34}},"1":{"start":{"line":2,"column":15},"end":{"line":2,"column":31}},"2":{"start":{"line":3,"column":35},"end":{"line":3,"column":63}},"3":{"start":{"line":4,"column":15},"end":{"line":4,"column":32}},"4":{"start":{"line":5,"column":12},"end":{"line":5,"column":35}},"5":{"start":{"line":6,"column":13},"end":{"line":6,"column":38}},"6":{"start":{"line":7,"column":13},"end":{"line":7,"column":42}},"7":{"start":{"line":10,"column":0},"end":{"line":31,"column":5}},"8":{"start":{"line":14,"column":19},"end":{"line":14,"column":40}},"9":{"start":{"line":15,"column":4},"end":{"line":15,"column":83}},"10":{"start":{"line":15,"column":27},"end":{"line":15,"column":83}},"11":{"start":{"line":17,"column":32},"end":{"line":17,"column":40}},"12":{"start":{"line":18,"column":4},"end":{"line":30,"column":5}},"13":{"start":{"line":19,"column":17},"end":{"line":19,"column":46}},"14":{"start":{"line":20,"column":6},"end":{"line":20,"column":76}},"15":{"start":{"line":20,"column":16},"end":{"line":20,"column":76}},"16":{"start":{"line":22,"column":21},"end":{"line":22,"column":52}},"17":{"start":{"line":23,"column":6},"end":{"line":23,"column":51}},"18":{"start":{"line":24,"column":6},"end":{"line":24,"column":24}},"19":{"start":{"line":26,"column":20},"end":{"line":26,"column":91}},"20":{"start":{"line":27,"column":6},"end":{"line":27,"column":69}},"21":{"start":{"line":29,"column":6},"end":{"line":29,"column":52}},"22":{"start":{"line":34,"column":0},"end":{"line":54,"column":5}},"23":{"start":{"line":38,"column":19},"end":{"line":38,"column":40}},"24":{"start":{"line":39,"column":4},"end":{"line":39,"column":83}},"25":{"start":{"line":39,"column":27},"end":{"line":39,"column":83}},"26":{"start":{"line":41,"column":32},"end":{"line":41,"column":40}},"27":{"start":{"line":42,"column":4},"end":{"line":53,"column":5}},"28":{"start":{"line":43,"column":19},"end":{"line":43,"column":48}},"29":{"start":{"line":44,"column":6},"end":{"line":44,"column":77}},"30":{"start":{"line":44,"column":17},"end":{"line":44,"column":77}},"31":{"start":{"line":46,"column":22},"end":{"line":46,"column":67}},"32":{"start":{"line":47,"column":6},"end":{"line":47,"column":80}},"33":{"start":{"line":47,"column":20},"end":{"line":47,"column":80}},"34":{"start":{"line":49,"column":20},"end":{"line":49,"column":91}},"35":{"start":{"line":50,"column":6},"end":{"line":50,"column":69}},"36":{"start":{"line":52,"column":6},"end":{"line":52,"column":52}},"37":{"start":{"line":57,"column":0},"end":{"line":65,"column":3}},"38":{"start":{"line":58,"column":2},"end":{"line":64,"column":3}},"39":{"start":{"line":59,"column":17},"end":{"line":59,"column":68}},"40":{"start":{"line":60,"column":4},"end":{"line":60,"column":70}},"41":{"start":{"line":60,"column":15},"end":{"line":60,"column":70}},"42":{"start":{"line":61,"column":4},"end":{"line":61,"column":59}},"43":{"start":{"line":63,"column":4},"end":{"line":63,"column":50}},"44":{"start":{"line":67,"column":0},"end":{"line":67,"column":24}}},"fnMap":{"0":{"name":"(anonymous_0)","decl":{"start":{"line":13,"column":2},"end":{"line":13,"column":3}},"loc":{"start":{"line":13,"column":22},"end":{"line":31,"column":3}},"line":13},"1":{"name":"(anonymous_1)","decl":{"start":{"line":37,"column":2},"end":{"line":37,"column":3}},"loc":{"start":{"line":37,"column":22},"end":{"line":54,"column":3}},"line":37},"2":{"name":"(anonymous_2)","decl":{"start":{"line":57,"column":24},"end":{"line":57,"column":25}},"loc":{"start":{"line":57,"column":44},"end":{"line":65,"column":1}},"line":57}},"branchMap":{"0":{"loc":{"start":{"line":15,"column":4},"end":{"line":15,"column":83}},"type":"if","locations":[{"start":{"line":15,"column":4},"end":{"line":15,"column":83}},{"start":{},"end":{}}],"line":15},"1":{"loc":{"start":{"line":20,"column":6},"end":{"line":20,"column":76}},"type":"if","locations":[{"start":{"line":20,"column":6},"end":{"line":20,"column":76}},{"start":{},"end":{}}],"line":20},"2":{"loc":{"start":{"line":39,"column":4},"end":{"line":39,"column":83}},"type":"if","locations":[{"start":{"line":39,"column":4},"end":{"line":39,"column":83}},{"start":{},"end":{}}],"line":39},"3":{"loc":{"start":{"line":44,"column":6},"end":{"line":44,"column":77}},"type":"if","locations":[{"start":{"line":44,"column":6},"end":{"line":44,"column":77}},{"start":{},"end":{}}],"line":44},"4":{"loc":{"start":{"line":47,"column":6},"end":{"line":47,"column":80}},"type":"if","locations":[{"start":{"line":47,"column":6},"end":{"line":47,"column":80}},{"start":{},"end":{}}],"line":47},"5":{"loc":{"start":{"line":60,"column":4},"end":{"line":60,"column":70}},"type":"if","locations":[{"start":{"line":60,"column":4},"end":{"line":60,"column":70}},{"start":{},"end":{}}],"line":60}},"s":{"0":1,"1":1,"2":1,"3":1,"4":1,"5":1,"6":1,"7":1,"8":5,"9":5,"10":2,"11":3,"12":3,"13":3,"14":3,"15":1,"16":2,"17":2,"18":2,"19":1,"20":1,"21":1,"22":1,"23":5,"24":5,"25":1,"26":4,"27":4,"28":4,"29":3,"30":1,"31":2,"32":2,"33":1,"34":1,"35":1,"36":1,"37":1,"38":3,"39":3,"40":2,"41":1,"42":1,"43":1,"44":1},"f":{"0":5,"1":5,"2":3},"b":{"0":[2,3],"1":[1,2],"2":[1,4],"3":[1,2],"4":[1,1],"5":[1,1]},"_coverageSchema":"1a1c01bbd47fc00a2c39e90264f33305004495a9","hash":"01a21d3f311efce32048c7ab932ee78400c71f1c"}
,"E:\\web apps\\full stack\\whist\\sockets\\gameSocket.js": {"path":"E:\\web apps\\full stack\\whist\\sockets\\gameSocket.js","statementMap":{"0":{"start":{"line":1,"column":13},"end":{"line":1,"column":38}},"1":{"start":{"line":2,"column":119},"end":{"line":2,"column":148}},"2":{"start":{"line":5,"column":20},"end":{"line":5,"column":29}},"3":{"start":{"line":7,"column":0},"end":{"line":433,"column":2}},"4":{"start":{"line":8,"column":2},"end":{"line":432,"column":5}},"5":{"start":{"line":9,"column":4},"end":{"line":9,"column":46}},"6":{"start":{"line":12,"column":4},"end":{"line":40,"column":7}},"7":{"start":{"line":13,"column":6},"end":{"line":39,"column":7}},"8":{"start":{"line":14,"column":25},"end":{"line":14,"column":43}},"9":{"start":{"line":15,"column":21},"end":{"line":25,"column":10}},"10":{"start":{"line":27,"column":8},"end":{"line":27,"column":26}},"11":{"start":{"line":28,"column":8},"end":{"line":28,"column":40}},"12":{"start":{"line":30,"column":8},"end":{"line":30,"column":30}},"13":{"start":{"line":31,"column":8},"end":{"line":31,"column":55}},"14":{"start":{"line":34,"column":8},"end":{"line":34,"column":36}},"15":{"start":{"line":36,"column":8},"end":{"line":36,"column":60}},"16":{"start":{"line":38,"column":8},"end":{"line":38,"column":67}},"17":{"start":{"line":43,"column":4},"end":{"line":105,"column":7}},"18":{"start":{"line":44,"column":6},"end":{"line":104,"column":7}},"19":{"start":{"line":45,"column":19},"end":{"line":45,"column":80}},"20":{"start":{"line":47,"column":8},"end":{"line":50,"column":9}},"21":{"start":{"line":48,"column":10},"end":{"line":48,"column":62}},"22":{"start":{"line":49,"column":10},"end":{"line":49,"column":17}},"23":{"start":{"line":53,"column":31},"end":{"line":53,"column":96}},"24":{"start":{"line":53,"column":54},"end":{"line":53,"column":95}},"25":{"start":{"line":54,"column":8},"end":{"line":58,"column":9}},"26":{"start":{"line":55,"column":10},"end":{"line":55,"column":32}},"27":{"start":{"line":56,"column":10},"end":{"line":56,"column":46}},"28":{"start":{"line":57,"column":10},"end":{"line":57,"column":17}},"29":{"start":{"line":60,"column":8},"end":{"line":63,"column":9}},"30":{"start":{"line":61,"column":10},"end":{"line":61,"column":60}},"31":{"start":{"line":62,"column":10},"end":{"line":62,"column":17}},"32":{"start":{"line":65,"column":8},"end":{"line":68,"column":9}},"33":{"start":{"line":66,"column":10},"end":{"line":66,"column":68}},"34":{"start":{"line":67,"column":10},"end":{"line":67,"column":17}},"35":{"start":{"line":71,"column":26},"end":{"line":77,"column":9}},"36":{"start":{"line":80,"column":8},"end":{"line":88,"column":10}},"37":{"start":{"line":90,"column":8},"end":{"line":90,"column":40}},"38":{"start":{"line":92,"column":8},"end":{"line":92,"column":30}},"39":{"start":{"line":93,"column":8},"end":{"line":93,"column":55}},"40":{"start":{"line":96,"column":8},"end":{"line":96,"column":36}},"41":{"start":{"line":99,"column":8},"end":{"line":101,"column":9}},"42":{"start":{"line":100,"column":10},"end":{"line":100,"column":34}},"43":{"start":{"line":103,"column":8},"end":{"line":103,"column":65}},"44":{"start":{"line":108,"column":4},"end":{"line":115,"column":7}},"45":{"start":{"line":109,"column":6},"end":{"line":114,"column":7}},"46":{"start":{"line":110,"column":22},"end":{"line":110,"column":85}},"47":{"start":{"line":111,"column":8},"end":{"line":111,"column":44}},"48":{"start":{"line":113,"column":8},"end":{"line":113,"column":67}},"49":{"start":{"line":118,"column":4},"end":{"line":180,"column":7}},"50":{"start":{"line":119,"column":6},"end":{"line":179,"column":7}},"51":{"start":{"line":120,"column":21},"end":{"line":120,"column":82}},"52":{"start":{"line":122,"column":8},"end":{"line":125,"column":9}},"53":{"start":{"line":123,"column":10},"end":{"line":123,"column":62}},"54":{"start":{"line":124,"column":10},"end":{"line":124,"column":17}},"55":{"start":{"line":127,"column":8},"end":{"line":130,"column":9}},"56":{"start":{"line":128,"column":10},"end":{"line":128,"column":68}},"57":{"start":{"line":129,"column":10},"end":{"line":129,"column":17}},"58":{"start":{"line":132,"column":23},"end":{"line":132,"column":88}},"59":{"start":{"line":132,"column":46},"end":{"line":132,"column":87}},"60":{"start":{"line":133,"column":8},"end":{"line":136,"column":9}},"61":{"start":{"line":134,"column":10},"end":{"line":134,"column":66}},"62":{"start":{"line":135,"column":10},"end":{"line":135,"column":17}},"63":{"start":{"line":138,"column":8},"end":{"line":141,"column":9}},"64":{"start":{"line":139,"column":10},"end":{"line":139,"column":72}},"65":{"start":{"line":140,"column":10},"end":{"line":140,"column":17}},"66":{"start":{"line":143,"column":8},"end":{"line":146,"column":9}},"67":{"start":{"line":144,"column":10},"end":{"line":144,"column":71}},"68":{"start":{"line":145,"column":10},"end":{"line":145,"column":17}},"69":{"start":{"line":148,"column":27},"end":{"line":148,"column":54}},"70":{"start":{"line":151,"column":20},"end":{"line":151,"column":38}},"71":{"start":{"line":152,"column":8},"end":{"line":160,"column":9}},"72":{"start":{"line":153,"column":25},"end":{"line":153,"column":52}},"73":{"start":{"line":154,"column":20},"end":{"line":154,"column":77}},"74":{"start":{"line":155,"column":10},"end":{"line":157,"column":11}},"75":{"start":{"line":156,"column":12},"end":{"line":156,"column":99}},"76":{"start":{"line":158,"column":10},"end":{"line":158,"column":49}},"77":{"start":{"line":159,"column":10},"end":{"line":159,"column":17}},"78":{"start":{"line":163,"column":8},"end":{"line":168,"column":11}},"79":{"start":{"line":169,"column":8},"end":{"line":169,"column":37}},"80":{"start":{"line":172,"column":8},"end":{"line":172,"column":91}},"81":{"start":{"line":175,"column":8},"end":{"line":175,"column":53}},"82":{"start":{"line":177,"column":8},"end":{"line":177,"column":57}},"83":{"start":{"line":178,"column":8},"end":{"line":178,"column":73}},"84":{"start":{"line":183,"column":4},"end":{"line":275,"column":7}},"85":{"start":{"line":184,"column":6},"end":{"line":274,"column":7}},"86":{"start":{"line":185,"column":21},"end":{"line":185,"column":82}},"87":{"start":{"line":187,"column":8},"end":{"line":190,"column":9}},"88":{"start":{"line":188,"column":10},"end":{"line":188,"column":62}},"89":{"start":{"line":189,"column":10},"end":{"line":189,"column":17}},"90":{"start":{"line":192,"column":8},"end":{"line":195,"column":9}},"91":{"start":{"line":193,"column":10},"end":{"line":193,"column":68}},"92":{"start":{"line":194,"column":10},"end":{"line":194,"column":17}},"93":{"start":{"line":197,"column":23},"end":{"line":197,"column":88}},"94":{"start":{"line":197,"column":46},"end":{"line":197,"column":87}},"95":{"start":{"line":198,"column":8},"end":{"line":201,"column":9}},"96":{"start":{"line":199,"column":10},"end":{"line":199,"column":66}},"97":{"start":{"line":200,"column":10},"end":{"line":200,"column":17}},"98":{"start":{"line":203,"column":8},"end":{"line":206,"column":9}},"99":{"start":{"line":204,"column":10},"end":{"line":204,"column":72}},"100":{"start":{"line":205,"column":10},"end":{"line":205,"column":17}},"101":{"start":{"line":209,"column":8},"end":{"line":231,"column":9}},"102":{"start":{"line":211,"column":25},"end":{"line":211,"column":43}},"103":{"start":{"line":214,"column":10},"end":{"line":216,"column":11}},"104":{"start":{"line":215,"column":12},"end":{"line":215,"column":103}},"105":{"start":{"line":219,"column":10},"end":{"line":219,"column":34}},"106":{"start":{"line":220,"column":10},"end":{"line":220,"column":47}},"107":{"start":{"line":221,"column":10},"end":{"line":221,"column":62}},"108":{"start":{"line":222,"column":10},"end":{"line":222,"column":48}},"109":{"start":{"line":223,"column":10},"end":{"line":223,"column":65}},"110":{"start":{"line":224,"column":10},"end":{"line":224,"column":27}},"111":{"start":{"line":225,"column":10},"end":{"line":225,"column":41}},"112":{"start":{"line":227,"column":10},"end":{"line":227,"column":28}},"113":{"start":{"line":228,"column":10},"end":{"line":228,"column":42}},"114":{"start":{"line":229,"column":10},"end":{"line":229,"column":60}},"115":{"start":{"line":230,"column":10},"end":{"line":230,"column":17}},"116":{"start":{"line":233,"column":8},"end":{"line":236,"column":9}},"117":{"start":{"line":234,"column":10},"end":{"line":234,"column":71}},"118":{"start":{"line":235,"column":10},"end":{"line":235,"column":17}},"119":{"start":{"line":239,"column":8},"end":{"line":239,"column":49}},"120":{"start":{"line":242,"column":8},"end":{"line":242,"column":83}},"121":{"start":{"line":245,"column":8},"end":{"line":267,"column":9}},"122":{"start":{"line":247,"column":10},"end":{"line":247,"column":46}},"123":{"start":{"line":248,"column":10},"end":{"line":248,"column":53}},"124":{"start":{"line":248,"column":36},"end":{"line":248,"column":51}},"125":{"start":{"line":250,"column":24},"end":{"line":250,"column":35}},"126":{"start":{"line":251,"column":10},"end":{"line":251,"column":57}},"127":{"start":{"line":252,"column":10},"end":{"line":252,"column":57}},"128":{"start":{"line":253,"column":10},"end":{"line":253,"column":57}},"129":{"start":{"line":254,"column":10},"end":{"line":254,"column":57}},"130":{"start":{"line":257,"column":10},"end":{"line":257,"column":60}},"131":{"start":{"line":258,"column":10},"end":{"line":258,"column":36}},"132":{"start":{"line":259,"column":10},"end":{"line":259,"column":40}},"133":{"start":{"line":260,"column":10},"end":{"line":260,"column":34}},"134":{"start":{"line":261,"column":10},"end":{"line":261,"column":32}},"135":{"start":{"line":263,"column":10},"end":{"line":263,"column":28}},"136":{"start":{"line":264,"column":10},"end":{"line":264,"column":42}},"137":{"start":{"line":265,"column":10},"end":{"line":265,"column":61}},"138":{"start":{"line":266,"column":10},"end":{"line":266,"column":17}},"139":{"start":{"line":270,"column":8},"end":{"line":270,"column":53}},"140":{"start":{"line":272,"column":8},"end":{"line":272,"column":52}},"141":{"start":{"line":273,"column":8},"end":{"line":273,"column":60}},"142":{"start":{"line":278,"column":4},"end":{"line":352,"column":7}},"143":{"start":{"line":279,"column":6},"end":{"line":351,"column":7}},"144":{"start":{"line":280,"column":21},"end":{"line":280,"column":82}},"145":{"start":{"line":282,"column":8},"end":{"line":285,"column":9}},"146":{"start":{"line":283,"column":10},"end":{"line":283,"column":62}},"147":{"start":{"line":284,"column":10},"end":{"line":284,"column":17}},"148":{"start":{"line":287,"column":8},"end":{"line":290,"column":9}},"149":{"start":{"line":288,"column":10},"end":{"line":288,"column":68}},"150":{"start":{"line":289,"column":10},"end":{"line":289,"column":17}},"151":{"start":{"line":292,"column":23},"end":{"line":292,"column":88}},"152":{"start":{"line":292,"column":46},"end":{"line":292,"column":87}},"153":{"start":{"line":293,"column":8},"end":{"line":296,"column":9}},"154":{"start":{"line":294,"column":10},"end":{"line":294,"column":66}},"155":{"start":{"line":295,"column":10},"end":{"line":295,"column":17}},"156":{"start":{"line":298,"column":8},"end":{"line":301,"column":9}},"157":{"start":{"line":299,"column":10},"end":{"line":299,"column":68}},"158":{"start":{"line":300,"column":10},"end":{"line":300,"column":17}},"159":{"start":{"line":304,"column":32},"end":{"line":304,"column":59}},"160":{"start":{"line":305,"column":8},"end":{"line":305,"column":28}},"161":{"start":{"line":308,"column":8},"end":{"line":311,"column":9}},"162":{"start":{"line":309,"column":10},"end":{"line":309,"column":92}},"163":{"start":{"line":310,"column":10},"end":{"line":310,"column":17}},"164":{"start":{"line":314,"column":30},"end":{"line":314,"column":58}},"165":{"start":{"line":315,"column":8},"end":{"line":321,"column":9}},"166":{"start":{"line":316,"column":26},"end":{"line":316,"column":96}},"167":{"start":{"line":316,"column":55},"end":{"line":316,"column":92}},"168":{"start":{"line":317,"column":10},"end":{"line":320,"column":11}},"169":{"start":{"line":318,"column":12},"end":{"line":318,"column":132}},"170":{"start":{"line":319,"column":12},"end":{"line":319,"column":19}},"171":{"start":{"line":324,"column":8},"end":{"line":324,"column":41}},"172":{"start":{"line":327,"column":8},"end":{"line":327,"column":84}},"173":{"start":{"line":330,"column":29},"end":{"line":330,"column":69}},"174":{"start":{"line":330,"column":51},"end":{"line":330,"column":61}},"175":{"start":{"line":331,"column":8},"end":{"line":347,"column":9}},"176":{"start":{"line":333,"column":10},"end":{"line":333,"column":34}},"177":{"start":{"line":334,"column":10},"end":{"line":334,"column":48}},"178":{"start":{"line":335,"column":10},"end":{"line":335,"column":33}},"179":{"start":{"line":336,"column":10},"end":{"line":336,"column":31}},"180":{"start":{"line":338,"column":10},"end":{"line":338,"column":28}},"181":{"start":{"line":339,"column":10},"end":{"line":339,"column":42}},"182":{"start":{"line":340,"column":10},"end":{"line":340,"column":60}},"183":{"start":{"line":343,"column":10},"end":{"line":343,"column":60}},"184":{"start":{"line":344,"column":10},"end":{"line":344,"column":28}},"185":{"start":{"line":345,"column":10},"end":{"line":345,"column":42}},"186":{"start":{"line":346,"column":10},"end":{"line":346,"column":55}},"187":{"start":{"line":349,"column":8},"end":{"line":349,"column":49}},"188":{"start":{"line":350,"column":8},"end":{"line":350,"column":65}},"189":{"start":{"line":355,"column":4},"end":{"line":427,"column":7}},"190":{"start":{"line":356,"column":6},"end":{"line":426,"column":7}},"191":{"start":{"line":357,"column":21},"end":{"line":357,"column":82}},"192":{"start":{"line":359,"column":8},"end":{"line":362,"column":9}},"193":{"start":{"line":360,"column":10},"end":{"line":360,"column":62}},"194":{"start":{"line":361,"column":10},"end":{"line":361,"column":17}},"195":{"start":{"line":364,"column":23},"end":{"line":364,"column":88}},"196":{"start":{"line":364,"column":46},"end":{"line":364,"column":87}},"197":{"start":{"line":365,"column":8},"end":{"line":368,"column":9}},"198":{"start":{"line":366,"column":10},"end":{"line":366,"column":66}},"199":{"start":{"line":367,"column":10},"end":{"line":367,"column":17}},"200":{"start":{"line":370,"column":8},"end":{"line":373,"column":9}},"201":{"start":{"line":371,"column":10},"end":{"line":371,"column":61}},"202":{"start":{"line":372,"column":10},"end":{"line":372,"column":17}},"203":{"start":{"line":376,"column":8},"end":{"line":379,"column":9}},"204":{"start":{"line":377,"column":10},"end":{"line":377,"column":65}},"205":{"start":{"line":378,"column":10},"end":{"line":378,"column":17}},"206":{"start":{"line":382,"column":8},"end":{"line":384,"column":9}},"207":{"start":{"line":383,"column":10},"end":{"line":383,"column":44}},"208":{"start":{"line":387,"column":8},"end":{"line":387,"column":68}},"209":{"start":{"line":388,"column":8},"end":{"line":388,"column":58}},"210":{"start":{"line":388,"column":46},"end":{"line":388,"column":56}},"211":{"start":{"line":391,"column":8},"end":{"line":422,"column":9}},"212":{"start":{"line":392,"column":25},"end":{"line":392,"column":95}},"213":{"start":{"line":393,"column":10},"end":{"line":393,"column":43}},"214":{"start":{"line":395,"column":10},"end":{"line":399,"column":13}},"215":{"start":{"line":402,"column":10},"end":{"line":415,"column":19}},"216":{"start":{"line":403,"column":12},"end":{"line":403,"column":35}},"217":{"start":{"line":404,"column":12},"end":{"line":404,"column":33}},"218":{"start":{"line":405,"column":12},"end":{"line":405,"column":38}},"219":{"start":{"line":408,"column":12},"end":{"line":414,"column":13}},"220":{"start":{"line":409,"column":14},"end":{"line":409,"column":43}},"221":{"start":{"line":411,"column":14},"end":{"line":411,"column":32}},"222":{"start":{"line":412,"column":14},"end":{"line":412,"column":46}},"223":{"start":{"line":413,"column":14},"end":{"line":413,"column":58}},"224":{"start":{"line":418,"column":10},"end":{"line":418,"column":56}},"225":{"start":{"line":419,"column":10},"end":{"line":419,"column":28}},"226":{"start":{"line":420,"column":10},"end":{"line":420,"column":42}},"227":{"start":{"line":421,"column":10},"end":{"line":421,"column":55}},"228":{"start":{"line":424,"column":8},"end":{"line":424,"column":49}},"229":{"start":{"line":425,"column":8},"end":{"line":425,"column":65}},"230":{"start":{"line":429,"column":4},"end":{"line":431,"column":7}},"231":{"start":{"line":430,"column":6},"end":{"line":430,"column":51}},"232":{"start":{"line":437,"column":2},"end":{"line":437,"column":66}},"233":{"start":{"line":441,"column":2},"end":{"line":474,"column":3}},"234":{"start":{"line":442,"column":17},"end":{"line":442,"column":78}},"235":{"start":{"line":445,"column":4},"end":{"line":447,"column":5}},"236":{"start":{"line":446,"column":6},"end":{"line":446,"column":22}},"237":{"start":{"line":450,"column":18},"end":{"line":450,"column":29}},"238":{"start":{"line":452,"column":4},"end":{"line":452,"column":51}},"239":{"start":{"line":453,"column":4},"end":{"line":453,"column":51}},"240":{"start":{"line":454,"column":4},"end":{"line":454,"column":51}},"241":{"start":{"line":455,"column":4},"end":{"line":455,"column":51}},"242":{"start":{"line":458,"column":4},"end":{"line":458,"column":28}},"243":{"start":{"line":459,"column":4},"end":{"line":459,"column":54}},"244":{"start":{"line":460,"column":4},"end":{"line":460,"column":30}},"245":{"start":{"line":461,"column":4},"end":{"line":461,"column":34}},"246":{"start":{"line":462,"column":4},"end":{"line":462,"column":28}},"247":{"start":{"line":463,"column":4},"end":{"line":463,"column":26}},"248":{"start":{"line":466,"column":4},"end":{"line":466,"column":26}},"249":{"start":{"line":468,"column":4},"end":{"line":468,"column":22}},"250":{"start":{"line":469,"column":4},"end":{"line":469,"column":36}},"251":{"start":{"line":471,"column":4},"end":{"line":471,"column":50}},"252":{"start":{"line":473,"column":4},"end":{"line":473,"column":46}},"253":{"start":{"line":479,"column":2},"end":{"line":514,"column":5}},"254":{"start":{"line":480,"column":16},"end":{"line":480,"column":30}},"255":{"start":{"line":481,"column":22},"end":{"line":481,"column":38}},"256":{"start":{"line":482,"column":21},"end":{"line":482,"column":22}},"257":{"start":{"line":485,"column":4},"end":{"line":506,"column":5}},"258":{"start":{"line":486,"column":21},"end":{"line":486,"column":91}},"259":{"start":{"line":486,"column":50},"end":{"line":486,"column":87}},"260":{"start":{"line":488,"column":6},"end":{"line":498,"column":7}},"261":{"start":{"line":490,"column":8},"end":{"line":490,"column":43}},"262":{"start":{"line":493,"column":8},"end":{"line":497,"column":9}},"263":{"start":{"line":494,"column":10},"end":{"line":494,"column":50}},"264":{"start":{"line":496,"column":10},"end":{"line":496,"column":50}},"265":{"start":{"line":499,"column":11},"end":{"line":506,"column":5}},"266":{"start":{"line":501,"column":6},"end":{"line":501,"column":48}},"267":{"start":{"line":504,"column":18},"end":{"line":504,"column":43}},"268":{"start":{"line":505,"column":6},"end":{"line":505,"column":29}},"269":{"start":{"line":508,"column":26},"end":{"line":508,"column":67}},"270":{"start":{"line":508,"column":48},"end":{"line":508,"column":66}},"271":{"start":{"line":509,"column":4},"end":{"line":513,"column":5}},"272":{"start":{"line":510,"column":6},"end":{"line":510,"column":40}},"273":{"start":{"line":512,"column":6},"end":{"line":512,"column":61}},"274":{"start":{"line":516,"column":2},"end":{"line":516,"column":15}},"275":{"start":{"line":519,"column":2},"end":{"line":549,"column":3}},"276":{"start":{"line":520,"column":4},"end":{"line":520,"column":29}},"277":{"start":{"line":521,"column":4},"end":{"line":521,"column":22}},"278":{"start":{"line":522,"column":4},"end":{"line":522,"column":51}},"279":{"start":{"line":525,"column":4},"end":{"line":525,"column":40}},"280":{"start":{"line":526,"column":4},"end":{"line":526,"column":47}},"281":{"start":{"line":526,"column":30},"end":{"line":526,"column":45}},"282":{"start":{"line":528,"column":18},"end":{"line":528,"column":29}},"283":{"start":{"line":531,"column":23},"end":{"line":531,"column":52}},"284":{"start":{"line":532,"column":4},"end":{"line":532,"column":68}},"285":{"start":{"line":534,"column":4},"end":{"line":534,"column":51}},"286":{"start":{"line":535,"column":4},"end":{"line":535,"column":51}},"287":{"start":{"line":536,"column":4},"end":{"line":536,"column":51}},"288":{"start":{"line":537,"column":4},"end":{"line":537,"column":51}},"289":{"start":{"line":540,"column":4},"end":{"line":540,"column":28}},"290":{"start":{"line":541,"column":4},"end":{"line":541,"column":41}},"291":{"start":{"line":542,"column":4},"end":{"line":542,"column":47}},"292":{"start":{"line":543,"column":4},"end":{"line":543,"column":59}},"293":{"start":{"line":544,"column":4},"end":{"line":544,"column":21}},"294":{"start":{"line":546,"column":4},"end":{"line":546,"column":22}},"295":{"start":{"line":547,"column":4},"end":{"line":547,"column":36}},"296":{"start":{"line":548,"column":4},"end":{"line":548,"column":47}},"297":{"start":{"line":554,"column":2},"end":{"line":568,"column":3}},"298":{"start":{"line":556,"column":19},"end":{"line":556,"column":78}},"299":{"start":{"line":556,"column":44},"end":{"line":556,"column":77}},"300":{"start":{"line":557,"column":4},"end":{"line":557,"column":32}},"301":{"start":{"line":560,"column":4},"end":{"line":567,"column":5}},"302":{"start":{"line":561,"column":6},"end":{"line":561,"column":36}},"303":{"start":{"line":562,"column":6},"end":{"line":562,"column":41}},"304":{"start":{"line":563,"column":6},"end":{"line":563,"column":24}},"305":{"start":{"line":564,"column":6},"end":{"line":564,"column":38}},"306":{"start":{"line":565,"column":6},"end":{"line":565,"column":58}},"307":{"start":{"line":566,"column":6},"end":{"line":566,"column":13}},"308":{"start":{"line":571,"column":19},"end":{"line":571,"column":54}},"309":{"start":{"line":572,"column":14},"end":{"line":572,"column":15}},"310":{"start":{"line":574,"column":2},"end":{"line":577,"column":3}},"311":{"start":{"line":575,"column":4},"end":{"line":575,"column":38}},"312":{"start":{"line":576,"column":4},"end":{"line":576,"column":12}},"313":{"start":{"line":580,"column":2},"end":{"line":601,"column":3}},"314":{"start":{"line":581,"column":19},"end":{"line":581,"column":37}},"315":{"start":{"line":584,"column":4},"end":{"line":586,"column":5}},"316":{"start":{"line":585,"column":6},"end":{"line":585,"column":97}},"317":{"start":{"line":589,"column":4},"end":{"line":589,"column":28}},"318":{"start":{"line":590,"column":4},"end":{"line":590,"column":41}},"319":{"start":{"line":591,"column":4},"end":{"line":591,"column":56}},"320":{"start":{"line":592,"column":4},"end":{"line":592,"column":42}},"321":{"start":{"line":593,"column":4},"end":{"line":593,"column":59}},"322":{"start":{"line":594,"column":4},"end":{"line":594,"column":21}},"323":{"start":{"line":595,"column":4},"end":{"line":595,"column":35}},"324":{"start":{"line":597,"column":4},"end":{"line":597,"column":22}},"325":{"start":{"line":598,"column":4},"end":{"line":598,"column":36}},"326":{"start":{"line":599,"column":4},"end":{"line":599,"column":54}},"327":{"start":{"line":600,"column":4},"end":{"line":600,"column":11}},"328":{"start":{"line":604,"column":2},"end":{"line":604,"column":41}},"329":{"start":{"line":605,"column":2},"end":{"line":605,"column":20}},"330":{"start":{"line":606,"column":2},"end":{"line":606,"column":34}},"331":{"start":{"line":607,"column":2},"end":{"line":607,"column":54}}},"fnMap":{"0":{"name":"(anonymous_0)","decl":{"start":{"line":7,"column":17},"end":{"line":7,"column":18}},"loc":{"start":{"line":7,"column":25},"end":{"line":433,"column":1}},"line":7},"1":{"name":"(anonymous_1)","decl":{"start":{"line":8,"column":22},"end":{"line":8,"column":23}},"loc":{"start":{"line":8,"column":34},"end":{"line":432,"column":3}},"line":8},"2":{"name":"(anonymous_2)","decl":{"start":{"line":12,"column":28},"end":{"line":12,"column":29}},"loc":{"start":{"line":12,"column":57},"end":{"line":40,"column":5}},"line":12},"3":{"name":"(anonymous_3)","decl":{"start":{"line":43,"column":26},"end":{"line":43,"column":27}},"loc":{"start":{"line":43,"column":65},"end":{"line":105,"column":5}},"line":43},"4":{"name":"(anonymous_4)","decl":{"start":{"line":53,"column":49},"end":{"line":53,"column":50}},"loc":{"start":{"line":53,"column":54},"end":{"line":53,"column":95}},"line":53},"5":{"name":"(anonymous_5)","decl":{"start":{"line":108,"column":26},"end":{"line":108,"column":27}},"loc":{"start":{"line":108,"column":38},"end":{"line":115,"column":5}},"line":108},"6":{"name":"(anonymous_6)","decl":{"start":{"line":118,"column":33},"end":{"line":118,"column":34}},"loc":{"start":{"line":118,"column":81},"end":{"line":180,"column":5}},"line":118},"7":{"name":"(anonymous_7)","decl":{"start":{"line":132,"column":41},"end":{"line":132,"column":42}},"loc":{"start":{"line":132,"column":46},"end":{"line":132,"column":87}},"line":132},"8":{"name":"(anonymous_8)","decl":{"start":{"line":183,"column":29},"end":{"line":183,"column":30}},"loc":{"start":{"line":183,"column":61},"end":{"line":275,"column":5}},"line":183},"9":{"name":"(anonymous_9)","decl":{"start":{"line":197,"column":41},"end":{"line":197,"column":42}},"loc":{"start":{"line":197,"column":46},"end":{"line":197,"column":87}},"line":197},"10":{"name":"(anonymous_10)","decl":{"start":{"line":248,"column":31},"end":{"line":248,"column":32}},"loc":{"start":{"line":248,"column":36},"end":{"line":248,"column":51}},"line":248},"11":{"name":"(anonymous_11)","decl":{"start":{"line":278,"column":26},"end":{"line":278,"column":27}},"loc":{"start":{"line":278,"column":63},"end":{"line":352,"column":5}},"line":278},"12":{"name":"(anonymous_12)","decl":{"start":{"line":292,"column":41},"end":{"line":292,"column":42}},"loc":{"start":{"line":292,"column":46},"end":{"line":292,"column":87}},"line":292},"13":{"name":"(anonymous_13)","decl":{"start":{"line":316,"column":43},"end":{"line":316,"column":44}},"loc":{"start":{"line":316,"column":55},"end":{"line":316,"column":92}},"line":316},"14":{"name":"(anonymous_14)","decl":{"start":{"line":330,"column":46},"end":{"line":330,"column":47}},"loc":{"start":{"line":330,"column":51},"end":{"line":330,"column":61}},"line":330},"15":{"name":"(anonymous_15)","decl":{"start":{"line":355,"column":26},"end":{"line":355,"column":27}},"loc":{"start":{"line":355,"column":64},"end":{"line":427,"column":5}},"line":355},"16":{"name":"(anonymous_16)","decl":{"start":{"line":364,"column":41},"end":{"line":364,"column":42}},"loc":{"start":{"line":364,"column":46},"end":{"line":364,"column":87}},"line":364},"17":{"name":"(anonymous_17)","decl":{"start":{"line":388,"column":41},"end":{"line":388,"column":42}},"loc":{"start":{"line":388,"column":46},"end":{"line":388,"column":56}},"line":388},"18":{"name":"(anonymous_18)","decl":{"start":{"line":402,"column":21},"end":{"line":402,"column":22}},"loc":{"start":{"line":402,"column":33},"end":{"line":415,"column":11}},"line":402},"19":{"name":"(anonymous_19)","decl":{"start":{"line":429,"column":28},"end":{"line":429,"column":29}},"loc":{"start":{"line":429,"column":34},"end":{"line":431,"column":5}},"line":429},"20":{"name":"generateRoomCode","decl":{"start":{"line":436,"column":9},"end":{"line":436,"column":25}},"loc":{"start":{"line":436,"column":28},"end":{"line":438,"column":1}},"line":436},"21":{"name":"startGame","decl":{"start":{"line":440,"column":15},"end":{"line":440,"column":24}},"loc":{"start":{"line":440,"column":39},"end":{"line":475,"column":1}},"line":440},"22":{"name":"endRound","decl":{"start":{"line":477,"column":15},"end":{"line":477,"column":23}},"loc":{"start":{"line":477,"column":44},"end":{"line":550,"column":1}},"line":477},"23":{"name":"(anonymous_23)","decl":{"start":{"line":479,"column":23},"end":{"line":479,"column":24}},"loc":{"start":{"line":479,"column":40},"end":{"line":514,"column":3}},"line":479},"24":{"name":"(anonymous_24)","decl":{"start":{"line":486,"column":38},"end":{"line":486,"column":39}},"loc":{"start":{"line":486,"column":50},"end":{"line":486,"column":87}},"line":486},"25":{"name":"(anonymous_25)","decl":{"start":{"line":508,"column":43},"end":{"line":508,"column":44}},"loc":{"start":{"line":508,"column":48},"end":{"line":508,"column":66}},"line":508},"26":{"name":"(anonymous_26)","decl":{"start":{"line":526,"column":25},"end":{"line":526,"column":26}},"loc":{"start":{"line":526,"column":30},"end":{"line":526,"column":45}},"line":526},"27":{"name":"advanceAuctionTurn","decl":{"start":{"line":552,"column":15},"end":{"line":552,"column":33}},"loc":{"start":{"line":552,"column":54},"end":{"line":608,"column":1}},"line":552},"28":{"name":"(anonymous_28)","decl":{"start":{"line":556,"column":37},"end":{"line":556,"column":38}},"loc":{"start":{"line":556,"column":44},"end":{"line":556,"column":77}},"line":556}},"branchMap":{"0":{"loc":{"start":{"line":45,"column":19},"end":{"line":45,"column":80}},"type":"binary-expr","locations":[{"start":{"line":45,"column":19},"end":{"line":45,"column":44}},{"start":{"line":45,"column":48},"end":{"line":45,"column":80}}],"line":45},"1":{"loc":{"start":{"line":47,"column":8},"end":{"line":50,"column":9}},"type":"if","locations":[{"start":{"line":47,"column":8},"end":{"line":50,"column":9}},{"start":{},"end":{}}],"line":47},"2":{"loc":{"start":{"line":54,"column":8},"end":{"line":58,"column":9}},"type":"if","locations":[{"start":{"line":54,"column":8},"end":{"line":58,"column":9}},{"start":{},"end":{}}],"line":54},"3":{"loc":{"start":{"line":60,"column":8},"end":{"line":63,"column":9}},"type":"if","locations":[{"start":{"line":60,"column":8},"end":{"line":63,"column":9}},{"start":{},"end":{}}],"line":60},"4":{"loc":{"start":{"line":65,"column":8},"end":{"line":68,"column":9}},"type":"if","locations":[{"start":{"line":65,"column":8},"end":{"line":68,"column":9}},{"start":{},"end":{}}],"line":65},"5":{"loc":{"start":{"line":99,"column":8},"end":{"line":101,"column":9}},"type":"if","locations":[{"start":{"line":99,"column":8},"end":{"line":101,"column":9}},{"start":{},"end":{}}],"line":99},"6":{"loc":{"start":{"line":120,"column":21},"end":{"line":120,"column":82}},"type":"binary-expr","locations":[{"start":{"line":120,"column":21},"end":{"line":120,"column":46}},{"start":{"line":120,"column":50},"end":{"line":120,"column":82}}],"line":120},"7":{"loc":{"start":{"line":122,"column":8},"end":{"line":125,"column":9}},"type":"if","locations":[{"start":{"line":122,"column":8},"end":{"line":125,"column":9}},{"start":{},"end":{}}],"line":122},"8":{"loc":{"start":{"line":127,"column":8},"end":{"line":130,"column":9}},"type":"if","locations":[{"start":{"line":127,"column":8},"end":{"line":130,"column":9}},{"start":{},"end":{}}],"line":127},"9":{"loc":{"start":{"line":133,"column":8},"end":{"line":136,"column":9}},"type":"if","locations":[{"start":{"line":133,"column":8},"end":{"line":136,"column":9}},{"start":{},"end":{}}],"line":133},"10":{"loc":{"start":{"line":138,"column":8},"end":{"line":141,"column":9}},"type":"if","locations":[{"start":{"line":138,"column":8},"end":{"line":141,"column":9}},{"start":{},"end":{}}],"line":138},"11":{"loc":{"start":{"line":143,"column":8},"end":{"line":146,"column":9}},"type":"if","locations":[{"start":{"line":143,"column":8},"end":{"line":146,"column":9}},{"start":{},"end":{}}],"line":143},"12":{"loc":{"start":{"line":152,"column":8},"end":{"line":160,"column":9}},"type":"if","locations":[{"start":{"line":152,"column":8},"end":{"line":160,"column":9}},{"start":{},"end":{}}],"line":152},"13":{"loc":{"start":{"line":155,"column":10},"end":{"line":157,"column":11}},"type":"if","locations":[{"start":{"line":155,"column":10},"end":{"line":157,"column":11}},{"start":{},"end":{}}],"line":155},"14":{"loc":{"start":{"line":185,"column":21},"end":{"line":185,"column":82}},"type":"binary-expr","locations":[{"start":{"line":185,"column":21},"end":{"line":185,"column":46}},{"start":{"line":185,"column":50},"end":{"line":185,"column":82}}],"line":185},"15":{"loc":{"start":{"line":187,"column":8},"end":{"line":190,"column":9}},"type":"if","locations":[{"start":{"line":187,"column":8},"end":{"line":190,"column":9}},{"start":{},"end":{}}],"line":187},"16":{"loc":{"start":{"line":192,"column":8},"end":{"line":195,"column":9}},"type":"if","locations":[{"start":{"line":192,"column":8},"end":{"line":195,"column":9}},{"start":{},"end":{}}],"line":192},"17":{"loc":{"start":{"line":198,"column":8},"end":{"line":201,"column":9}},"type":"if","locations":[{"start":{"line":198,"column":8},"end":{"line":201,"column":9}},{"start":{},"end":{}}],"line":198},"18":{"loc":{"start":{"line":203,"column":8},"end":{"line":206,"column":9}},"type":"if","locations":[{"start":{"line":203,"column":8},"end":{"line":206,"column":9}},{"start":{},"end":{}}],"line":203},"19":{"loc":{"start":{"line":209,"column":8},"end":{"line":231,"column":9}},"type":"if","locations":[{"start":{"line":209,"column":8},"end":{"line":231,"column":9}},{"start":{},"end":{}}],"line":209},"20":{"loc":{"start":{"line":209,"column":12},"end":{"line":209,"column":76}},"type":"binary-expr","locations":[{"start":{"line":209,"column":12},"end":{"line":209,"column":34}},{"start":{"line":209,"column":38},"end":{"line":209,"column":76}}],"line":209},"21":{"loc":{"start":{"line":214,"column":10},"end":{"line":216,"column":11}},"type":"if","locations":[{"start":{"line":214,"column":10},"end":{"line":216,"column":11}},{"start":{},"end":{}}],"line":214},"22":{"loc":{"start":{"line":215,"column":29},"end":{"line":215,"column":102}},"type":"cond-expr","locations":[{"start":{"line":215,"column":68},"end":{"line":215,"column":72}},{"start":{"line":215,"column":75},"end":{"line":215,"column":102}}],"line":215},"23":{"loc":{"start":{"line":223,"column":24},"end":{"line":223,"column":64}},"type":"cond-expr","locations":[{"start":{"line":223,"column":59},"end":{"line":223,"column":60}},{"start":{"line":223,"column":63},"end":{"line":223,"column":64}}],"line":223},"24":{"loc":{"start":{"line":233,"column":8},"end":{"line":236,"column":9}},"type":"if","locations":[{"start":{"line":233,"column":8},"end":{"line":236,"column":9}},{"start":{},"end":{}}],"line":233},"25":{"loc":{"start":{"line":245,"column":8},"end":{"line":267,"column":9}},"type":"if","locations":[{"start":{"line":245,"column":8},"end":{"line":267,"column":9}},{"start":{},"end":{}}],"line":245},"26":{"loc":{"start":{"line":280,"column":21},"end":{"line":280,"column":82}},"type":"binary-expr","locations":[{"start":{"line":280,"column":21},"end":{"line":280,"column":46}},{"start":{"line":280,"column":50},"end":{"line":280,"column":82}}],"line":280},"27":{"loc":{"start":{"line":282,"column":8},"end":{"line":285,"column":9}},"type":"if","locations":[{"start":{"line":282,"column":8},"end":{"line":285,"column":9}},{"start":{},"end":{}}],"line":282},"28":{"loc":{"start":{"line":287,"column":8},"end":{"line":290,"column":9}},"type":"if","locations":[{"start":{"line":287,"column":8},"end":{"line":290,"column":9}},{"start":{},"end":{}}],"line":287},"29":{"loc":{"start":{"line":293,"column":8},"end":{"line":296,"column":9}},"type":"if","locations":[{"start":{"line":293,"column":8},"end":{"line":296,"column":9}},{"start":{},"end":{}}],"line":293},"30":{"loc":{"start":{"line":298,"column":8},"end":{"line":301,"column":9}},"type":"if","locations":[{"start":{"line":298,"column":8},"end":{"line":301,"column":9}},{"start":{},"end":{}}],"line":298},"31":{"loc":{"start":{"line":308,"column":8},"end":{"line":311,"column":9}},"type":"if","locations":[{"start":{"line":308,"column":8},"end":{"line":311,"column":9}},{"start":{},"end":{}}],"line":308},"32":{"loc":{"start":{"line":308,"column":12},"end":{"line":308,"column":58}},"type":"binary-expr","locations":[{"start":{"line":308,"column":12},"end":{"line":308,"column":22}},{"start":{"line":308,"column":26},"end":{"line":308,"column":33}},{"start":{"line":308,"column":37},"end":{"line":308,"column":58}}],"line":308},"33":{"loc":{"start":{"line":315,"column":8},"end":{"line":321,"column":9}},"type":"if","locations":[{"start":{"line":315,"column":8},"end":{"line":321,"column":9}},{"start":{},"end":{}}],"line":315},"34":{"loc":{"start":{"line":316,"column":62},"end":{"line":316,"column":91}},"type":"cond-expr","locations":[{"start":{"line":316,"column":86},"end":{"line":316,"column":87}},{"start":{"line":316,"column":90},"end":{"line":316,"column":91}}],"line":316},"35":{"loc":{"start":{"line":317,"column":10},"end":{"line":320,"column":11}},"type":"if","locations":[{"start":{"line":317,"column":10},"end":{"line":320,"column":11}},{"start":{},"end":{}}],"line":317},"36":{"loc":{"start":{"line":331,"column":8},"end":{"line":347,"column":9}},"type":"if","locations":[{"start":{"line":331,"column":8},"end":{"line":347,"column":9}},{"start":{"line":341,"column":15},"end":{"line":347,"column":9}}],"line":331},"37":{"loc":{"start":{"line":357,"column":21},"end":{"line":357,"column":82}},"type":"binary-expr","locations":[{"start":{"line":357,"column":21},"end":{"line":357,"column":46}},{"start":{"line":357,"column":50},"end":{"line":357,"column":82}}],"line":357},"38":{"loc":{"start":{"line":359,"column":8},"end":{"line":362,"column":9}},"type":"if","locations":[{"start":{"line":359,"column":8},"end":{"line":362,"column":9}},{"start":{},"end":{}}],"line":359},"39":{"loc":{"start":{"line":365,"column":8},"end":{"line":368,"column":9}},"type":"if","locations":[{"start":{"line":365,"column":8},"end":{"line":368,"column":9}},{"start":{},"end":{}}],"line":365},"40":{"loc":{"start":{"line":370,"column":8},"end":{"line":373,"column":9}},"type":"if","locations":[{"start":{"line":370,"column":8},"end":{"line":373,"column":9}},{"start":{},"end":{}}],"line":370},"41":{"loc":{"start":{"line":376,"column":8},"end":{"line":379,"column":9}},"type":"if","locations":[{"start":{"line":376,"column":8},"end":{"line":379,"column":9}},{"start":{},"end":{}}],"line":376},"42":{"loc":{"start":{"line":382,"column":8},"end":{"line":384,"column":9}},"type":"if","locations":[{"start":{"line":382,"column":8},"end":{"line":384,"column":9}},{"start":{},"end":{}}],"line":382},"43":{"loc":{"start":{"line":391,"column":8},"end":{"line":422,"column":9}},"type":"if","locations":[{"start":{"line":391,"column":8},"end":{"line":422,"column":9}},{"start":{"line":416,"column":15},"end":{"line":422,"column":9}}],"line":391},"44":{"loc":{"start":{"line":408,"column":12},"end":{"line":414,"column":13}},"type":"if","locations":[{"start":{"line":408,"column":12},"end":{"line":414,"column":13}},{"start":{"line":410,"column":19},"end":{"line":414,"column":13}}],"line":408},"45":{"loc":{"start":{"line":442,"column":17},"end":{"line":442,"column":78}},"type":"binary-expr","locations":[{"start":{"line":442,"column":17},"end":{"line":442,"column":42}},{"start":{"line":442,"column":46},"end":{"line":442,"column":78}}],"line":442},"46":{"loc":{"start":{"line":445,"column":4},"end":{"line":447,"column":5}},"type":"if","locations":[{"start":{"line":445,"column":4},"end":{"line":447,"column":5}},{"start":{},"end":{}}],"line":445},"47":{"loc":{"start":{"line":485,"column":4},"end":{"line":506,"column":5}},"type":"if","locations":[{"start":{"line":485,"column":4},"end":{"line":506,"column":5}},{"start":{"line":499,"column":11},"end":{"line":506,"column":5}}],"line":485},"48":{"loc":{"start":{"line":486,"column":57},"end":{"line":486,"column":86}},"type":"cond-expr","locations":[{"start":{"line":486,"column":81},"end":{"line":486,"column":82}},{"start":{"line":486,"column":85},"end":{"line":486,"column":86}}],"line":486},"49":{"loc":{"start":{"line":488,"column":6},"end":{"line":498,"column":7}},"type":"if","locations":[{"start":{"line":488,"column":6},"end":{"line":498,"column":7}},{"start":{"line":491,"column":13},"end":{"line":498,"column":7}}],"line":488},"50":{"loc":{"start":{"line":490,"column":21},"end":{"line":490,"column":42}},"type":"cond-expr","locations":[{"start":{"line":490,"column":35},"end":{"line":490,"column":37}},{"start":{"line":490,"column":40},"end":{"line":490,"column":42}}],"line":490},"51":{"loc":{"start":{"line":493,"column":8},"end":{"line":497,"column":9}},"type":"if","locations":[{"start":{"line":493,"column":8},"end":{"line":497,"column":9}},{"start":{"line":495,"column":15},"end":{"line":497,"column":9}}],"line":493},"52":{"loc":{"start":{"line":499,"column":11},"end":{"line":506,"column":5}},"type":"if","locations":[{"start":{"line":499,"column":11},"end":{"line":506,"column":5}},{"start":{"line":502,"column":11},"end":{"line":506,"column":5}}],"line":499},"53":{"loc":{"start":{"line":509,"column":4},"end":{"line":513,"column":5}},"type":"if","locations":[{"start":{"line":509,"column":4},"end":{"line":513,"column":5}},{"start":{"line":511,"column":11},"end":{"line":513,"column":5}}],"line":509},"54":{"loc":{"start":{"line":519,"column":2},"end":{"line":549,"column":3}},"type":"if","locations":[{"start":{"line":519,"column":2},"end":{"line":549,"column":3}},{"start":{"line":523,"column":9},"end":{"line":549,"column":3}}],"line":519},"55":{"loc":{"start":{"line":543,"column":18},"end":{"line":543,"column":58}},"type":"cond-expr","locations":[{"start":{"line":543,"column":53},"end":{"line":543,"column":54}},{"start":{"line":543,"column":57},"end":{"line":543,"column":58}}],"line":543},"56":{"loc":{"start":{"line":554,"column":2},"end":{"line":568,"column":3}},"type":"if","locations":[{"start":{"line":554,"column":2},"end":{"line":568,"column":3}},{"start":{},"end":{}}],"line":554},"57":{"loc":{"start":{"line":560,"column":4},"end":{"line":567,"column":5}},"type":"if","locations":[{"start":{"line":560,"column":4},"end":{"line":567,"column":5}},{"start":{},"end":{}}],"line":560},"58":{"loc":{"start":{"line":574,"column":9},"end":{"line":574,"column":61}},"type":"binary-expr","locations":[{"start":{"line":574,"column":9},"end":{"line":574,"column":48}},{"start":{"line":574,"column":52},"end":{"line":574,"column":61}}],"line":574},"59":{"loc":{"start":{"line":580,"column":2},"end":{"line":601,"column":3}},"type":"if","locations":[{"start":{"line":580,"column":2},"end":{"line":601,"column":3}},{"start":{},"end":{}}],"line":580},"60":{"loc":{"start":{"line":580,"column":6},"end":{"line":580,"column":63}},"type":"binary-expr","locations":[{"start":{"line":580,"column":6},"end":{"line":580,"column":37}},{"start":{"line":580,"column":41},"end":{"line":580,"column":63}}],"line":580},"61":{"loc":{"start":{"line":584,"column":4},"end":{"line":586,"column":5}},"type":"if","locations":[{"start":{"line":584,"column":4},"end":{"line":586,"column":5}},{"start":{},"end":{}}],"line":584},"62":{"loc":{"start":{"line":585,"column":23},"end":{"line":585,"column":96}},"type":"cond-expr","locations":[{"start":{"line":585,"column":62},"end":{"line":585,"column":66}},{"start":{"line":585,"column":69},"end":{"line":585,"column":96}}],"line":585},"63":{"loc":{"start":{"line":593,"column":18},"end":{"line":593,"column":58}},"type":"cond-expr","locations":[{"start":{"line":593,"column":53},"end":{"line":593,"column":54}},{"start":{"line":593,"column":57},"end":{"line":593,"column":58}}],"line":593}},"s":{"0":0,"1":0,"2":0,"3":0,"4":0,"5":0,"6":0,"7":0,"8":0,"9":0,"10":0,"11":0,"12":0,"13":0,"14":0,"15":0,"16":0,"17":0,"18":0,"19":0,"20":0,"21":0,"22":0,"23":0,"24":0,"25":0,"26":0,"27":0,"28":0,"29":0,"30":0,"31":0,"32":0,"33":0,"34":0,"35":0,"36":0,"37":0,"38":0,"39":0,"40":0,"41":0,"42":0,"43":0,"44":0,"45":0,"46":0,"47":0,"48":0,"49":0,"50":0,"51":0,"52":0,"53":0,"54":0,"55":0,"56":0,"57":0,"58":0,"59":0,"60":0,"61":0,"62":0,"63":0,"64":0,"65":0,"66":0,"67":0,"68":0,"69":0,"70":0,"71":0,"72":0,"73":0,"74":0,"75":0,"76":0,"77":0,"78":0,"79":0,"80":0,"81":0,"82":0,"83":0,"84":0,"85":0,"86":0,"87":0,"88":0,"89":0,"90":0,"91":0,"92":0,"93":0,"94":0,"95":0,"96":0,"97":0,"98":0,"99":0,"100":0,"101":0,"102":0,"103":0,"104":0,"105":0,"106":0,"107":0,"108":0,"109":0,"110":0,"111":0,"112":0,"113":0,"114":0,"115":0,"116":0,"117":0,"118":0,"119":0,"120":0,"121":0,"122":0,"123":0,"124":0,"125":0,"126":0,"127":0,"128":0,"129":0,"130":0,"131":0,"132":0,"133":0,"134":0,"135":0,"136":0,"137":0,"138":0,"139":0,"140":0,"141":0,"142":0,"143":0,"144":0,"145":0,"146":0,"147":0,"148":0,"149":0,"150":0,"151":0,"152":0,"153":0,"154":0,"155":0,"156":0,"157":0,"158":0,"159":0,"160":0,"161":0,"162":0,"163":0,"164":0,"165":0,"166":0,"167":0,"168":0,"169":0,"170":0,"171":0,"172":0,"173":0,"174":0,"175":0,"176":0,"177":0,"178":0,"179":0,"180":0,"181":0,"182":0,"183":0,"184":0,"185":0,"186":0,"187":0,"188":0,"189":0,"190":0,"191":0,"192":0,"193":0,"194":0,"195":0,"196":0,"197":0,"198":0,"199":0,"200":0,"201":0,"202":0,"203":0,"204":0,"205":0,"206":0,"207":0,"208":0,"209":0,"210":0,"211":0,"212":0,"213":0,"214":0,"215":0,"216":0,"217":0,"218":0,"219":0,"220":0,"221":0,"222":0,"223":0,"224":0,"225":0,"226":0,"227":0,"228":0,"229":0,"230":0,"231":0,"232":0,"233":0,"234":0,"235":0,"236":0,"237":0,"238":0,"239":0,"240":0,"241":0,"242":0,"243":0,"244":0,"245":0,"246":0,"247":0,"248":0,"249":0,"250":0,"251":0,"252":0,"253":0,"254":0,"255":0,"256":0,"257":0,"258":0,"259":0,"260":0,"261":0,"262":0,"263":0,"264":0,"265":0,"266":0,"267":0,"268":0,"269":0,"270":0,"271":0,"272":0,"273":0,"274":0,"275":0,"276":0,"277":0,"278":0,"279":0,"280":0,"281":0,"282":0,"283":0,"284":0,"285":0,"286":0,"287":0,"288":0,"289":0,"290":0,"291":0,"292":0,"293":0,"294":0,"295":0,"296":0,"297":0,"298":0,"299":0,"300":0,"301":0,"302":0,"303":0,"304":0,"305":0,"306":0,"307":0,"308":0,"309":0,"310":0,"311":0,"312":0,"313":0,"314":0,"315":0,"316":0,"317":0,"318":0,"319":0,"320":0,"321":0,"322":0,"323":0,"324":0,"325":0,"326":0,"327":0,"328":0,"329":0,"330":0,"331":0},"f":{"0":0,"1":0,"2":0,"3":0,"4":0,"5":0,"6":0,"7":0,"8":0,"9":0,"10":0,"11":0,"12":0,"13":0,"14":0,"15":0,"16":0,"17":0,"18":0,"19":0,"20":0,"21":0,"22":0,"23":0,"24":0,"25":0,"26":0,"27":0,"28":0},"b":{"0":[0,0],"1":[0,0],"2":[0,0],"3":[0,0],"4":[0,0],"5":[0,0],"6":[0,0],"7":[0,0],"8":[0,0],"9":[0,0],"10":[0,0],"11":[0,0],"12":[0,0],"13":[0,0],"14":[0,0],"15":[0,0],"16":[0,0],"17":[0,0],"18":[0,0],"19":[0,0],"20":[0,0],"21":[0,0],"22":[0,0],"23":[0,0],"24":[0,0],"25":[0,0],"26":[0,0],"27":[0,0],"28":[0,0],"29":[0,0],"30":[0,0],"31":[0,0],"32":[0,0,0],"33":[0,0],"34":[0,0],"35":[0,0],"36":[0,0],"37":[0,0],"38":[0,0],"39":[0,0],"40":[0,0],"41":[0,0],"42":[0,0],"43":[0,0],"44":[0,0],"45":[0,0],"46":[0,0],"47":[0,0],"48":[0,0],"49":[0,0],"50":[0,0],"51":[0,0],"52":[0,0],"53":[0,0],"54":[0,0],"55":[0,0],"56":[0,0],"57":[0,0],"58":[0,0],"59":[0,0],"60":[0,0],"61":[0,0],"62":[0,0],"63":[0,0]}}
,"E:\\web apps\\full stack\\whist\\utils\\gameLogic.js": {"path":"E:\\web apps\\full stack\\whist\\utils\\gameLogic.js","statementMap":{"0":{"start":{"line":5,"column":16},"end":{"line":5,"column":36}},"1":{"start":{"line":6,"column":16},"end":{"line":6,"column":82}},"2":{"start":{"line":7,"column":15},"end":{"line":7,"column":17}},"3":{"start":{"line":9,"column":2},"end":{"line":13,"column":3}},"4":{"start":{"line":10,"column":4},"end":{"line":12,"column":5}},"5":{"start":{"line":11,"column":6},"end":{"line":11,"column":29}},"6":{"start":{"line":15,"column":2},"end":{"line":15,"column":14}},"7":{"start":{"line":20,"column":19},"end":{"line":20,"column":28}},"8":{"start":{"line":21,"column":2},"end":{"line":24,"column":3}},"9":{"start":{"line":21,"column":15},"end":{"line":21,"column":34}},"10":{"start":{"line":22,"column":14},"end":{"line":22,"column":49}},"11":{"start":{"line":23,"column":4},"end":{"line":23,"column":60}},"12":{"start":{"line":25,"column":2},"end":{"line":25,"column":18}},"13":{"start":{"line":31,"column":15},"end":{"line":31,"column":42}},"14":{"start":{"line":32,"column":27},"end":{"line":32,"column":29}},"15":{"start":{"line":33,"column":2},"end":{"line":38,"column":4}},"16":{"start":{"line":43,"column":15},"end":{"line":43,"column":32}},"17":{"start":{"line":44,"column":17},"end":{"line":44,"column":55}},"18":{"start":{"line":45,"column":2},"end":{"line":45,"column":40}},"19":{"start":{"line":50,"column":2},"end":{"line":50,"column":24}},"20":{"start":{"line":55,"column":20},"end":{"line":55,"column":28}},"21":{"start":{"line":57,"column":2},"end":{"line":79,"column":3}},"22":{"start":{"line":57,"column":15},"end":{"line":57,"column":16}},"23":{"start":{"line":58,"column":24},"end":{"line":58,"column":37}},"24":{"start":{"line":59,"column":24},"end":{"line":59,"column":40}},"25":{"start":{"line":60,"column":24},"end":{"line":60,"column":48}},"26":{"start":{"line":61,"column":24},"end":{"line":61,"column":48}},"27":{"start":{"line":64,"column":4},"end":{"line":78,"column":5}},"28":{"start":{"line":65,"column":6},"end":{"line":65,"column":29}},"29":{"start":{"line":68,"column":9},"end":{"line":78,"column":5}},"30":{"start":{"line":69,"column":6},"end":{"line":71,"column":7}},"31":{"start":{"line":70,"column":8},"end":{"line":70,"column":31}},"32":{"start":{"line":74,"column":9},"end":{"line":78,"column":5}},"33":{"start":{"line":75,"column":6},"end":{"line":77,"column":7}},"34":{"start":{"line":76,"column":8},"end":{"line":76,"column":31}},"35":{"start":{"line":81,"column":2},"end":{"line":81,"column":30}},"36":{"start":{"line":87,"column":2},"end":{"line":89,"column":3}},"37":{"start":{"line":88,"column":4},"end":{"line":88,"column":31}},"38":{"start":{"line":91,"column":19},"end":{"line":91,"column":36}},"39":{"start":{"line":94,"column":22},"end":{"line":94,"column":65}},"40":{"start":{"line":94,"column":37},"end":{"line":94,"column":64}},"41":{"start":{"line":96,"column":2},"end":{"line":98,"column":3}},"42":{"start":{"line":97,"column":4},"end":{"line":97,"column":17}},"43":{"start":{"line":100,"column":2},"end":{"line":100,"column":29}},"44":{"start":{"line":105,"column":20},"end":{"line":105,"column":54}},"45":{"start":{"line":107,"column":2},"end":{"line":116,"column":5}},"46":{"start":{"line":108,"column":18},"end":{"line":108,"column":32}},"47":{"start":{"line":109,"column":18},"end":{"line":109,"column":32}},"48":{"start":{"line":111,"column":4},"end":{"line":113,"column":5}},"49":{"start":{"line":112,"column":6},"end":{"line":112,"column":49}},"50":{"start":{"line":115,"column":4},"end":{"line":115,"column":45}},"51":{"start":{"line":122,"column":16},"end":{"line":122,"column":59}},"52":{"start":{"line":123,"column":2},"end":{"line":123,"column":54}},"53":{"start":{"line":128,"column":2},"end":{"line":128,"column":46}},"54":{"start":{"line":128,"column":37},"end":{"line":128,"column":46}},"55":{"start":{"line":129,"column":2},"end":{"line":129,"column":47}},"56":{"start":{"line":129,"column":37},"end":{"line":129,"column":47}},"57":{"start":{"line":131,"column":20},"end":{"line":131,"column":49}},"58":{"start":{"line":132,"column":20},"end":{"line":132,"column":49}},"59":{"start":{"line":134,"column":2},"end":{"line":134,"column":38}},"60":{"start":{"line":134,"column":29},"end":{"line":134,"column":38}},"61":{"start":{"line":135,"column":2},"end":{"line":135,"column":39}},"62":{"start":{"line":135,"column":29},"end":{"line":135,"column":39}},"63":{"start":{"line":136,"column":2},"end":{"line":136,"column":11}},"64":{"start":{"line":141,"column":22},"end":{"line":141,"column":49}},"65":{"start":{"line":142,"column":2},"end":{"line":144,"column":3}},"66":{"start":{"line":143,"column":4},"end":{"line":143,"column":17}},"67":{"start":{"line":146,"column":2},"end":{"line":148,"column":3}},"68":{"start":{"line":147,"column":4},"end":{"line":147,"column":17}},"69":{"start":{"line":150,"column":2},"end":{"line":150,"column":14}},"70":{"start":{"line":155,"column":19},"end":{"line":155,"column":20}},"71":{"start":{"line":158,"column":2},"end":{"line":177,"column":3}},"72":{"start":{"line":159,"column":4},"end":{"line":169,"column":5}},"73":{"start":{"line":161,"column":6},"end":{"line":161,"column":41}},"74":{"start":{"line":164,"column":6},"end":{"line":168,"column":7}},"75":{"start":{"line":165,"column":8},"end":{"line":165,"column":48}},"76":{"start":{"line":167,"column":8},"end":{"line":167,"column":48}},"77":{"start":{"line":170,"column":9},"end":{"line":177,"column":3}},"78":{"start":{"line":172,"column":4},"end":{"line":172,"column":46}},"79":{"start":{"line":175,"column":16},"end":{"line":175,"column":41}},"80":{"start":{"line":176,"column":4},"end":{"line":176,"column":27}},"81":{"start":{"line":179,"column":2},"end":{"line":179,"column":20}},"82":{"start":{"line":182,"column":0},"end":{"line":195,"column":2}}},"fnMap":{"0":{"name":"generateDeck","decl":{"start":{"line":4,"column":9},"end":{"line":4,"column":21}},"loc":{"start":{"line":4,"column":24},"end":{"line":16,"column":1}},"line":4},"1":{"name":"shuffleDeck","decl":{"start":{"line":19,"column":9},"end":{"line":19,"column":20}},"loc":{"start":{"line":19,"column":27},"end":{"line":26,"column":1}},"line":19},"2":{"name":"dealCards","decl":{"start":{"line":30,"column":9},"end":{"line":30,"column":18}},"loc":{"start":{"line":30,"column":21},"end":{"line":39,"column":1}},"line":30},"3":{"name":"getCardValue","decl":{"start":{"line":42,"column":9},"end":{"line":42,"column":21}},"loc":{"start":{"line":42,"column":28},"end":{"line":46,"column":1}},"line":42},"4":{"name":"getCardSuit","decl":{"start":{"line":49,"column":9},"end":{"line":49,"column":20}},"loc":{"start":{"line":49,"column":27},"end":{"line":51,"column":1}},"line":49},"5":{"name":"determineTrickWinner","decl":{"start":{"line":54,"column":9},"end":{"line":54,"column":29}},"loc":{"start":{"line":54,"column":58},"end":{"line":82,"column":1}},"line":54},"6":{"name":"isValidPlay","decl":{"start":{"line":85,"column":9},"end":{"line":85,"column":20}},"loc":{"start":{"line":85,"column":57},"end":{"line":101,"column":1}},"line":85},"7":{"name":"(anonymous_7)","decl":{"start":{"line":94,"column":32},"end":{"line":94,"column":33}},"loc":{"start":{"line":94,"column":37},"end":{"line":94,"column":64}},"line":94},"8":{"name":"sortHand","decl":{"start":{"line":104,"column":9},"end":{"line":104,"column":17}},"loc":{"start":{"line":104,"column":24},"end":{"line":117,"column":1}},"line":104},"9":{"name":"(anonymous_9)","decl":{"start":{"line":107,"column":19},"end":{"line":107,"column":20}},"loc":{"start":{"line":107,"column":29},"end":{"line":116,"column":3}},"line":107},"10":{"name":"getAuctionSuitRank","decl":{"start":{"line":120,"column":9},"end":{"line":120,"column":27}},"loc":{"start":{"line":120,"column":34},"end":{"line":124,"column":1}},"line":120},"11":{"name":"compareAuctionBids","decl":{"start":{"line":127,"column":9},"end":{"line":127,"column":27}},"loc":{"start":{"line":127,"column":40},"end":{"line":137,"column":1}},"line":127},"12":{"name":"isValidAuctionBid","decl":{"start":{"line":140,"column":9},"end":{"line":140,"column":26}},"loc":{"start":{"line":140,"column":56},"end":{"line":151,"column":1}},"line":140},"13":{"name":"calculateRoundScore","decl":{"start":{"line":154,"column":9},"end":{"line":154,"column":28}},"loc":{"start":{"line":154,"column":53},"end":{"line":180,"column":1}},"line":154}},"branchMap":{"0":{"loc":{"start":{"line":45,"column":9},"end":{"line":45,"column":39}},"type":"binary-expr","locations":[{"start":{"line":45,"column":9},"end":{"line":45,"column":21}},{"start":{"line":45,"column":25},"end":{"line":45,"column":39}}],"line":45},"1":{"loc":{"start":{"line":64,"column":4},"end":{"line":78,"column":5}},"type":"if","locations":[{"start":{"line":64,"column":4},"end":{"line":78,"column":5}},{"start":{"line":68,"column":9},"end":{"line":78,"column":5}}],"line":64},"2":{"loc":{"start":{"line":64,"column":8},"end":{"line":64,"column":62}},"type":"binary-expr","locations":[{"start":{"line":64,"column":8},"end":{"line":64,"column":33}},{"start":{"line":64,"column":37},"end":{"line":64,"column":62}}],"line":64},"3":{"loc":{"start":{"line":68,"column":9},"end":{"line":78,"column":5}},"type":"if","locations":[{"start":{"line":68,"column":9},"end":{"line":78,"column":5}},{"start":{"line":74,"column":9},"end":{"line":78,"column":5}}],"line":68},"4":{"loc":{"start":{"line":68,"column":13},"end":{"line":68,"column":67}},"type":"binary-expr","locations":[{"start":{"line":68,"column":13},"end":{"line":68,"column":38}},{"start":{"line":68,"column":42},"end":{"line":68,"column":67}}],"line":68},"5":{"loc":{"start":{"line":69,"column":6},"end":{"line":71,"column":7}},"type":"if","locations":[{"start":{"line":69,"column":6},"end":{"line":71,"column":7}},{"start":{},"end":{}}],"line":69},"6":{"loc":{"start":{"line":74,"column":9},"end":{"line":78,"column":5}},"type":"if","locations":[{"start":{"line":74,"column":9},"end":{"line":78,"column":5}},{"start":{},"end":{}}],"line":74},"7":{"loc":{"start":{"line":74,"column":13},"end":{"line":74,"column":66}},"type":"binary-expr","locations":[{"start":{"line":74,"column":13},"end":{"line":74,"column":37}},{"start":{"line":74,"column":41},"end":{"line":74,"column":66}}],"line":74},"8":{"loc":{"start":{"line":75,"column":6},"end":{"line":77,"column":7}},"type":"if","locations":[{"start":{"line":75,"column":6},"end":{"line":77,"column":7}},{"start":{},"end":{}}],"line":75},"9":{"loc":{"start":{"line":75,"column":10},"end":{"line":75,"column":91}},"type":"binary-expr","locations":[{"start":{"line":75,"column":10},"end":{"line":75,"column":34}},{"start":{"line":75,"column":38},"end":{"line":75,"column":91}}],"line":75},"10":{"loc":{"start":{"line":87,"column":2},"end":{"line":89,"column":3}},"type":"if","locations":[{"start":{"line":87,"column":2},"end":{"line":89,"column":3}},{"start":{},"end":{}}],"line":87},"11":{"loc":{"start":{"line":96,"column":2},"end":{"line":98,"column":3}},"type":"if","locations":[{"start":{"line":96,"column":2},"end":{"line":98,"column":3}},{"start":{},"end":{}}],"line":96},"12":{"loc":{"start":{"line":96,"column":6},"end":{"line":96,"column":42}},"type":"binary-expr","locations":[{"start":{"line":96,"column":6},"end":{"line":96,"column":17}},{"start":{"line":96,"column":21},"end":{"line":96,"column":42}}],"line":96},"13":{"loc":{"start":{"line":111,"column":4},"end":{"line":113,"column":5}},"type":"if","locations":[{"start":{"line":111,"column":4},"end":{"line":113,"column":5}},{"start":{},"end":{}}],"line":111},"14":{"loc":{"start":{"line":123,"column":9},"end":{"line":123,"column":53}},"type":"cond-expr","locations":[{"start":{"line":123,"column":37},"end":{"line":123,"column":48}},{"start":{"line":123,"column":51},"end":{"line":123,"column":53}}],"line":123},"15":{"loc":{"start":{"line":128,"column":2},"end":{"line":128,"column":46}},"type":"if","locations":[{"start":{"line":128,"column":2},"end":{"line":128,"column":46}},{"start":{},"end":{}}],"line":128},"16":{"loc":{"start":{"line":129,"column":2},"end":{"line":129,"column":47}},"type":"if","locations":[{"start":{"line":129,"column":2},"end":{"line":129,"column":47}},{"start":{},"end":{}}],"line":129},"17":{"loc":{"start":{"line":134,"column":2},"end":{"line":134,"column":38}},"type":"if","locations":[{"start":{"line":134,"column":2},"end":{"line":134,"column":38}},{"start":{},"end":{}}],"line":134},"18":{"loc":{"start":{"line":135,"column":2},"end":{"line":135,"column":39}},"type":"if","locations":[{"start":{"line":135,"column":2},"end":{"line":135,"column":39}},{"start":{},"end":{}}],"line":135},"19":{"loc":{"start":{"line":142,"column":2},"end":{"line":144,"column":3}},"type":"if","locations":[{"start":{"line":142,"column":2},"end":{"line":144,"column":3}},{"start":{},"end":{}}],"line":142},"20":{"loc":{"start":{"line":142,"column":6},"end":{"line":142,"column":61}},"type":"binary-expr","locations":[{"start":{"line":142,"column":6},"end":{"line":142,"column":32}},{"start":{"line":142,"column":36},"end":{"line":142,"column":61}}],"line":142},"21":{"loc":{"start":{"line":146,"column":2},"end":{"line":148,"column":3}},"type":"if","locations":[{"start":{"line":146,"column":2},"end":{"line":148,"column":3}},{"start":{},"end":{}}],"line":146},"22":{"loc":{"start":{"line":146,"column":6},"end":{"line":146,"column":60}},"type":"binary-expr","locations":[{"start":{"line":146,"column":6},"end":{"line":146,"column":16}},{"start":{"line":146,"column":20},"end":{"line":146,"column":60}}],"line":146},"23":{"loc":{"start":{"line":158,"column":2},"end":{"line":177,"column":3}},"type":"if","locations":[{"start":{"line":158,"column":2},"end":{"line":177,"column":3}},{"start":{"line":170,"column":9},"end":{"line":177,"column":3}}],"line":158},"24":{"loc":{"start":{"line":159,"column":4},"end":{"line":169,"column":5}},"type":"if","locations":[{"start":{"line":159,"column":4},"end":{"line":169,"column":5}},{"start":{"line":162,"column":11},"end":{"line":169,"column":5}}],"line":159},"25":{"loc":{"start":{"line":161,"column":19},"end":{"line":161,"column":40}},"type":"cond-expr","locations":[{"start":{"line":161,"column":33},"end":{"line":161,"column":35}},{"start":{"line":161,"column":38},"end":{"line":161,"column":40}}],"line":161},"26":{"loc":{"start":{"line":164,"column":6},"end":{"line":168,"column":7}},"type":"if","locations":[{"start":{"line":164,"column":6},"end":{"line":168,"column":7}},{"start":{"line":166,"column":13},"end":{"line":168,"column":7}}],"line":164},"27":{"loc":{"start":{"line":170,"column":9},"end":{"line":177,"column":3}},"type":"if","locations":[{"start":{"line":170,"column":9},"end":{"line":177,"column":3}},{"start":{"line":173,"column":9},"end":{"line":177,"column":3}}],"line":170}},"s":{"0":10,"1":10,"2":10,"3":10,"4":40,"5":520,"6":10,"7":6,"8":6,"9":6,"10":306,"11":306,"12":6,"13":2,"14":2,"15":2,"16":29,"17":29,"18":29,"19":68,"20":4,"21":4,"22":4,"23":12,"24":12,"25":12,"26":12,"27":12,"28":1,"29":11,"30":2,"31":1,"32":9,"33":2,"34":1,"35":4,"36":6,"37":2,"38":4,"39":4,"40":8,"41":4,"42":1,"43":3,"44":2,"45":2,"46":14,"47":14,"48":14,"49":7,"50":7,"51":18,"52":18,"53":10,"54":2,"55":8,"56":2,"57":6,"58":6,"59":6,"60":3,"61":3,"62":2,"63":1,"64":11,"65":11,"66":4,"67":7,"68":2,"69":5,"70":17,"71":17,"72":9,"73":3,"74":6,"75":3,"76":3,"77":8,"78":4,"79":4,"80":4,"81":17,"82":1},"f":{"0":10,"1":6,"2":2,"3":29,"4":68,"5":4,"6":6,"7":8,"8":2,"9":14,"10":18,"11":10,"12":11,"13":17},"b":{"0":[29,18],"1":[1,11],"2":[12,3],"3":[2,9],"4":[11,2],"5":[1,1],"6":[2,7],"7":[9,5],"8":[1,1],"9":[2,2],"10":[2,4],"11":[1,3],"12":[4,2],"13":[7,7],"14":[17,1],"15":[2,8],"16":[2,6],"17":[3,3],"18":[2,1],"19":[4,7],"20":[11,9],"21":[2,5],"22":[7,4],"23":[9,8],"24":[3,6],"25":[1,2],"26":[3,3],"27":[4,4]},"_coverageSchema":"1a1c01bbd47fc00a2c39e90264f33305004495a9","hash":"071cfde383779c98a6be80d0749e6c5d61a47d91"}
}
