{"E:\\web apps\\full stack\\whist\\middleware\\auth.js": {"path":"E:\\web apps\\full stack\\whist\\middleware\\auth.js","statementMap":{"0":{"start":{"line":1,"column":12},"end":{"line":1,"column":35}},"1":{"start":{"line":3,"column":0},"end":{"line":14,"column":2}},"2":{"start":{"line":4,"column":16},"end":{"line":4,"column":58}},"3":{"start":{"line":5,"column":2},"end":{"line":5,"column":85}},"4":{"start":{"line":5,"column":14},"end":{"line":5,"column":85}},"5":{"start":{"line":7,"column":2},"end":{"line":13,"column":3}},"6":{"start":{"line":8,"column":20},"end":{"line":8,"column":61}},"7":{"start":{"line":9,"column":4},"end":{"line":9,"column":34}},"8":{"start":{"line":10,"column":4},"end":{"line":10,"column":11}},"9":{"start":{"line":12,"column":4},"end":{"line":12,"column":56}}},"fnMap":{"0":{"name":"(anonymous_0)","decl":{"start":{"line":3,"column":17},"end":{"line":3,"column":18}},"loc":{"start":{"line":3,"column":43},"end":{"line":14,"column":1}},"line":3}},"branchMap":{"0":{"loc":{"start":{"line":5,"column":2},"end":{"line":5,"column":85}},"type":"if","locations":[{"start":{"line":5,"column":2},"end":{"line":5,"column":85}},{"start":{},"end":{}}],"line":5}},"s":{"0":2,"1":2,"2":18,"3":18,"4":4,"5":14,"6":14,"7":10,"8":10,"9":4},"f":{"0":18},"b":{"0":[4,14]},"_coverageSchema":"1a1c01bbd47fc00a2c39e90264f33305004495a9","hash":"bdb5455f6ea39d0e2e167215e547d40bf2dc290d"}
,"E:\\web apps\\full stack\\whist\\models\\Game.js": {"path":"E:\\web apps\\full stack\\whist\\models\\Game.js","statementMap":{"0":{"start":{"line":1,"column":17},"end":{"line":1,"column":36}},"1":{"start":{"line":3,"column":19},"end":{"line":60,"column":2}},"2":{"start":{"line":15,"column":8},"end":{"line":15,"column":35}},"3":{"start":{"line":62,"column":0},"end":{"line":62,"column":52}}},"fnMap":{"0":{"name":"(anonymous_0)","decl":{"start":{"line":14,"column":17},"end":{"line":14,"column":18}},"loc":{"start":{"line":14,"column":35},"end":{"line":16,"column":7}},"line":14}},"branchMap":{},"s":{"0":1,"1":1,"2":23,"3":1},"f":{"0":23},"b":{},"_coverageSchema":"1a1c01bbd47fc00a2c39e90264f33305004495a9","hash":"413c949fb3c52479cdd7fb21fe3f5fb6f1092caf"}
,"E:\\web apps\\full stack\\whist\\models\\User.js": {"path":"E:\\web apps\\full stack\\whist\\models\\User.js","statementMap":{"0":{"start":{"line":1,"column":17},"end":{"line":1,"column":36}},"1":{"start":{"line":3,"column":19},"end":{"line":13,"column":2}},"2":{"start":{"line":15,"column":0},"end":{"line":15,"column":52}}},"fnMap":{},"branchMap":{},"s":{"0":1,"1":1,"2":1},"f":{},"b":{},"_coverageSchema":"1a1c01bbd47fc00a2c39e90264f33305004495a9","hash":"81a74a457e86f21228dad63cbc42c986ed9e0fc2"}
,"E:\\web apps\\full stack\\whist\\routes\\auth.js": {"path":"E:\\web apps\\full stack\\whist\\routes\\auth.js","statementMap":{"0":{"start":{"line":1,"column":16},"end":{"line":1,"column":34}},"1":{"start":{"line":2,"column":15},"end":{"line":2,"column":31}},"2":{"start":{"line":3,"column":35},"end":{"line":3,"column":63}},"3":{"start":{"line":4,"column":15},"end":{"line":4,"column":32}},"4":{"start":{"line":5,"column":12},"end":{"line":5,"column":35}},"5":{"start":{"line":6,"column":13},"end":{"line":6,"column":38}},"6":{"start":{"line":7,"column":13},"end":{"line":7,"column":42}},"7":{"start":{"line":10,"column":0},"end":{"line":31,"column":5}},"8":{"start":{"line":14,"column":19},"end":{"line":14,"column":40}},"9":{"start":{"line":15,"column":4},"end":{"line":15,"column":83}},"10":{"start":{"line":15,"column":27},"end":{"line":15,"column":83}},"11":{"start":{"line":17,"column":32},"end":{"line":17,"column":40}},"12":{"start":{"line":18,"column":4},"end":{"line":30,"column":5}},"13":{"start":{"line":19,"column":17},"end":{"line":19,"column":46}},"14":{"start":{"line":20,"column":6},"end":{"line":20,"column":76}},"15":{"start":{"line":20,"column":16},"end":{"line":20,"column":76}},"16":{"start":{"line":22,"column":21},"end":{"line":22,"column":52}},"17":{"start":{"line":23,"column":6},"end":{"line":23,"column":67}},"18":{"start":{"line":24,"column":6},"end":{"line":24,"column":24}},"19":{"start":{"line":26,"column":20},"end":{"line":26,"column":91}},"20":{"start":{"line":27,"column":6},"end":{"line":27,"column":86}},"21":{"start":{"line":29,"column":6},"end":{"line":29,"column":52}},"22":{"start":{"line":34,"column":0},"end":{"line":54,"column":5}},"23":{"start":{"line":38,"column":19},"end":{"line":38,"column":40}},"24":{"start":{"line":39,"column":4},"end":{"line":39,"column":83}},"25":{"start":{"line":39,"column":27},"end":{"line":39,"column":83}},"26":{"start":{"line":41,"column":32},"end":{"line":41,"column":40}},"27":{"start":{"line":42,"column":4},"end":{"line":53,"column":5}},"28":{"start":{"line":43,"column":19},"end":{"line":43,"column":48}},"29":{"start":{"line":44,"column":6},"end":{"line":44,"column":77}},"30":{"start":{"line":44,"column":17},"end":{"line":44,"column":77}},"31":{"start":{"line":46,"column":22},"end":{"line":46,"column":67}},"32":{"start":{"line":47,"column":6},"end":{"line":47,"column":80}},"33":{"start":{"line":47,"column":20},"end":{"line":47,"column":80}},"34":{"start":{"line":49,"column":20},"end":{"line":49,"column":91}},"35":{"start":{"line":50,"column":6},"end":{"line":50,"column":86}},"36":{"start":{"line":52,"column":6},"end":{"line":52,"column":52}},"37":{"start":{"line":57,"column":0},"end":{"line":65,"column":3}},"38":{"start":{"line":58,"column":2},"end":{"line":64,"column":3}},"39":{"start":{"line":59,"column":17},"end":{"line":59,"column":73}},"40":{"start":{"line":60,"column":4},"end":{"line":60,"column":70}},"41":{"start":{"line":60,"column":15},"end":{"line":60,"column":70}},"42":{"start":{"line":61,"column":4},"end":{"line":61,"column":76}},"43":{"start":{"line":63,"column":4},"end":{"line":63,"column":50}},"44":{"start":{"line":67,"column":0},"end":{"line":67,"column":24}}},"fnMap":{"0":{"name":"(anonymous_0)","decl":{"start":{"line":13,"column":2},"end":{"line":13,"column":3}},"loc":{"start":{"line":13,"column":22},"end":{"line":31,"column":3}},"line":13},"1":{"name":"(anonymous_1)","decl":{"start":{"line":37,"column":2},"end":{"line":37,"column":3}},"loc":{"start":{"line":37,"column":22},"end":{"line":54,"column":3}},"line":37},"2":{"name":"(anonymous_2)","decl":{"start":{"line":57,"column":24},"end":{"line":57,"column":25}},"loc":{"start":{"line":57,"column":44},"end":{"line":65,"column":1}},"line":57}},"branchMap":{"0":{"loc":{"start":{"line":15,"column":4},"end":{"line":15,"column":83}},"type":"if","locations":[{"start":{"line":15,"column":4},"end":{"line":15,"column":83}},{"start":{},"end":{}}],"line":15},"1":{"loc":{"start":{"line":20,"column":6},"end":{"line":20,"column":76}},"type":"if","locations":[{"start":{"line":20,"column":6},"end":{"line":20,"column":76}},{"start":{},"end":{}}],"line":20},"2":{"loc":{"start":{"line":39,"column":4},"end":{"line":39,"column":83}},"type":"if","locations":[{"start":{"line":39,"column":4},"end":{"line":39,"column":83}},{"start":{},"end":{}}],"line":39},"3":{"loc":{"start":{"line":44,"column":6},"end":{"line":44,"column":77}},"type":"if","locations":[{"start":{"line":44,"column":6},"end":{"line":44,"column":77}},{"start":{},"end":{}}],"line":44},"4":{"loc":{"start":{"line":47,"column":6},"end":{"line":47,"column":80}},"type":"if","locations":[{"start":{"line":47,"column":6},"end":{"line":47,"column":80}},{"start":{},"end":{}}],"line":47},"5":{"loc":{"start":{"line":60,"column":4},"end":{"line":60,"column":70}},"type":"if","locations":[{"start":{"line":60,"column":4},"end":{"line":60,"column":70}},{"start":{},"end":{}}],"line":60}},"s":{"0":1,"1":1,"2":1,"3":1,"4":1,"5":1,"6":1,"7":1,"8":5,"9":5,"10":2,"11":3,"12":3,"13":3,"14":3,"15":1,"16":2,"17":2,"18":2,"19":1,"20":1,"21":1,"22":1,"23":5,"24":5,"25":1,"26":4,"27":4,"28":4,"29":3,"30":1,"31":2,"32":2,"33":1,"34":1,"35":1,"36":1,"37":1,"38":3,"39":3,"40":2,"41":1,"42":1,"43":1,"44":1},"f":{"0":5,"1":5,"2":3},"b":{"0":[2,3],"1":[1,2],"2":[1,4],"3":[1,2],"4":[1,1],"5":[1,1]},"_coverageSchema":"1a1c01bbd47fc00a2c39e90264f33305004495a9","hash":"429377d97d6b8d77ab093261487ed4849d49369a"}
,"E:\\web apps\\full stack\\whist\\routes\\rooms.js": {"path":"E:\\web apps\\full stack\\whist\\routes\\rooms.js","statementMap":{"0":{"start":{"line":1,"column":16},"end":{"line":1,"column":34}},"1":{"start":{"line":2,"column":15},"end":{"line":2,"column":31}},"2":{"start":{"line":3,"column":13},"end":{"line":3,"column":42}},"3":{"start":{"line":4,"column":13},"end":{"line":4,"column":38}},"4":{"start":{"line":5,"column":13},"end":{"line":5,"column":38}},"5":{"start":{"line":9,"column":0},"end":{"line":37,"column":3}},"6":{"start":{"line":10,"column":2},"end":{"line":36,"column":3}},"7":{"start":{"line":11,"column":22},"end":{"line":11,"column":54}},"8":{"start":{"line":12,"column":4},"end":{"line":14,"column":5}},"9":{"start":{"line":13,"column":6},"end":{"line":13,"column":75}},"10":{"start":{"line":15,"column":25},"end":{"line":15,"column":35}},"11":{"start":{"line":16,"column":17},"end":{"line":16,"column":58}},"12":{"start":{"line":17,"column":4},"end":{"line":17,"column":70}},"13":{"start":{"line":17,"column":15},"end":{"line":17,"column":70}},"14":{"start":{"line":20,"column":4},"end":{"line":22,"column":5}},"15":{"start":{"line":21,"column":6},"end":{"line":21,"column":42}},"16":{"start":{"line":25,"column":4},"end":{"line":31,"column":5}},"17":{"start":{"line":26,"column":17},"end":{"line":26,"column":34}},"18":{"start":{"line":27,"column":19},"end":{"line":27,"column":44}},"19":{"start":{"line":28,"column":6},"end":{"line":30,"column":9}},"20":{"start":{"line":29,"column":8},"end":{"line":29,"column":40}},"21":{"start":{"line":33,"column":4},"end":{"line":33,"column":48}},"22":{"start":{"line":35,"column":4},"end":{"line":35,"column":50}},"23":{"start":{"line":39,"column":0},"end":{"line":39,"column":24}}},"fnMap":{"0":{"name":"(anonymous_0)","decl":{"start":{"line":9,"column":34},"end":{"line":9,"column":35}},"loc":{"start":{"line":9,"column":54},"end":{"line":37,"column":1}},"line":9},"1":{"name":"(anonymous_1)","decl":{"start":{"line":28,"column":69},"end":{"line":28,"column":70}},"loc":{"start":{"line":28,"column":78},"end":{"line":30,"column":7}},"line":28}},"branchMap":{"0":{"loc":{"start":{"line":12,"column":4},"end":{"line":14,"column":5}},"type":"if","locations":[{"start":{"line":12,"column":4},"end":{"line":14,"column":5}},{"start":{},"end":{}}],"line":12},"1":{"loc":{"start":{"line":12,"column":8},"end":{"line":12,"column":48}},"type":"binary-expr","locations":[{"start":{"line":12,"column":8},"end":{"line":12,"column":18}},{"start":{"line":12,"column":22},"end":{"line":12,"column":48}}],"line":12},"2":{"loc":{"start":{"line":17,"column":4},"end":{"line":17,"column":70}},"type":"if","locations":[{"start":{"line":17,"column":4},"end":{"line":17,"column":70}},{"start":{},"end":{}}],"line":17},"3":{"loc":{"start":{"line":20,"column":4},"end":{"line":22,"column":5}},"type":"if","locations":[{"start":{"line":20,"column":4},"end":{"line":22,"column":5}},{"start":{},"end":{}}],"line":20},"4":{"loc":{"start":{"line":20,"column":8},"end":{"line":20,"column":77}},"type":"binary-expr","locations":[{"start":{"line":20,"column":8},"end":{"line":20,"column":26}},{"start":{"line":20,"column":30},"end":{"line":20,"column":77}}],"line":20},"5":{"loc":{"start":{"line":25,"column":4},"end":{"line":31,"column":5}},"type":"if","locations":[{"start":{"line":25,"column":4},"end":{"line":31,"column":5}},{"start":{},"end":{}}],"line":25}},"s":{"0":0,"1":0,"2":0,"3":0,"4":0,"5":0,"6":0,"7":0,"8":0,"9":0,"10":0,"11":0,"12":0,"13":0,"14":0,"15":0,"16":0,"17":0,"18":0,"19":0,"20":0,"21":0,"22":0,"23":0},"f":{"0":0,"1":0},"b":{"0":[0,0],"1":[0,0],"2":[0,0],"3":[0,0],"4":[0,0],"5":[0,0]}}
,"E:\\web apps\\full stack\\whist\\routes\\users.js": {"path":"E:\\web apps\\full stack\\whist\\routes\\users.js","statementMap":{"0":{"start":{"line":1,"column":16},"end":{"line":1,"column":34}},"1":{"start":{"line":2,"column":15},"end":{"line":2,"column":31}},"2":{"start":{"line":3,"column":13},"end":{"line":3,"column":42}},"3":{"start":{"line":4,"column":13},"end":{"line":4,"column":38}},"4":{"start":{"line":8,"column":0},"end":{"line":28,"column":3}},"5":{"start":{"line":9,"column":2},"end":{"line":27,"column":3}},"6":{"start":{"line":10,"column":22},"end":{"line":10,"column":54}},"7":{"start":{"line":11,"column":4},"end":{"line":13,"column":5}},"8":{"start":{"line":12,"column":6},"end":{"line":12,"column":80}},"9":{"start":{"line":14,"column":21},"end":{"line":14,"column":29}},"10":{"start":{"line":15,"column":4},"end":{"line":17,"column":5}},"11":{"start":{"line":16,"column":6},"end":{"line":16,"column":59}},"12":{"start":{"line":18,"column":17},"end":{"line":22,"column":29}},"13":{"start":{"line":23,"column":4},"end":{"line":23,"column":70}},"14":{"start":{"line":23,"column":15},"end":{"line":23,"column":70}},"15":{"start":{"line":24,"column":4},"end":{"line":24,"column":23}},"16":{"start":{"line":26,"column":4},"end":{"line":26,"column":50}},"17":{"start":{"line":30,"column":0},"end":{"line":30,"column":24}}},"fnMap":{"0":{"name":"(anonymous_0)","decl":{"start":{"line":8,"column":32},"end":{"line":8,"column":33}},"loc":{"start":{"line":8,"column":52},"end":{"line":28,"column":1}},"line":8}},"branchMap":{"0":{"loc":{"start":{"line":11,"column":4},"end":{"line":13,"column":5}},"type":"if","locations":[{"start":{"line":11,"column":4},"end":{"line":13,"column":5}},{"start":{},"end":{}}],"line":11},"1":{"loc":{"start":{"line":11,"column":8},"end":{"line":11,"column":48}},"type":"binary-expr","locations":[{"start":{"line":11,"column":8},"end":{"line":11,"column":18}},{"start":{"line":11,"column":22},"end":{"line":11,"column":48}}],"line":11},"2":{"loc":{"start":{"line":15,"column":4},"end":{"line":17,"column":5}},"type":"if","locations":[{"start":{"line":15,"column":4},"end":{"line":17,"column":5}},{"start":{},"end":{}}],"line":15},"3":{"loc":{"start":{"line":23,"column":4},"end":{"line":23,"column":70}},"type":"if","locations":[{"start":{"line":23,"column":4},"end":{"line":23,"column":70}},{"start":{},"end":{}}],"line":23}},"s":{"0":0,"1":0,"2":0,"3":0,"4":0,"5":0,"6":0,"7":0,"8":0,"9":0,"10":0,"11":0,"12":0,"13":0,"14":0,"15":0,"16":0,"17":0},"f":{"0":0},"b":{"0":[0,0],"1":[0,0],"2":[0,0],"3":[0,0]}}
,"E:\\web apps\\full stack\\whist\\sockets\\gameSocket.js": {"path":"E:\\web apps\\full stack\\whist\\sockets\\gameSocket.js","statementMap":{"0":{"start":{"line":1,"column":13},"end":{"line":1,"column":38}},"1":{"start":{"line":2,"column":119},"end":{"line":2,"column":148}},"2":{"start":{"line":3,"column":55},"end":{"line":3,"column":84}},"3":{"start":{"line":6,"column":20},"end":{"line":6,"column":29}},"4":{"start":{"line":8,"column":0},"end":{"line":498,"column":2}},"5":{"start":{"line":9,"column":2},"end":{"line":497,"column":5}},"6":{"start":{"line":10,"column":4},"end":{"line":10,"column":46}},"7":{"start":{"line":13,"column":4},"end":{"line":42,"column":7}},"8":{"start":{"line":14,"column":6},"end":{"line":41,"column":7}},"9":{"start":{"line":15,"column":25},"end":{"line":15,"column":43}},"10":{"start":{"line":16,"column":21},"end":{"line":26,"column":10}},"11":{"start":{"line":28,"column":8},"end":{"line":28,"column":26}},"12":{"start":{"line":29,"column":8},"end":{"line":29,"column":40}},"13":{"start":{"line":30,"column":8},"end":{"line":30,"column":32}},"14":{"start":{"line":31,"column":8},"end":{"line":31,"column":60}},"15":{"start":{"line":32,"column":8},"end":{"line":32,"column":30}},"16":{"start":{"line":33,"column":8},"end":{"line":33,"column":55}},"17":{"start":{"line":36,"column":8},"end":{"line":36,"column":31}},"18":{"start":{"line":38,"column":8},"end":{"line":38,"column":60}},"19":{"start":{"line":40,"column":8},"end":{"line":40,"column":67}},"20":{"start":{"line":45,"column":4},"end":{"line":95,"column":7}},"21":{"start":{"line":46,"column":6},"end":{"line":94,"column":7}},"22":{"start":{"line":47,"column":19},"end":{"line":47,"column":80}},"23":{"start":{"line":48,"column":8},"end":{"line":51,"column":9}},"24":{"start":{"line":49,"column":10},"end":{"line":49,"column":62}},"25":{"start":{"line":50,"column":10},"end":{"line":50,"column":17}},"26":{"start":{"line":53,"column":31},"end":{"line":53,"column":96}},"27":{"start":{"line":53,"column":54},"end":{"line":53,"column":95}},"28":{"start":{"line":54,"column":8},"end":{"line":60,"column":9}},"29":{"start":{"line":55,"column":10},"end":{"line":55,"column":32}},"30":{"start":{"line":56,"column":10},"end":{"line":56,"column":38}},"31":{"start":{"line":57,"column":10},"end":{"line":57,"column":34}},"32":{"start":{"line":58,"column":10},"end":{"line":58,"column":46}},"33":{"start":{"line":59,"column":10},"end":{"line":59,"column":17}},"34":{"start":{"line":61,"column":8},"end":{"line":64,"column":9}},"35":{"start":{"line":62,"column":10},"end":{"line":62,"column":60}},"36":{"start":{"line":63,"column":10},"end":{"line":63,"column":17}},"37":{"start":{"line":65,"column":8},"end":{"line":68,"column":9}},"38":{"start":{"line":66,"column":10},"end":{"line":66,"column":68}},"39":{"start":{"line":67,"column":10},"end":{"line":67,"column":17}},"40":{"start":{"line":70,"column":26},"end":{"line":76,"column":9}},"41":{"start":{"line":77,"column":8},"end":{"line":81,"column":10}},"42":{"start":{"line":82,"column":8},"end":{"line":82,"column":40}},"43":{"start":{"line":83,"column":8},"end":{"line":83,"column":30}},"44":{"start":{"line":84,"column":8},"end":{"line":84,"column":36}},"45":{"start":{"line":85,"column":8},"end":{"line":85,"column":32}},"46":{"start":{"line":86,"column":8},"end":{"line":86,"column":55}},"47":{"start":{"line":87,"column":8},"end":{"line":87,"column":31}},"48":{"start":{"line":88,"column":8},"end":{"line":90,"column":9}},"49":{"start":{"line":89,"column":10},"end":{"line":89,"column":34}},"50":{"start":{"line":91,"column":8},"end":{"line":91,"column":59}},"51":{"start":{"line":93,"column":8},"end":{"line":93,"column":65}},"52":{"start":{"line":98,"column":4},"end":{"line":133,"column":7}},"53":{"start":{"line":99,"column":6},"end":{"line":132,"column":7}},"54":{"start":{"line":101,"column":8},"end":{"line":104,"column":10}},"55":{"start":{"line":106,"column":21},"end":{"line":106,"column":46}},"56":{"start":{"line":107,"column":24},"end":{"line":107,"column":29}},"57":{"start":{"line":108,"column":33},"end":{"line":108,"column":37}},"58":{"start":{"line":109,"column":8},"end":{"line":121,"column":9}},"59":{"start":{"line":110,"column":32},"end":{"line":110,"column":97}},"60":{"start":{"line":110,"column":55},"end":{"line":110,"column":96}},"61":{"start":{"line":111,"column":10},"end":{"line":111,"column":74}},"62":{"start":{"line":112,"column":10},"end":{"line":112,"column":93}},"63":{"start":{"line":112,"column":50},"end":{"line":112,"column":91}},"64":{"start":{"line":114,"column":10},"end":{"line":119,"column":11}},"65":{"start":{"line":115,"column":12},"end":{"line":115,"column":37}},"66":{"start":{"line":116,"column":12},"end":{"line":116,"column":30}},"67":{"start":{"line":117,"column":12},"end":{"line":117,"column":59}},"68":{"start":{"line":118,"column":12},"end":{"line":118,"column":29}},"69":{"start":{"line":120,"column":10},"end":{"line":120,"column":42}},"70":{"start":{"line":123,"column":8},"end":{"line":123,"column":31}},"71":{"start":{"line":125,"column":8},"end":{"line":125,"column":71}},"72":{"start":{"line":125,"column":24},"end":{"line":125,"column":71}},"73":{"start":{"line":126,"column":8},"end":{"line":126,"column":31}},"74":{"start":{"line":127,"column":8},"end":{"line":129,"column":9}},"75":{"start":{"line":128,"column":10},"end":{"line":128,"column":72}},"76":{"start":{"line":131,"column":8},"end":{"line":131,"column":66}},"77":{"start":{"line":136,"column":4},"end":{"line":143,"column":7}},"78":{"start":{"line":137,"column":6},"end":{"line":142,"column":7}},"79":{"start":{"line":138,"column":22},"end":{"line":138,"column":85}},"80":{"start":{"line":139,"column":8},"end":{"line":139,"column":44}},"81":{"start":{"line":141,"column":8},"end":{"line":141,"column":67}},"82":{"start":{"line":146,"column":4},"end":{"line":208,"column":7}},"83":{"start":{"line":147,"column":6},"end":{"line":207,"column":7}},"84":{"start":{"line":148,"column":21},"end":{"line":148,"column":82}},"85":{"start":{"line":150,"column":8},"end":{"line":153,"column":9}},"86":{"start":{"line":151,"column":10},"end":{"line":151,"column":62}},"87":{"start":{"line":152,"column":10},"end":{"line":152,"column":17}},"88":{"start":{"line":155,"column":8},"end":{"line":158,"column":9}},"89":{"start":{"line":156,"column":10},"end":{"line":156,"column":68}},"90":{"start":{"line":157,"column":10},"end":{"line":157,"column":17}},"91":{"start":{"line":160,"column":23},"end":{"line":160,"column":88}},"92":{"start":{"line":160,"column":46},"end":{"line":160,"column":87}},"93":{"start":{"line":161,"column":8},"end":{"line":164,"column":9}},"94":{"start":{"line":162,"column":10},"end":{"line":162,"column":66}},"95":{"start":{"line":163,"column":10},"end":{"line":163,"column":17}},"96":{"start":{"line":166,"column":8},"end":{"line":169,"column":9}},"97":{"start":{"line":167,"column":10},"end":{"line":167,"column":72}},"98":{"start":{"line":168,"column":10},"end":{"line":168,"column":17}},"99":{"start":{"line":171,"column":8},"end":{"line":174,"column":9}},"100":{"start":{"line":172,"column":10},"end":{"line":172,"column":71}},"101":{"start":{"line":173,"column":10},"end":{"line":173,"column":17}},"102":{"start":{"line":176,"column":27},"end":{"line":176,"column":54}},"103":{"start":{"line":179,"column":20},"end":{"line":179,"column":38}},"104":{"start":{"line":180,"column":8},"end":{"line":188,"column":9}},"105":{"start":{"line":181,"column":25},"end":{"line":181,"column":52}},"106":{"start":{"line":182,"column":20},"end":{"line":182,"column":77}},"107":{"start":{"line":183,"column":10},"end":{"line":185,"column":11}},"108":{"start":{"line":184,"column":12},"end":{"line":184,"column":99}},"109":{"start":{"line":186,"column":10},"end":{"line":186,"column":49}},"110":{"start":{"line":187,"column":10},"end":{"line":187,"column":17}},"111":{"start":{"line":191,"column":8},"end":{"line":196,"column":11}},"112":{"start":{"line":197,"column":8},"end":{"line":197,"column":37}},"113":{"start":{"line":200,"column":8},"end":{"line":200,"column":91}},"114":{"start":{"line":203,"column":8},"end":{"line":203,"column":53}},"115":{"start":{"line":205,"column":8},"end":{"line":205,"column":57}},"116":{"start":{"line":206,"column":8},"end":{"line":206,"column":73}},"117":{"start":{"line":211,"column":4},"end":{"line":303,"column":7}},"118":{"start":{"line":212,"column":6},"end":{"line":302,"column":7}},"119":{"start":{"line":213,"column":21},"end":{"line":213,"column":82}},"120":{"start":{"line":215,"column":8},"end":{"line":218,"column":9}},"121":{"start":{"line":216,"column":10},"end":{"line":216,"column":62}},"122":{"start":{"line":217,"column":10},"end":{"line":217,"column":17}},"123":{"start":{"line":220,"column":8},"end":{"line":223,"column":9}},"124":{"start":{"line":221,"column":10},"end":{"line":221,"column":68}},"125":{"start":{"line":222,"column":10},"end":{"line":222,"column":17}},"126":{"start":{"line":225,"column":23},"end":{"line":225,"column":88}},"127":{"start":{"line":225,"column":46},"end":{"line":225,"column":87}},"128":{"start":{"line":226,"column":8},"end":{"line":229,"column":9}},"129":{"start":{"line":227,"column":10},"end":{"line":227,"column":66}},"130":{"start":{"line":228,"column":10},"end":{"line":228,"column":17}},"131":{"start":{"line":231,"column":8},"end":{"line":234,"column":9}},"132":{"start":{"line":232,"column":10},"end":{"line":232,"column":72}},"133":{"start":{"line":233,"column":10},"end":{"line":233,"column":17}},"134":{"start":{"line":237,"column":8},"end":{"line":259,"column":9}},"135":{"start":{"line":239,"column":25},"end":{"line":239,"column":43}},"136":{"start":{"line":242,"column":10},"end":{"line":244,"column":11}},"137":{"start":{"line":243,"column":12},"end":{"line":243,"column":103}},"138":{"start":{"line":247,"column":10},"end":{"line":247,"column":34}},"139":{"start":{"line":248,"column":10},"end":{"line":248,"column":47}},"140":{"start":{"line":249,"column":10},"end":{"line":249,"column":62}},"141":{"start":{"line":250,"column":10},"end":{"line":250,"column":48}},"142":{"start":{"line":251,"column":10},"end":{"line":251,"column":65}},"143":{"start":{"line":252,"column":10},"end":{"line":252,"column":27}},"144":{"start":{"line":253,"column":10},"end":{"line":253,"column":41}},"145":{"start":{"line":255,"column":10},"end":{"line":255,"column":28}},"146":{"start":{"line":256,"column":10},"end":{"line":256,"column":42}},"147":{"start":{"line":257,"column":10},"end":{"line":257,"column":60}},"148":{"start":{"line":258,"column":10},"end":{"line":258,"column":17}},"149":{"start":{"line":261,"column":8},"end":{"line":264,"column":9}},"150":{"start":{"line":262,"column":10},"end":{"line":262,"column":71}},"151":{"start":{"line":263,"column":10},"end":{"line":263,"column":17}},"152":{"start":{"line":267,"column":8},"end":{"line":267,"column":49}},"153":{"start":{"line":270,"column":8},"end":{"line":270,"column":83}},"154":{"start":{"line":273,"column":8},"end":{"line":295,"column":9}},"155":{"start":{"line":275,"column":10},"end":{"line":275,"column":46}},"156":{"start":{"line":276,"column":10},"end":{"line":276,"column":53}},"157":{"start":{"line":276,"column":36},"end":{"line":276,"column":51}},"158":{"start":{"line":278,"column":24},"end":{"line":278,"column":35}},"159":{"start":{"line":279,"column":10},"end":{"line":279,"column":57}},"160":{"start":{"line":280,"column":10},"end":{"line":280,"column":57}},"161":{"start":{"line":281,"column":10},"end":{"line":281,"column":57}},"162":{"start":{"line":282,"column":10},"end":{"line":282,"column":57}},"163":{"start":{"line":285,"column":10},"end":{"line":285,"column":60}},"164":{"start":{"line":286,"column":10},"end":{"line":286,"column":36}},"165":{"start":{"line":287,"column":10},"end":{"line":287,"column":40}},"166":{"start":{"line":288,"column":10},"end":{"line":288,"column":34}},"167":{"start":{"line":289,"column":10},"end":{"line":289,"column":32}},"168":{"start":{"line":291,"column":10},"end":{"line":291,"column":28}},"169":{"start":{"line":292,"column":10},"end":{"line":292,"column":42}},"170":{"start":{"line":293,"column":10},"end":{"line":293,"column":61}},"171":{"start":{"line":294,"column":10},"end":{"line":294,"column":17}},"172":{"start":{"line":298,"column":8},"end":{"line":298,"column":53}},"173":{"start":{"line":300,"column":8},"end":{"line":300,"column":52}},"174":{"start":{"line":301,"column":8},"end":{"line":301,"column":60}},"175":{"start":{"line":306,"column":4},"end":{"line":380,"column":7}},"176":{"start":{"line":307,"column":6},"end":{"line":379,"column":7}},"177":{"start":{"line":308,"column":21},"end":{"line":308,"column":82}},"178":{"start":{"line":310,"column":8},"end":{"line":313,"column":9}},"179":{"start":{"line":311,"column":10},"end":{"line":311,"column":62}},"180":{"start":{"line":312,"column":10},"end":{"line":312,"column":17}},"181":{"start":{"line":315,"column":8},"end":{"line":318,"column":9}},"182":{"start":{"line":316,"column":10},"end":{"line":316,"column":68}},"183":{"start":{"line":317,"column":10},"end":{"line":317,"column":17}},"184":{"start":{"line":320,"column":23},"end":{"line":320,"column":88}},"185":{"start":{"line":320,"column":46},"end":{"line":320,"column":87}},"186":{"start":{"line":321,"column":8},"end":{"line":324,"column":9}},"187":{"start":{"line":322,"column":10},"end":{"line":322,"column":66}},"188":{"start":{"line":323,"column":10},"end":{"line":323,"column":17}},"189":{"start":{"line":326,"column":8},"end":{"line":329,"column":9}},"190":{"start":{"line":327,"column":10},"end":{"line":327,"column":68}},"191":{"start":{"line":328,"column":10},"end":{"line":328,"column":17}},"192":{"start":{"line":332,"column":32},"end":{"line":332,"column":59}},"193":{"start":{"line":333,"column":8},"end":{"line":333,"column":28}},"194":{"start":{"line":336,"column":8},"end":{"line":339,"column":9}},"195":{"start":{"line":337,"column":10},"end":{"line":337,"column":92}},"196":{"start":{"line":338,"column":10},"end":{"line":338,"column":17}},"197":{"start":{"line":342,"column":30},"end":{"line":342,"column":58}},"198":{"start":{"line":343,"column":8},"end":{"line":349,"column":9}},"199":{"start":{"line":344,"column":26},"end":{"line":344,"column":96}},"200":{"start":{"line":344,"column":55},"end":{"line":344,"column":92}},"201":{"start":{"line":345,"column":10},"end":{"line":348,"column":11}},"202":{"start":{"line":346,"column":12},"end":{"line":346,"column":132}},"203":{"start":{"line":347,"column":12},"end":{"line":347,"column":19}},"204":{"start":{"line":352,"column":8},"end":{"line":352,"column":41}},"205":{"start":{"line":355,"column":8},"end":{"line":355,"column":84}},"206":{"start":{"line":358,"column":29},"end":{"line":358,"column":69}},"207":{"start":{"line":358,"column":51},"end":{"line":358,"column":61}},"208":{"start":{"line":359,"column":8},"end":{"line":375,"column":9}},"209":{"start":{"line":361,"column":10},"end":{"line":361,"column":34}},"210":{"start":{"line":362,"column":10},"end":{"line":362,"column":48}},"211":{"start":{"line":363,"column":10},"end":{"line":363,"column":33}},"212":{"start":{"line":364,"column":10},"end":{"line":364,"column":31}},"213":{"start":{"line":366,"column":10},"end":{"line":366,"column":28}},"214":{"start":{"line":367,"column":10},"end":{"line":367,"column":42}},"215":{"start":{"line":368,"column":10},"end":{"line":368,"column":60}},"216":{"start":{"line":371,"column":10},"end":{"line":371,"column":60}},"217":{"start":{"line":372,"column":10},"end":{"line":372,"column":28}},"218":{"start":{"line":373,"column":10},"end":{"line":373,"column":42}},"219":{"start":{"line":374,"column":10},"end":{"line":374,"column":55}},"220":{"start":{"line":377,"column":8},"end":{"line":377,"column":49}},"221":{"start":{"line":378,"column":8},"end":{"line":378,"column":65}},"222":{"start":{"line":383,"column":4},"end":{"line":455,"column":7}},"223":{"start":{"line":384,"column":6},"end":{"line":454,"column":7}},"224":{"start":{"line":385,"column":21},"end":{"line":385,"column":82}},"225":{"start":{"line":387,"column":8},"end":{"line":390,"column":9}},"226":{"start":{"line":388,"column":10},"end":{"line":388,"column":62}},"227":{"start":{"line":389,"column":10},"end":{"line":389,"column":17}},"228":{"start":{"line":392,"column":23},"end":{"line":392,"column":88}},"229":{"start":{"line":392,"column":46},"end":{"line":392,"column":87}},"230":{"start":{"line":393,"column":8},"end":{"line":396,"column":9}},"231":{"start":{"line":394,"column":10},"end":{"line":394,"column":66}},"232":{"start":{"line":395,"column":10},"end":{"line":395,"column":17}},"233":{"start":{"line":398,"column":8},"end":{"line":401,"column":9}},"234":{"start":{"line":399,"column":10},"end":{"line":399,"column":61}},"235":{"start":{"line":400,"column":10},"end":{"line":400,"column":17}},"236":{"start":{"line":404,"column":8},"end":{"line":407,"column":9}},"237":{"start":{"line":405,"column":10},"end":{"line":405,"column":65}},"238":{"start":{"line":406,"column":10},"end":{"line":406,"column":17}},"239":{"start":{"line":410,"column":8},"end":{"line":412,"column":9}},"240":{"start":{"line":411,"column":10},"end":{"line":411,"column":44}},"241":{"start":{"line":415,"column":8},"end":{"line":415,"column":68}},"242":{"start":{"line":416,"column":8},"end":{"line":416,"column":58}},"243":{"start":{"line":416,"column":46},"end":{"line":416,"column":56}},"244":{"start":{"line":419,"column":8},"end":{"line":450,"column":9}},"245":{"start":{"line":420,"column":25},"end":{"line":420,"column":95}},"246":{"start":{"line":421,"column":10},"end":{"line":421,"column":43}},"247":{"start":{"line":423,"column":10},"end":{"line":427,"column":13}},"248":{"start":{"line":430,"column":10},"end":{"line":443,"column":19}},"249":{"start":{"line":431,"column":12},"end":{"line":431,"column":35}},"250":{"start":{"line":432,"column":12},"end":{"line":432,"column":33}},"251":{"start":{"line":433,"column":12},"end":{"line":433,"column":38}},"252":{"start":{"line":436,"column":12},"end":{"line":442,"column":13}},"253":{"start":{"line":437,"column":14},"end":{"line":437,"column":43}},"254":{"start":{"line":439,"column":14},"end":{"line":439,"column":32}},"255":{"start":{"line":440,"column":14},"end":{"line":440,"column":46}},"256":{"start":{"line":441,"column":14},"end":{"line":441,"column":58}},"257":{"start":{"line":446,"column":10},"end":{"line":446,"column":56}},"258":{"start":{"line":447,"column":10},"end":{"line":447,"column":28}},"259":{"start":{"line":448,"column":10},"end":{"line":448,"column":42}},"260":{"start":{"line":449,"column":10},"end":{"line":449,"column":55}},"261":{"start":{"line":452,"column":8},"end":{"line":452,"column":49}},"262":{"start":{"line":453,"column":8},"end":{"line":453,"column":65}},"263":{"start":{"line":457,"column":4},"end":{"line":487,"column":7}},"264":{"start":{"line":458,"column":6},"end":{"line":485,"column":7}},"265":{"start":{"line":459,"column":8},"end":{"line":484,"column":9}},"266":{"start":{"line":460,"column":10},"end":{"line":463,"column":12}},"267":{"start":{"line":464,"column":23},"end":{"line":464,"column":56}},"268":{"start":{"line":465,"column":26},"end":{"line":465,"column":31}},"269":{"start":{"line":466,"column":10},"end":{"line":475,"column":11}},"270":{"start":{"line":467,"column":12},"end":{"line":467,"column":103}},"271":{"start":{"line":467,"column":52},"end":{"line":467,"column":101}},"272":{"start":{"line":468,"column":12},"end":{"line":473,"column":13}},"273":{"start":{"line":469,"column":14},"end":{"line":469,"column":39}},"274":{"start":{"line":470,"column":14},"end":{"line":470,"column":32}},"275":{"start":{"line":471,"column":14},"end":{"line":471,"column":69}},"276":{"start":{"line":472,"column":14},"end":{"line":472,"column":31}},"277":{"start":{"line":474,"column":12},"end":{"line":474,"column":52}},"278":{"start":{"line":476,"column":10},"end":{"line":476,"column":41}},"279":{"start":{"line":477,"column":13},"end":{"line":480,"column":14}},"280":{"start":{"line":478,"column":15},"end":{"line":478,"column":81}},"281":{"start":{"line":479,"column":15},"end":{"line":479,"column":86}},"282":{"start":{"line":481,"column":10},"end":{"line":481,"column":33}},"283":{"start":{"line":486,"column":6},"end":{"line":486,"column":51}},"284":{"start":{"line":490,"column":4},"end":{"line":495,"column":5}},"285":{"start":{"line":491,"column":20},"end":{"line":491,"column":83}},"286":{"start":{"line":492,"column":6},"end":{"line":492,"column":38}},"287":{"start":{"line":502,"column":2},"end":{"line":502,"column":66}},"288":{"start":{"line":506,"column":2},"end":{"line":539,"column":3}},"289":{"start":{"line":507,"column":17},"end":{"line":507,"column":78}},"290":{"start":{"line":510,"column":4},"end":{"line":512,"column":5}},"291":{"start":{"line":511,"column":6},"end":{"line":511,"column":22}},"292":{"start":{"line":515,"column":18},"end":{"line":515,"column":29}},"293":{"start":{"line":517,"column":4},"end":{"line":517,"column":51}},"294":{"start":{"line":518,"column":4},"end":{"line":518,"column":51}},"295":{"start":{"line":519,"column":4},"end":{"line":519,"column":51}},"296":{"start":{"line":520,"column":4},"end":{"line":520,"column":51}},"297":{"start":{"line":523,"column":4},"end":{"line":523,"column":28}},"298":{"start":{"line":524,"column":4},"end":{"line":524,"column":54}},"299":{"start":{"line":525,"column":4},"end":{"line":525,"column":30}},"300":{"start":{"line":526,"column":4},"end":{"line":526,"column":34}},"301":{"start":{"line":527,"column":4},"end":{"line":527,"column":28}},"302":{"start":{"line":528,"column":4},"end":{"line":528,"column":26}},"303":{"start":{"line":531,"column":4},"end":{"line":531,"column":26}},"304":{"start":{"line":533,"column":4},"end":{"line":533,"column":22}},"305":{"start":{"line":534,"column":4},"end":{"line":534,"column":36}},"306":{"start":{"line":536,"column":4},"end":{"line":536,"column":50}},"307":{"start":{"line":538,"column":4},"end":{"line":538,"column":46}},"308":{"start":{"line":544,"column":2},"end":{"line":579,"column":5}},"309":{"start":{"line":545,"column":16},"end":{"line":545,"column":30}},"310":{"start":{"line":546,"column":22},"end":{"line":546,"column":38}},"311":{"start":{"line":547,"column":21},"end":{"line":547,"column":22}},"312":{"start":{"line":550,"column":4},"end":{"line":571,"column":5}},"313":{"start":{"line":551,"column":21},"end":{"line":551,"column":91}},"314":{"start":{"line":551,"column":50},"end":{"line":551,"column":87}},"315":{"start":{"line":553,"column":6},"end":{"line":563,"column":7}},"316":{"start":{"line":555,"column":8},"end":{"line":555,"column":43}},"317":{"start":{"line":558,"column":8},"end":{"line":562,"column":9}},"318":{"start":{"line":559,"column":10},"end":{"line":559,"column":50}},"319":{"start":{"line":561,"column":10},"end":{"line":561,"column":50}},"320":{"start":{"line":564,"column":11},"end":{"line":571,"column":5}},"321":{"start":{"line":566,"column":6},"end":{"line":566,"column":48}},"322":{"start":{"line":569,"column":18},"end":{"line":569,"column":43}},"323":{"start":{"line":570,"column":6},"end":{"line":570,"column":29}},"324":{"start":{"line":573,"column":26},"end":{"line":573,"column":67}},"325":{"start":{"line":573,"column":48},"end":{"line":573,"column":66}},"326":{"start":{"line":574,"column":4},"end":{"line":578,"column":5}},"327":{"start":{"line":575,"column":6},"end":{"line":575,"column":40}},"328":{"start":{"line":577,"column":6},"end":{"line":577,"column":61}},"329":{"start":{"line":581,"column":2},"end":{"line":581,"column":15}},"330":{"start":{"line":584,"column":2},"end":{"line":614,"column":3}},"331":{"start":{"line":585,"column":4},"end":{"line":585,"column":29}},"332":{"start":{"line":586,"column":4},"end":{"line":586,"column":22}},"333":{"start":{"line":587,"column":4},"end":{"line":587,"column":51}},"334":{"start":{"line":590,"column":4},"end":{"line":590,"column":40}},"335":{"start":{"line":591,"column":4},"end":{"line":591,"column":47}},"336":{"start":{"line":591,"column":30},"end":{"line":591,"column":45}},"337":{"start":{"line":593,"column":18},"end":{"line":593,"column":29}},"338":{"start":{"line":596,"column":23},"end":{"line":596,"column":52}},"339":{"start":{"line":597,"column":4},"end":{"line":597,"column":68}},"340":{"start":{"line":599,"column":4},"end":{"line":599,"column":51}},"341":{"start":{"line":600,"column":4},"end":{"line":600,"column":51}},"342":{"start":{"line":601,"column":4},"end":{"line":601,"column":51}},"343":{"start":{"line":602,"column":4},"end":{"line":602,"column":51}},"344":{"start":{"line":605,"column":4},"end":{"line":605,"column":28}},"345":{"start":{"line":606,"column":4},"end":{"line":606,"column":41}},"346":{"start":{"line":607,"column":4},"end":{"line":607,"column":47}},"347":{"start":{"line":608,"column":4},"end":{"line":608,"column":59}},"348":{"start":{"line":609,"column":4},"end":{"line":609,"column":21}},"349":{"start":{"line":611,"column":4},"end":{"line":611,"column":22}},"350":{"start":{"line":612,"column":4},"end":{"line":612,"column":36}},"351":{"start":{"line":613,"column":4},"end":{"line":613,"column":47}},"352":{"start":{"line":619,"column":2},"end":{"line":633,"column":3}},"353":{"start":{"line":621,"column":19},"end":{"line":621,"column":78}},"354":{"start":{"line":621,"column":44},"end":{"line":621,"column":77}},"355":{"start":{"line":622,"column":4},"end":{"line":622,"column":32}},"356":{"start":{"line":625,"column":4},"end":{"line":632,"column":5}},"357":{"start":{"line":626,"column":6},"end":{"line":626,"column":36}},"358":{"start":{"line":627,"column":6},"end":{"line":627,"column":41}},"359":{"start":{"line":628,"column":6},"end":{"line":628,"column":24}},"360":{"start":{"line":629,"column":6},"end":{"line":629,"column":38}},"361":{"start":{"line":630,"column":6},"end":{"line":630,"column":58}},"362":{"start":{"line":631,"column":6},"end":{"line":631,"column":13}},"363":{"start":{"line":636,"column":19},"end":{"line":636,"column":54}},"364":{"start":{"line":637,"column":14},"end":{"line":637,"column":15}},"365":{"start":{"line":639,"column":2},"end":{"line":642,"column":3}},"366":{"start":{"line":640,"column":4},"end":{"line":640,"column":38}},"367":{"start":{"line":641,"column":4},"end":{"line":641,"column":12}},"368":{"start":{"line":645,"column":2},"end":{"line":666,"column":3}},"369":{"start":{"line":646,"column":19},"end":{"line":646,"column":37}},"370":{"start":{"line":649,"column":4},"end":{"line":651,"column":5}},"371":{"start":{"line":650,"column":6},"end":{"line":650,"column":97}},"372":{"start":{"line":654,"column":4},"end":{"line":654,"column":28}},"373":{"start":{"line":655,"column":4},"end":{"line":655,"column":41}},"374":{"start":{"line":656,"column":4},"end":{"line":656,"column":56}},"375":{"start":{"line":657,"column":4},"end":{"line":657,"column":42}},"376":{"start":{"line":658,"column":4},"end":{"line":658,"column":59}},"377":{"start":{"line":659,"column":4},"end":{"line":659,"column":21}},"378":{"start":{"line":660,"column":4},"end":{"line":660,"column":35}},"379":{"start":{"line":662,"column":4},"end":{"line":662,"column":22}},"380":{"start":{"line":663,"column":4},"end":{"line":663,"column":36}},"381":{"start":{"line":664,"column":4},"end":{"line":664,"column":54}},"382":{"start":{"line":665,"column":4},"end":{"line":665,"column":11}},"383":{"start":{"line":669,"column":2},"end":{"line":669,"column":41}},"384":{"start":{"line":670,"column":2},"end":{"line":670,"column":20}},"385":{"start":{"line":671,"column":2},"end":{"line":671,"column":34}},"386":{"start":{"line":672,"column":2},"end":{"line":672,"column":54}}},"fnMap":{"0":{"name":"(anonymous_0)","decl":{"start":{"line":8,"column":17},"end":{"line":8,"column":18}},"loc":{"start":{"line":8,"column":25},"end":{"line":498,"column":1}},"line":8},"1":{"name":"(anonymous_1)","decl":{"start":{"line":9,"column":22},"end":{"line":9,"column":23}},"loc":{"start":{"line":9,"column":34},"end":{"line":497,"column":3}},"line":9},"2":{"name":"(anonymous_2)","decl":{"start":{"line":13,"column":28},"end":{"line":13,"column":29}},"loc":{"start":{"line":13,"column":57},"end":{"line":42,"column":5}},"line":13},"3":{"name":"(anonymous_3)","decl":{"start":{"line":45,"column":26},"end":{"line":45,"column":27}},"loc":{"start":{"line":45,"column":65},"end":{"line":95,"column":5}},"line":45},"4":{"name":"(anonymous_4)","decl":{"start":{"line":53,"column":49},"end":{"line":53,"column":50}},"loc":{"start":{"line":53,"column":54},"end":{"line":53,"column":95}},"line":53},"5":{"name":"(anonymous_5)","decl":{"start":{"line":98,"column":27},"end":{"line":98,"column":28}},"loc":{"start":{"line":98,"column":59},"end":{"line":133,"column":5}},"line":98},"6":{"name":"(anonymous_6)","decl":{"start":{"line":110,"column":50},"end":{"line":110,"column":51}},"loc":{"start":{"line":110,"column":55},"end":{"line":110,"column":96}},"line":110},"7":{"name":"(anonymous_7)","decl":{"start":{"line":112,"column":45},"end":{"line":112,"column":46}},"loc":{"start":{"line":112,"column":50},"end":{"line":112,"column":91}},"line":112},"8":{"name":"(anonymous_8)","decl":{"start":{"line":136,"column":26},"end":{"line":136,"column":27}},"loc":{"start":{"line":136,"column":38},"end":{"line":143,"column":5}},"line":136},"9":{"name":"(anonymous_9)","decl":{"start":{"line":146,"column":33},"end":{"line":146,"column":34}},"loc":{"start":{"line":146,"column":81},"end":{"line":208,"column":5}},"line":146},"10":{"name":"(anonymous_10)","decl":{"start":{"line":160,"column":41},"end":{"line":160,"column":42}},"loc":{"start":{"line":160,"column":46},"end":{"line":160,"column":87}},"line":160},"11":{"name":"(anonymous_11)","decl":{"start":{"line":211,"column":29},"end":{"line":211,"column":30}},"loc":{"start":{"line":211,"column":61},"end":{"line":303,"column":5}},"line":211},"12":{"name":"(anonymous_12)","decl":{"start":{"line":225,"column":41},"end":{"line":225,"column":42}},"loc":{"start":{"line":225,"column":46},"end":{"line":225,"column":87}},"line":225},"13":{"name":"(anonymous_13)","decl":{"start":{"line":276,"column":31},"end":{"line":276,"column":32}},"loc":{"start":{"line":276,"column":36},"end":{"line":276,"column":51}},"line":276},"14":{"name":"(anonymous_14)","decl":{"start":{"line":306,"column":26},"end":{"line":306,"column":27}},"loc":{"start":{"line":306,"column":63},"end":{"line":380,"column":5}},"line":306},"15":{"name":"(anonymous_15)","decl":{"start":{"line":320,"column":41},"end":{"line":320,"column":42}},"loc":{"start":{"line":320,"column":46},"end":{"line":320,"column":87}},"line":320},"16":{"name":"(anonymous_16)","decl":{"start":{"line":344,"column":43},"end":{"line":344,"column":44}},"loc":{"start":{"line":344,"column":55},"end":{"line":344,"column":92}},"line":344},"17":{"name":"(anonymous_17)","decl":{"start":{"line":358,"column":46},"end":{"line":358,"column":47}},"loc":{"start":{"line":358,"column":51},"end":{"line":358,"column":61}},"line":358},"18":{"name":"(anonymous_18)","decl":{"start":{"line":383,"column":26},"end":{"line":383,"column":27}},"loc":{"start":{"line":383,"column":64},"end":{"line":455,"column":5}},"line":383},"19":{"name":"(anonymous_19)","decl":{"start":{"line":392,"column":41},"end":{"line":392,"column":42}},"loc":{"start":{"line":392,"column":46},"end":{"line":392,"column":87}},"line":392},"20":{"name":"(anonymous_20)","decl":{"start":{"line":416,"column":41},"end":{"line":416,"column":42}},"loc":{"start":{"line":416,"column":46},"end":{"line":416,"column":56}},"line":416},"21":{"name":"(anonymous_21)","decl":{"start":{"line":430,"column":21},"end":{"line":430,"column":22}},"loc":{"start":{"line":430,"column":33},"end":{"line":443,"column":11}},"line":430},"22":{"name":"(anonymous_22)","decl":{"start":{"line":457,"column":28},"end":{"line":457,"column":29}},"loc":{"start":{"line":457,"column":40},"end":{"line":487,"column":5}},"line":457},"23":{"name":"(anonymous_23)","decl":{"start":{"line":467,"column":47},"end":{"line":467,"column":48}},"loc":{"start":{"line":467,"column":52},"end":{"line":467,"column":101}},"line":467},"24":{"name":"broadcastRoomsList","decl":{"start":{"line":489,"column":17},"end":{"line":489,"column":35}},"loc":{"start":{"line":489,"column":40},"end":{"line":496,"column":3}},"line":489},"25":{"name":"generateRoomCode","decl":{"start":{"line":501,"column":9},"end":{"line":501,"column":25}},"loc":{"start":{"line":501,"column":28},"end":{"line":503,"column":1}},"line":501},"26":{"name":"startGame","decl":{"start":{"line":505,"column":15},"end":{"line":505,"column":24}},"loc":{"start":{"line":505,"column":39},"end":{"line":540,"column":1}},"line":505},"27":{"name":"endRound","decl":{"start":{"line":542,"column":15},"end":{"line":542,"column":23}},"loc":{"start":{"line":542,"column":44},"end":{"line":615,"column":1}},"line":542},"28":{"name":"(anonymous_28)","decl":{"start":{"line":544,"column":23},"end":{"line":544,"column":24}},"loc":{"start":{"line":544,"column":40},"end":{"line":579,"column":3}},"line":544},"29":{"name":"(anonymous_29)","decl":{"start":{"line":551,"column":38},"end":{"line":551,"column":39}},"loc":{"start":{"line":551,"column":50},"end":{"line":551,"column":87}},"line":551},"30":{"name":"(anonymous_30)","decl":{"start":{"line":573,"column":43},"end":{"line":573,"column":44}},"loc":{"start":{"line":573,"column":48},"end":{"line":573,"column":66}},"line":573},"31":{"name":"(anonymous_31)","decl":{"start":{"line":591,"column":25},"end":{"line":591,"column":26}},"loc":{"start":{"line":591,"column":30},"end":{"line":591,"column":45}},"line":591},"32":{"name":"advanceAuctionTurn","decl":{"start":{"line":617,"column":15},"end":{"line":617,"column":33}},"loc":{"start":{"line":617,"column":54},"end":{"line":673,"column":1}},"line":617},"33":{"name":"(anonymous_33)","decl":{"start":{"line":621,"column":37},"end":{"line":621,"column":38}},"loc":{"start":{"line":621,"column":44},"end":{"line":621,"column":77}},"line":621}},"branchMap":{"0":{"loc":{"start":{"line":47,"column":19},"end":{"line":47,"column":80}},"type":"binary-expr","locations":[{"start":{"line":47,"column":19},"end":{"line":47,"column":44}},{"start":{"line":47,"column":48},"end":{"line":47,"column":80}}],"line":47},"1":{"loc":{"start":{"line":48,"column":8},"end":{"line":51,"column":9}},"type":"if","locations":[{"start":{"line":48,"column":8},"end":{"line":51,"column":9}},{"start":{},"end":{}}],"line":48},"2":{"loc":{"start":{"line":54,"column":8},"end":{"line":60,"column":9}},"type":"if","locations":[{"start":{"line":54,"column":8},"end":{"line":60,"column":9}},{"start":{},"end":{}}],"line":54},"3":{"loc":{"start":{"line":61,"column":8},"end":{"line":64,"column":9}},"type":"if","locations":[{"start":{"line":61,"column":8},"end":{"line":64,"column":9}},{"start":{},"end":{}}],"line":61},"4":{"loc":{"start":{"line":65,"column":8},"end":{"line":68,"column":9}},"type":"if","locations":[{"start":{"line":65,"column":8},"end":{"line":68,"column":9}},{"start":{},"end":{}}],"line":65},"5":{"loc":{"start":{"line":88,"column":8},"end":{"line":90,"column":9}},"type":"if","locations":[{"start":{"line":88,"column":8},"end":{"line":90,"column":9}},{"start":{},"end":{}}],"line":88},"6":{"loc":{"start":{"line":109,"column":8},"end":{"line":121,"column":9}},"type":"if","locations":[{"start":{"line":109,"column":8},"end":{"line":121,"column":9}},{"start":{},"end":{}}],"line":109},"7":{"loc":{"start":{"line":111,"column":31},"end":{"line":111,"column":73}},"type":"cond-expr","locations":[{"start":{"line":111,"column":47},"end":{"line":111,"column":66}},{"start":{"line":111,"column":69},"end":{"line":111,"column":73}}],"line":111},"8":{"loc":{"start":{"line":114,"column":10},"end":{"line":119,"column":11}},"type":"if","locations":[{"start":{"line":114,"column":10},"end":{"line":119,"column":11}},{"start":{},"end":{}}],"line":114},"9":{"loc":{"start":{"line":114,"column":14},"end":{"line":114,"column":68}},"type":"binary-expr","locations":[{"start":{"line":114,"column":14},"end":{"line":114,"column":39}},{"start":{"line":114,"column":43},"end":{"line":114,"column":68}}],"line":114},"10":{"loc":{"start":{"line":125,"column":8},"end":{"line":125,"column":71}},"type":"if","locations":[{"start":{"line":125,"column":8},"end":{"line":125,"column":71}},{"start":{},"end":{}}],"line":125},"11":{"loc":{"start":{"line":127,"column":8},"end":{"line":129,"column":9}},"type":"if","locations":[{"start":{"line":127,"column":8},"end":{"line":129,"column":9}},{"start":{},"end":{}}],"line":127},"12":{"loc":{"start":{"line":127,"column":12},"end":{"line":127,"column":44}},"type":"binary-expr","locations":[{"start":{"line":127,"column":12},"end":{"line":127,"column":22}},{"start":{"line":127,"column":26},"end":{"line":127,"column":44}}],"line":127},"13":{"loc":{"start":{"line":148,"column":21},"end":{"line":148,"column":82}},"type":"binary-expr","locations":[{"start":{"line":148,"column":21},"end":{"line":148,"column":46}},{"start":{"line":148,"column":50},"end":{"line":148,"column":82}}],"line":148},"14":{"loc":{"start":{"line":150,"column":8},"end":{"line":153,"column":9}},"type":"if","locations":[{"start":{"line":150,"column":8},"end":{"line":153,"column":9}},{"start":{},"end":{}}],"line":150},"15":{"loc":{"start":{"line":155,"column":8},"end":{"line":158,"column":9}},"type":"if","locations":[{"start":{"line":155,"column":8},"end":{"line":158,"column":9}},{"start":{},"end":{}}],"line":155},"16":{"loc":{"start":{"line":161,"column":8},"end":{"line":164,"column":9}},"type":"if","locations":[{"start":{"line":161,"column":8},"end":{"line":164,"column":9}},{"start":{},"end":{}}],"line":161},"17":{"loc":{"start":{"line":166,"column":8},"end":{"line":169,"column":9}},"type":"if","locations":[{"start":{"line":166,"column":8},"end":{"line":169,"column":9}},{"start":{},"end":{}}],"line":166},"18":{"loc":{"start":{"line":171,"column":8},"end":{"line":174,"column":9}},"type":"if","locations":[{"start":{"line":171,"column":8},"end":{"line":174,"column":9}},{"start":{},"end":{}}],"line":171},"19":{"loc":{"start":{"line":180,"column":8},"end":{"line":188,"column":9}},"type":"if","locations":[{"start":{"line":180,"column":8},"end":{"line":188,"column":9}},{"start":{},"end":{}}],"line":180},"20":{"loc":{"start":{"line":183,"column":10},"end":{"line":185,"column":11}},"type":"if","locations":[{"start":{"line":183,"column":10},"end":{"line":185,"column":11}},{"start":{},"end":{}}],"line":183},"21":{"loc":{"start":{"line":213,"column":21},"end":{"line":213,"column":82}},"type":"binary-expr","locations":[{"start":{"line":213,"column":21},"end":{"line":213,"column":46}},{"start":{"line":213,"column":50},"end":{"line":213,"column":82}}],"line":213},"22":{"loc":{"start":{"line":215,"column":8},"end":{"line":218,"column":9}},"type":"if","locations":[{"start":{"line":215,"column":8},"end":{"line":218,"column":9}},{"start":{},"end":{}}],"line":215},"23":{"loc":{"start":{"line":220,"column":8},"end":{"line":223,"column":9}},"type":"if","locations":[{"start":{"line":220,"column":8},"end":{"line":223,"column":9}},{"start":{},"end":{}}],"line":220},"24":{"loc":{"start":{"line":226,"column":8},"end":{"line":229,"column":9}},"type":"if","locations":[{"start":{"line":226,"column":8},"end":{"line":229,"column":9}},{"start":{},"end":{}}],"line":226},"25":{"loc":{"start":{"line":231,"column":8},"end":{"line":234,"column":9}},"type":"if","locations":[{"start":{"line":231,"column":8},"end":{"line":234,"column":9}},{"start":{},"end":{}}],"line":231},"26":{"loc":{"start":{"line":237,"column":8},"end":{"line":259,"column":9}},"type":"if","locations":[{"start":{"line":237,"column":8},"end":{"line":259,"column":9}},{"start":{},"end":{}}],"line":237},"27":{"loc":{"start":{"line":237,"column":12},"end":{"line":237,"column":76}},"type":"binary-expr","locations":[{"start":{"line":237,"column":12},"end":{"line":237,"column":34}},{"start":{"line":237,"column":38},"end":{"line":237,"column":76}}],"line":237},"28":{"loc":{"start":{"line":242,"column":10},"end":{"line":244,"column":11}},"type":"if","locations":[{"start":{"line":242,"column":10},"end":{"line":244,"column":11}},{"start":{},"end":{}}],"line":242},"29":{"loc":{"start":{"line":243,"column":29},"end":{"line":243,"column":102}},"type":"cond-expr","locations":[{"start":{"line":243,"column":68},"end":{"line":243,"column":72}},{"start":{"line":243,"column":75},"end":{"line":243,"column":102}}],"line":243},"30":{"loc":{"start":{"line":251,"column":24},"end":{"line":251,"column":64}},"type":"cond-expr","locations":[{"start":{"line":251,"column":59},"end":{"line":251,"column":60}},{"start":{"line":251,"column":63},"end":{"line":251,"column":64}}],"line":251},"31":{"loc":{"start":{"line":261,"column":8},"end":{"line":264,"column":9}},"type":"if","locations":[{"start":{"line":261,"column":8},"end":{"line":264,"column":9}},{"start":{},"end":{}}],"line":261},"32":{"loc":{"start":{"line":273,"column":8},"end":{"line":295,"column":9}},"type":"if","locations":[{"start":{"line":273,"column":8},"end":{"line":295,"column":9}},{"start":{},"end":{}}],"line":273},"33":{"loc":{"start":{"line":308,"column":21},"end":{"line":308,"column":82}},"type":"binary-expr","locations":[{"start":{"line":308,"column":21},"end":{"line":308,"column":46}},{"start":{"line":308,"column":50},"end":{"line":308,"column":82}}],"line":308},"34":{"loc":{"start":{"line":310,"column":8},"end":{"line":313,"column":9}},"type":"if","locations":[{"start":{"line":310,"column":8},"end":{"line":313,"column":9}},{"start":{},"end":{}}],"line":310},"35":{"loc":{"start":{"line":315,"column":8},"end":{"line":318,"column":9}},"type":"if","locations":[{"start":{"line":315,"column":8},"end":{"line":318,"column":9}},{"start":{},"end":{}}],"line":315},"36":{"loc":{"start":{"line":321,"column":8},"end":{"line":324,"column":9}},"type":"if","locations":[{"start":{"line":321,"column":8},"end":{"line":324,"column":9}},{"start":{},"end":{}}],"line":321},"37":{"loc":{"start":{"line":326,"column":8},"end":{"line":329,"column":9}},"type":"if","locations":[{"start":{"line":326,"column":8},"end":{"line":329,"column":9}},{"start":{},"end":{}}],"line":326},"38":{"loc":{"start":{"line":336,"column":8},"end":{"line":339,"column":9}},"type":"if","locations":[{"start":{"line":336,"column":8},"end":{"line":339,"column":9}},{"start":{},"end":{}}],"line":336},"39":{"loc":{"start":{"line":336,"column":12},"end":{"line":336,"column":58}},"type":"binary-expr","locations":[{"start":{"line":336,"column":12},"end":{"line":336,"column":22}},{"start":{"line":336,"column":26},"end":{"line":336,"column":33}},{"start":{"line":336,"column":37},"end":{"line":336,"column":58}}],"line":336},"40":{"loc":{"start":{"line":343,"column":8},"end":{"line":349,"column":9}},"type":"if","locations":[{"start":{"line":343,"column":8},"end":{"line":349,"column":9}},{"start":{},"end":{}}],"line":343},"41":{"loc":{"start":{"line":344,"column":62},"end":{"line":344,"column":91}},"type":"cond-expr","locations":[{"start":{"line":344,"column":86},"end":{"line":344,"column":87}},{"start":{"line":344,"column":90},"end":{"line":344,"column":91}}],"line":344},"42":{"loc":{"start":{"line":345,"column":10},"end":{"line":348,"column":11}},"type":"if","locations":[{"start":{"line":345,"column":10},"end":{"line":348,"column":11}},{"start":{},"end":{}}],"line":345},"43":{"loc":{"start":{"line":359,"column":8},"end":{"line":375,"column":9}},"type":"if","locations":[{"start":{"line":359,"column":8},"end":{"line":375,"column":9}},{"start":{"line":369,"column":15},"end":{"line":375,"column":9}}],"line":359},"44":{"loc":{"start":{"line":385,"column":21},"end":{"line":385,"column":82}},"type":"binary-expr","locations":[{"start":{"line":385,"column":21},"end":{"line":385,"column":46}},{"start":{"line":385,"column":50},"end":{"line":385,"column":82}}],"line":385},"45":{"loc":{"start":{"line":387,"column":8},"end":{"line":390,"column":9}},"type":"if","locations":[{"start":{"line":387,"column":8},"end":{"line":390,"column":9}},{"start":{},"end":{}}],"line":387},"46":{"loc":{"start":{"line":393,"column":8},"end":{"line":396,"column":9}},"type":"if","locations":[{"start":{"line":393,"column":8},"end":{"line":396,"column":9}},{"start":{},"end":{}}],"line":393},"47":{"loc":{"start":{"line":398,"column":8},"end":{"line":401,"column":9}},"type":"if","locations":[{"start":{"line":398,"column":8},"end":{"line":401,"column":9}},{"start":{},"end":{}}],"line":398},"48":{"loc":{"start":{"line":404,"column":8},"end":{"line":407,"column":9}},"type":"if","locations":[{"start":{"line":404,"column":8},"end":{"line":407,"column":9}},{"start":{},"end":{}}],"line":404},"49":{"loc":{"start":{"line":410,"column":8},"end":{"line":412,"column":9}},"type":"if","locations":[{"start":{"line":410,"column":8},"end":{"line":412,"column":9}},{"start":{},"end":{}}],"line":410},"50":{"loc":{"start":{"line":419,"column":8},"end":{"line":450,"column":9}},"type":"if","locations":[{"start":{"line":419,"column":8},"end":{"line":450,"column":9}},{"start":{"line":444,"column":15},"end":{"line":450,"column":9}}],"line":419},"51":{"loc":{"start":{"line":436,"column":12},"end":{"line":442,"column":13}},"type":"if","locations":[{"start":{"line":436,"column":12},"end":{"line":442,"column":13}},{"start":{"line":438,"column":19},"end":{"line":442,"column":13}}],"line":436},"52":{"loc":{"start":{"line":458,"column":6},"end":{"line":485,"column":7}},"type":"if","locations":[{"start":{"line":458,"column":6},"end":{"line":485,"column":7}},{"start":{},"end":{}}],"line":458},"53":{"loc":{"start":{"line":458,"column":10},"end":{"line":458,"column":44}},"type":"binary-expr","locations":[{"start":{"line":458,"column":10},"end":{"line":458,"column":26}},{"start":{"line":458,"column":30},"end":{"line":458,"column":44}}],"line":458},"54":{"loc":{"start":{"line":466,"column":10},"end":{"line":475,"column":11}},"type":"if","locations":[{"start":{"line":466,"column":10},"end":{"line":475,"column":11}},{"start":{},"end":{}}],"line":466},"55":{"loc":{"start":{"line":468,"column":12},"end":{"line":473,"column":13}},"type":"if","locations":[{"start":{"line":468,"column":12},"end":{"line":473,"column":13}},{"start":{},"end":{}}],"line":468},"56":{"loc":{"start":{"line":468,"column":16},"end":{"line":468,"column":70}},"type":"binary-expr","locations":[{"start":{"line":468,"column":16},"end":{"line":468,"column":41}},{"start":{"line":468,"column":45},"end":{"line":468,"column":70}}],"line":468},"57":{"loc":{"start":{"line":477,"column":13},"end":{"line":480,"column":14}},"type":"if","locations":[{"start":{"line":477,"column":13},"end":{"line":480,"column":14}},{"start":{},"end":{}}],"line":477},"58":{"loc":{"start":{"line":507,"column":17},"end":{"line":507,"column":78}},"type":"binary-expr","locations":[{"start":{"line":507,"column":17},"end":{"line":507,"column":42}},{"start":{"line":507,"column":46},"end":{"line":507,"column":78}}],"line":507},"59":{"loc":{"start":{"line":510,"column":4},"end":{"line":512,"column":5}},"type":"if","locations":[{"start":{"line":510,"column":4},"end":{"line":512,"column":5}},{"start":{},"end":{}}],"line":510},"60":{"loc":{"start":{"line":550,"column":4},"end":{"line":571,"column":5}},"type":"if","locations":[{"start":{"line":550,"column":4},"end":{"line":571,"column":5}},{"start":{"line":564,"column":11},"end":{"line":571,"column":5}}],"line":550},"61":{"loc":{"start":{"line":551,"column":57},"end":{"line":551,"column":86}},"type":"cond-expr","locations":[{"start":{"line":551,"column":81},"end":{"line":551,"column":82}},{"start":{"line":551,"column":85},"end":{"line":551,"column":86}}],"line":551},"62":{"loc":{"start":{"line":553,"column":6},"end":{"line":563,"column":7}},"type":"if","locations":[{"start":{"line":553,"column":6},"end":{"line":563,"column":7}},{"start":{"line":556,"column":13},"end":{"line":563,"column":7}}],"line":553},"63":{"loc":{"start":{"line":555,"column":21},"end":{"line":555,"column":42}},"type":"cond-expr","locations":[{"start":{"line":555,"column":35},"end":{"line":555,"column":37}},{"start":{"line":555,"column":40},"end":{"line":555,"column":42}}],"line":555},"64":{"loc":{"start":{"line":558,"column":8},"end":{"line":562,"column":9}},"type":"if","locations":[{"start":{"line":558,"column":8},"end":{"line":562,"column":9}},{"start":{"line":560,"column":15},"end":{"line":562,"column":9}}],"line":558},"65":{"loc":{"start":{"line":564,"column":11},"end":{"line":571,"column":5}},"type":"if","locations":[{"start":{"line":564,"column":11},"end":{"line":571,"column":5}},{"start":{"line":567,"column":11},"end":{"line":571,"column":5}}],"line":564},"66":{"loc":{"start":{"line":574,"column":4},"end":{"line":578,"column":5}},"type":"if","locations":[{"start":{"line":574,"column":4},"end":{"line":578,"column":5}},{"start":{"line":576,"column":11},"end":{"line":578,"column":5}}],"line":574},"67":{"loc":{"start":{"line":584,"column":2},"end":{"line":614,"column":3}},"type":"if","locations":[{"start":{"line":584,"column":2},"end":{"line":614,"column":3}},{"start":{"line":588,"column":9},"end":{"line":614,"column":3}}],"line":584},"68":{"loc":{"start":{"line":608,"column":18},"end":{"line":608,"column":58}},"type":"cond-expr","locations":[{"start":{"line":608,"column":53},"end":{"line":608,"column":54}},{"start":{"line":608,"column":57},"end":{"line":608,"column":58}}],"line":608},"69":{"loc":{"start":{"line":619,"column":2},"end":{"line":633,"column":3}},"type":"if","locations":[{"start":{"line":619,"column":2},"end":{"line":633,"column":3}},{"start":{},"end":{}}],"line":619},"70":{"loc":{"start":{"line":625,"column":4},"end":{"line":632,"column":5}},"type":"if","locations":[{"start":{"line":625,"column":4},"end":{"line":632,"column":5}},{"start":{},"end":{}}],"line":625},"71":{"loc":{"start":{"line":639,"column":9},"end":{"line":639,"column":61}},"type":"binary-expr","locations":[{"start":{"line":639,"column":9},"end":{"line":639,"column":48}},{"start":{"line":639,"column":52},"end":{"line":639,"column":61}}],"line":639},"72":{"loc":{"start":{"line":645,"column":2},"end":{"line":666,"column":3}},"type":"if","locations":[{"start":{"line":645,"column":2},"end":{"line":666,"column":3}},{"start":{},"end":{}}],"line":645},"73":{"loc":{"start":{"line":645,"column":6},"end":{"line":645,"column":63}},"type":"binary-expr","locations":[{"start":{"line":645,"column":6},"end":{"line":645,"column":37}},{"start":{"line":645,"column":41},"end":{"line":645,"column":63}}],"line":645},"74":{"loc":{"start":{"line":649,"column":4},"end":{"line":651,"column":5}},"type":"if","locations":[{"start":{"line":649,"column":4},"end":{"line":651,"column":5}},{"start":{},"end":{}}],"line":649},"75":{"loc":{"start":{"line":650,"column":23},"end":{"line":650,"column":96}},"type":"cond-expr","locations":[{"start":{"line":650,"column":62},"end":{"line":650,"column":66}},{"start":{"line":650,"column":69},"end":{"line":650,"column":96}}],"line":650},"76":{"loc":{"start":{"line":658,"column":18},"end":{"line":658,"column":58}},"type":"cond-expr","locations":[{"start":{"line":658,"column":53},"end":{"line":658,"column":54}},{"start":{"line":658,"column":57},"end":{"line":658,"column":58}}],"line":658}},"s":{"0":0,"1":0,"2":0,"3":0,"4":0,"5":0,"6":0,"7":0,"8":0,"9":0,"10":0,"11":0,"12":0,"13":0,"14":0,"15":0,"16":0,"17":0,"18":0,"19":0,"20":0,"21":0,"22":0,"23":0,"24":0,"25":0,"26":0,"27":0,"28":0,"29":0,"30":0,"31":0,"32":0,"33":0,"34":0,"35":0,"36":0,"37":0,"38":0,"39":0,"40":0,"41":0,"42":0,"43":0,"44":0,"45":0,"46":0,"47":0,"48":0,"49":0,"50":0,"51":0,"52":0,"53":0,"54":0,"55":0,"56":0,"57":0,"58":0,"59":0,"60":0,"61":0,"62":0,"63":0,"64":0,"65":0,"66":0,"67":0,"68":0,"69":0,"70":0,"71":0,"72":0,"73":0,"74":0,"75":0,"76":0,"77":0,"78":0,"79":0,"80":0,"81":0,"82":0,"83":0,"84":0,"85":0,"86":0,"87":0,"88":0,"89":0,"90":0,"91":0,"92":0,"93":0,"94":0,"95":0,"96":0,"97":0,"98":0,"99":0,"100":0,"101":0,"102":0,"103":0,"104":0,"105":0,"106":0,"107":0,"108":0,"109":0,"110":0,"111":0,"112":0,"113":0,"114":0,"115":0,"116":0,"117":0,"118":0,"119":0,"120":0,"121":0,"122":0,"123":0,"124":0,"125":0,"126":0,"127":0,"128":0,"129":0,"130":0,"131":0,"132":0,"133":0,"134":0,"135":0,"136":0,"137":0,"138":0,"139":0,"140":0,"141":0,"142":0,"143":0,"144":0,"145":0,"146":0,"147":0,"148":0,"149":0,"150":0,"151":0,"152":0,"153":0,"154":0,"155":0,"156":0,"157":0,"158":0,"159":0,"160":0,"161":0,"162":0,"163":0,"164":0,"165":0,"166":0,"167":0,"168":0,"169":0,"170":0,"171":0,"172":0,"173":0,"174":0,"175":0,"176":0,"177":0,"178":0,"179":0,"180":0,"181":0,"182":0,"183":0,"184":0,"185":0,"186":0,"187":0,"188":0,"189":0,"190":0,"191":0,"192":0,"193":0,"194":0,"195":0,"196":0,"197":0,"198":0,"199":0,"200":0,"201":0,"202":0,"203":0,"204":0,"205":0,"206":0,"207":0,"208":0,"209":0,"210":0,"211":0,"212":0,"213":0,"214":0,"215":0,"216":0,"217":0,"218":0,"219":0,"220":0,"221":0,"222":0,"223":0,"224":0,"225":0,"226":0,"227":0,"228":0,"229":0,"230":0,"231":0,"232":0,"233":0,"234":0,"235":0,"236":0,"237":0,"238":0,"239":0,"240":0,"241":0,"242":0,"243":0,"244":0,"245":0,"246":0,"247":0,"248":0,"249":0,"250":0,"251":0,"252":0,"253":0,"254":0,"255":0,"256":0,"257":0,"258":0,"259":0,"260":0,"261":0,"262":0,"263":0,"264":0,"265":0,"266":0,"267":0,"268":0,"269":0,"270":0,"271":0,"272":0,"273":0,"274":0,"275":0,"276":0,"277":0,"278":0,"279":0,"280":0,"281":0,"282":0,"283":0,"284":0,"285":0,"286":0,"287":0,"288":0,"289":0,"290":0,"291":0,"292":0,"293":0,"294":0,"295":0,"296":0,"297":0,"298":0,"299":0,"300":0,"301":0,"302":0,"303":0,"304":0,"305":0,"306":0,"307":0,"308":0,"309":0,"310":0,"311":0,"312":0,"313":0,"314":0,"315":0,"316":0,"317":0,"318":0,"319":0,"320":0,"321":0,"322":0,"323":0,"324":0,"325":0,"326":0,"327":0,"328":0,"329":0,"330":0,"331":0,"332":0,"333":0,"334":0,"335":0,"336":0,"337":0,"338":0,"339":0,"340":0,"341":0,"342":0,"343":0,"344":0,"345":0,"346":0,"347":0,"348":0,"349":0,"350":0,"351":0,"352":0,"353":0,"354":0,"355":0,"356":0,"357":0,"358":0,"359":0,"360":0,"361":0,"362":0,"363":0,"364":0,"365":0,"366":0,"367":0,"368":0,"369":0,"370":0,"371":0,"372":0,"373":0,"374":0,"375":0,"376":0,"377":0,"378":0,"379":0,"380":0,"381":0,"382":0,"383":0,"384":0,"385":0,"386":0},"f":{"0":0,"1":0,"2":0,"3":0,"4":0,"5":0,"6":0,"7":0,"8":0,"9":0,"10":0,"11":0,"12":0,"13":0,"14":0,"15":0,"16":0,"17":0,"18":0,"19":0,"20":0,"21":0,"22":0,"23":0,"24":0,"25":0,"26":0,"27":0,"28":0,"29":0,"30":0,"31":0,"32":0,"33":0},"b":{"0":[0,0],"1":[0,0],"2":[0,0],"3":[0,0],"4":[0,0],"5":[0,0],"6":[0,0],"7":[0,0],"8":[0,0],"9":[0,0],"10":[0,0],"11":[0,0],"12":[0,0],"13":[0,0],"14":[0,0],"15":[0,0],"16":[0,0],"17":[0,0],"18":[0,0],"19":[0,0],"20":[0,0],"21":[0,0],"22":[0,0],"23":[0,0],"24":[0,0],"25":[0,0],"26":[0,0],"27":[0,0],"28":[0,0],"29":[0,0],"30":[0,0],"31":[0,0],"32":[0,0],"33":[0,0],"34":[0,0],"35":[0,0],"36":[0,0],"37":[0,0],"38":[0,0],"39":[0,0,0],"40":[0,0],"41":[0,0],"42":[0,0],"43":[0,0],"44":[0,0],"45":[0,0],"46":[0,0],"47":[0,0],"48":[0,0],"49":[0,0],"50":[0,0],"51":[0,0],"52":[0,0],"53":[0,0],"54":[0,0],"55":[0,0],"56":[0,0],"57":[0,0],"58":[0,0],"59":[0,0],"60":[0,0],"61":[0,0],"62":[0,0],"63":[0,0],"64":[0,0],"65":[0,0],"66":[0,0],"67":[0,0],"68":[0,0],"69":[0,0],"70":[0,0],"71":[0,0],"72":[0,0],"73":[0,0],"74":[0,0],"75":[0,0],"76":[0,0]}}
,"E:\\web apps\\full stack\\whist\\utils\\gameLogic.js": {"path":"E:\\web apps\\full stack\\whist\\utils\\gameLogic.js","statementMap":{"0":{"start":{"line":5,"column":16},"end":{"line":5,"column":36}},"1":{"start":{"line":6,"column":16},"end":{"line":6,"column":82}},"2":{"start":{"line":7,"column":15},"end":{"line":7,"column":17}},"3":{"start":{"line":9,"column":2},"end":{"line":13,"column":3}},"4":{"start":{"line":10,"column":4},"end":{"line":12,"column":5}},"5":{"start":{"line":11,"column":6},"end":{"line":11,"column":29}},"6":{"start":{"line":15,"column":2},"end":{"line":15,"column":14}},"7":{"start":{"line":20,"column":19},"end":{"line":20,"column":28}},"8":{"start":{"line":21,"column":2},"end":{"line":24,"column":3}},"9":{"start":{"line":21,"column":15},"end":{"line":21,"column":34}},"10":{"start":{"line":22,"column":14},"end":{"line":22,"column":49}},"11":{"start":{"line":23,"column":4},"end":{"line":23,"column":60}},"12":{"start":{"line":25,"column":2},"end":{"line":25,"column":18}},"13":{"start":{"line":31,"column":15},"end":{"line":31,"column":42}},"14":{"start":{"line":32,"column":27},"end":{"line":32,"column":29}},"15":{"start":{"line":33,"column":2},"end":{"line":38,"column":4}},"16":{"start":{"line":43,"column":15},"end":{"line":43,"column":32}},"17":{"start":{"line":44,"column":17},"end":{"line":44,"column":55}},"18":{"start":{"line":45,"column":2},"end":{"line":45,"column":40}},"19":{"start":{"line":50,"column":2},"end":{"line":50,"column":24}},"20":{"start":{"line":55,"column":20},"end":{"line":55,"column":28}},"21":{"start":{"line":57,"column":2},"end":{"line":79,"column":3}},"22":{"start":{"line":57,"column":15},"end":{"line":57,"column":16}},"23":{"start":{"line":58,"column":24},"end":{"line":58,"column":37}},"24":{"start":{"line":59,"column":24},"end":{"line":59,"column":40}},"25":{"start":{"line":60,"column":24},"end":{"line":60,"column":48}},"26":{"start":{"line":61,"column":24},"end":{"line":61,"column":48}},"27":{"start":{"line":64,"column":4},"end":{"line":78,"column":5}},"28":{"start":{"line":65,"column":6},"end":{"line":65,"column":29}},"29":{"start":{"line":68,"column":9},"end":{"line":78,"column":5}},"30":{"start":{"line":69,"column":6},"end":{"line":71,"column":7}},"31":{"start":{"line":70,"column":8},"end":{"line":70,"column":31}},"32":{"start":{"line":74,"column":9},"end":{"line":78,"column":5}},"33":{"start":{"line":75,"column":6},"end":{"line":77,"column":7}},"34":{"start":{"line":76,"column":8},"end":{"line":76,"column":31}},"35":{"start":{"line":81,"column":2},"end":{"line":81,"column":30}},"36":{"start":{"line":87,"column":2},"end":{"line":89,"column":3}},"37":{"start":{"line":88,"column":4},"end":{"line":88,"column":31}},"38":{"start":{"line":91,"column":19},"end":{"line":91,"column":36}},"39":{"start":{"line":94,"column":22},"end":{"line":94,"column":65}},"40":{"start":{"line":94,"column":37},"end":{"line":94,"column":64}},"41":{"start":{"line":96,"column":2},"end":{"line":98,"column":3}},"42":{"start":{"line":97,"column":4},"end":{"line":97,"column":17}},"43":{"start":{"line":100,"column":2},"end":{"line":100,"column":29}},"44":{"start":{"line":105,"column":20},"end":{"line":105,"column":54}},"45":{"start":{"line":107,"column":2},"end":{"line":116,"column":5}},"46":{"start":{"line":108,"column":18},"end":{"line":108,"column":32}},"47":{"start":{"line":109,"column":18},"end":{"line":109,"column":32}},"48":{"start":{"line":111,"column":4},"end":{"line":113,"column":5}},"49":{"start":{"line":112,"column":6},"end":{"line":112,"column":49}},"50":{"start":{"line":115,"column":4},"end":{"line":115,"column":45}},"51":{"start":{"line":122,"column":16},"end":{"line":122,"column":59}},"52":{"start":{"line":123,"column":2},"end":{"line":123,"column":54}},"53":{"start":{"line":128,"column":2},"end":{"line":128,"column":46}},"54":{"start":{"line":128,"column":37},"end":{"line":128,"column":46}},"55":{"start":{"line":129,"column":2},"end":{"line":129,"column":47}},"56":{"start":{"line":129,"column":37},"end":{"line":129,"column":47}},"57":{"start":{"line":131,"column":20},"end":{"line":131,"column":49}},"58":{"start":{"line":132,"column":20},"end":{"line":132,"column":49}},"59":{"start":{"line":134,"column":2},"end":{"line":134,"column":38}},"60":{"start":{"line":134,"column":29},"end":{"line":134,"column":38}},"61":{"start":{"line":135,"column":2},"end":{"line":135,"column":39}},"62":{"start":{"line":135,"column":29},"end":{"line":135,"column":39}},"63":{"start":{"line":136,"column":2},"end":{"line":136,"column":11}},"64":{"start":{"line":141,"column":22},"end":{"line":141,"column":49}},"65":{"start":{"line":142,"column":2},"end":{"line":144,"column":3}},"66":{"start":{"line":143,"column":4},"end":{"line":143,"column":17}},"67":{"start":{"line":146,"column":2},"end":{"line":148,"column":3}},"68":{"start":{"line":147,"column":4},"end":{"line":147,"column":17}},"69":{"start":{"line":150,"column":2},"end":{"line":150,"column":14}},"70":{"start":{"line":155,"column":19},"end":{"line":155,"column":20}},"71":{"start":{"line":158,"column":2},"end":{"line":177,"column":3}},"72":{"start":{"line":159,"column":4},"end":{"line":169,"column":5}},"73":{"start":{"line":161,"column":6},"end":{"line":161,"column":41}},"74":{"start":{"line":164,"column":6},"end":{"line":168,"column":7}},"75":{"start":{"line":165,"column":8},"end":{"line":165,"column":48}},"76":{"start":{"line":167,"column":8},"end":{"line":167,"column":48}},"77":{"start":{"line":170,"column":9},"end":{"line":177,"column":3}},"78":{"start":{"line":172,"column":4},"end":{"line":172,"column":46}},"79":{"start":{"line":175,"column":16},"end":{"line":175,"column":41}},"80":{"start":{"line":176,"column":4},"end":{"line":176,"column":27}},"81":{"start":{"line":179,"column":2},"end":{"line":179,"column":20}},"82":{"start":{"line":182,"column":0},"end":{"line":195,"column":2}}},"fnMap":{"0":{"name":"generateDeck","decl":{"start":{"line":4,"column":9},"end":{"line":4,"column":21}},"loc":{"start":{"line":4,"column":24},"end":{"line":16,"column":1}},"line":4},"1":{"name":"shuffleDeck","decl":{"start":{"line":19,"column":9},"end":{"line":19,"column":20}},"loc":{"start":{"line":19,"column":27},"end":{"line":26,"column":1}},"line":19},"2":{"name":"dealCards","decl":{"start":{"line":30,"column":9},"end":{"line":30,"column":18}},"loc":{"start":{"line":30,"column":21},"end":{"line":39,"column":1}},"line":30},"3":{"name":"getCardValue","decl":{"start":{"line":42,"column":9},"end":{"line":42,"column":21}},"loc":{"start":{"line":42,"column":28},"end":{"line":46,"column":1}},"line":42},"4":{"name":"getCardSuit","decl":{"start":{"line":49,"column":9},"end":{"line":49,"column":20}},"loc":{"start":{"line":49,"column":27},"end":{"line":51,"column":1}},"line":49},"5":{"name":"determineTrickWinner","decl":{"start":{"line":54,"column":9},"end":{"line":54,"column":29}},"loc":{"start":{"line":54,"column":58},"end":{"line":82,"column":1}},"line":54},"6":{"name":"isValidPlay","decl":{"start":{"line":85,"column":9},"end":{"line":85,"column":20}},"loc":{"start":{"line":85,"column":57},"end":{"line":101,"column":1}},"line":85},"7":{"name":"(anonymous_7)","decl":{"start":{"line":94,"column":32},"end":{"line":94,"column":33}},"loc":{"start":{"line":94,"column":37},"end":{"line":94,"column":64}},"line":94},"8":{"name":"sortHand","decl":{"start":{"line":104,"column":9},"end":{"line":104,"column":17}},"loc":{"start":{"line":104,"column":24},"end":{"line":117,"column":1}},"line":104},"9":{"name":"(anonymous_9)","decl":{"start":{"line":107,"column":19},"end":{"line":107,"column":20}},"loc":{"start":{"line":107,"column":29},"end":{"line":116,"column":3}},"line":107},"10":{"name":"getAuctionSuitRank","decl":{"start":{"line":120,"column":9},"end":{"line":120,"column":27}},"loc":{"start":{"line":120,"column":34},"end":{"line":124,"column":1}},"line":120},"11":{"name":"compareAuctionBids","decl":{"start":{"line":127,"column":9},"end":{"line":127,"column":27}},"loc":{"start":{"line":127,"column":40},"end":{"line":137,"column":1}},"line":127},"12":{"name":"isValidAuctionBid","decl":{"start":{"line":140,"column":9},"end":{"line":140,"column":26}},"loc":{"start":{"line":140,"column":56},"end":{"line":151,"column":1}},"line":140},"13":{"name":"calculateRoundScore","decl":{"start":{"line":154,"column":9},"end":{"line":154,"column":28}},"loc":{"start":{"line":154,"column":53},"end":{"line":180,"column":1}},"line":154}},"branchMap":{"0":{"loc":{"start":{"line":45,"column":9},"end":{"line":45,"column":39}},"type":"binary-expr","locations":[{"start":{"line":45,"column":9},"end":{"line":45,"column":21}},{"start":{"line":45,"column":25},"end":{"line":45,"column":39}}],"line":45},"1":{"loc":{"start":{"line":64,"column":4},"end":{"line":78,"column":5}},"type":"if","locations":[{"start":{"line":64,"column":4},"end":{"line":78,"column":5}},{"start":{"line":68,"column":9},"end":{"line":78,"column":5}}],"line":64},"2":{"loc":{"start":{"line":64,"column":8},"end":{"line":64,"column":62}},"type":"binary-expr","locations":[{"start":{"line":64,"column":8},"end":{"line":64,"column":33}},{"start":{"line":64,"column":37},"end":{"line":64,"column":62}}],"line":64},"3":{"loc":{"start":{"line":68,"column":9},"end":{"line":78,"column":5}},"type":"if","locations":[{"start":{"line":68,"column":9},"end":{"line":78,"column":5}},{"start":{"line":74,"column":9},"end":{"line":78,"column":5}}],"line":68},"4":{"loc":{"start":{"line":68,"column":13},"end":{"line":68,"column":67}},"type":"binary-expr","locations":[{"start":{"line":68,"column":13},"end":{"line":68,"column":38}},{"start":{"line":68,"column":42},"end":{"line":68,"column":67}}],"line":68},"5":{"loc":{"start":{"line":69,"column":6},"end":{"line":71,"column":7}},"type":"if","locations":[{"start":{"line":69,"column":6},"end":{"line":71,"column":7}},{"start":{},"end":{}}],"line":69},"6":{"loc":{"start":{"line":74,"column":9},"end":{"line":78,"column":5}},"type":"if","locations":[{"start":{"line":74,"column":9},"end":{"line":78,"column":5}},{"start":{},"end":{}}],"line":74},"7":{"loc":{"start":{"line":74,"column":13},"end":{"line":74,"column":66}},"type":"binary-expr","locations":[{"start":{"line":74,"column":13},"end":{"line":74,"column":37}},{"start":{"line":74,"column":41},"end":{"line":74,"column":66}}],"line":74},"8":{"loc":{"start":{"line":75,"column":6},"end":{"line":77,"column":7}},"type":"if","locations":[{"start":{"line":75,"column":6},"end":{"line":77,"column":7}},{"start":{},"end":{}}],"line":75},"9":{"loc":{"start":{"line":75,"column":10},"end":{"line":75,"column":91}},"type":"binary-expr","locations":[{"start":{"line":75,"column":10},"end":{"line":75,"column":34}},{"start":{"line":75,"column":38},"end":{"line":75,"column":91}}],"line":75},"10":{"loc":{"start":{"line":87,"column":2},"end":{"line":89,"column":3}},"type":"if","locations":[{"start":{"line":87,"column":2},"end":{"line":89,"column":3}},{"start":{},"end":{}}],"line":87},"11":{"loc":{"start":{"line":96,"column":2},"end":{"line":98,"column":3}},"type":"if","locations":[{"start":{"line":96,"column":2},"end":{"line":98,"column":3}},{"start":{},"end":{}}],"line":96},"12":{"loc":{"start":{"line":96,"column":6},"end":{"line":96,"column":42}},"type":"binary-expr","locations":[{"start":{"line":96,"column":6},"end":{"line":96,"column":17}},{"start":{"line":96,"column":21},"end":{"line":96,"column":42}}],"line":96},"13":{"loc":{"start":{"line":111,"column":4},"end":{"line":113,"column":5}},"type":"if","locations":[{"start":{"line":111,"column":4},"end":{"line":113,"column":5}},{"start":{},"end":{}}],"line":111},"14":{"loc":{"start":{"line":123,"column":9},"end":{"line":123,"column":53}},"type":"cond-expr","locations":[{"start":{"line":123,"column":37},"end":{"line":123,"column":48}},{"start":{"line":123,"column":51},"end":{"line":123,"column":53}}],"line":123},"15":{"loc":{"start":{"line":128,"column":2},"end":{"line":128,"column":46}},"type":"if","locations":[{"start":{"line":128,"column":2},"end":{"line":128,"column":46}},{"start":{},"end":{}}],"line":128},"16":{"loc":{"start":{"line":129,"column":2},"end":{"line":129,"column":47}},"type":"if","locations":[{"start":{"line":129,"column":2},"end":{"line":129,"column":47}},{"start":{},"end":{}}],"line":129},"17":{"loc":{"start":{"line":134,"column":2},"end":{"line":134,"column":38}},"type":"if","locations":[{"start":{"line":134,"column":2},"end":{"line":134,"column":38}},{"start":{},"end":{}}],"line":134},"18":{"loc":{"start":{"line":135,"column":2},"end":{"line":135,"column":39}},"type":"if","locations":[{"start":{"line":135,"column":2},"end":{"line":135,"column":39}},{"start":{},"end":{}}],"line":135},"19":{"loc":{"start":{"line":142,"column":2},"end":{"line":144,"column":3}},"type":"if","locations":[{"start":{"line":142,"column":2},"end":{"line":144,"column":3}},{"start":{},"end":{}}],"line":142},"20":{"loc":{"start":{"line":142,"column":6},"end":{"line":142,"column":61}},"type":"binary-expr","locations":[{"start":{"line":142,"column":6},"end":{"line":142,"column":32}},{"start":{"line":142,"column":36},"end":{"line":142,"column":61}}],"line":142},"21":{"loc":{"start":{"line":146,"column":2},"end":{"line":148,"column":3}},"type":"if","locations":[{"start":{"line":146,"column":2},"end":{"line":148,"column":3}},{"start":{},"end":{}}],"line":146},"22":{"loc":{"start":{"line":146,"column":6},"end":{"line":146,"column":60}},"type":"binary-expr","locations":[{"start":{"line":146,"column":6},"end":{"line":146,"column":16}},{"start":{"line":146,"column":20},"end":{"line":146,"column":60}}],"line":146},"23":{"loc":{"start":{"line":158,"column":2},"end":{"line":177,"column":3}},"type":"if","locations":[{"start":{"line":158,"column":2},"end":{"line":177,"column":3}},{"start":{"line":170,"column":9},"end":{"line":177,"column":3}}],"line":158},"24":{"loc":{"start":{"line":159,"column":4},"end":{"line":169,"column":5}},"type":"if","locations":[{"start":{"line":159,"column":4},"end":{"line":169,"column":5}},{"start":{"line":162,"column":11},"end":{"line":169,"column":5}}],"line":159},"25":{"loc":{"start":{"line":161,"column":19},"end":{"line":161,"column":40}},"type":"cond-expr","locations":[{"start":{"line":161,"column":33},"end":{"line":161,"column":35}},{"start":{"line":161,"column":38},"end":{"line":161,"column":40}}],"line":161},"26":{"loc":{"start":{"line":164,"column":6},"end":{"line":168,"column":7}},"type":"if","locations":[{"start":{"line":164,"column":6},"end":{"line":168,"column":7}},{"start":{"line":166,"column":13},"end":{"line":168,"column":7}}],"line":164},"27":{"loc":{"start":{"line":170,"column":9},"end":{"line":177,"column":3}},"type":"if","locations":[{"start":{"line":170,"column":9},"end":{"line":177,"column":3}},{"start":{"line":173,"column":9},"end":{"line":177,"column":3}}],"line":170}},"s":{"0":10,"1":10,"2":10,"3":10,"4":40,"5":520,"6":10,"7":6,"8":6,"9":6,"10":306,"11":306,"12":6,"13":2,"14":2,"15":2,"16":29,"17":29,"18":29,"19":68,"20":4,"21":4,"22":4,"23":12,"24":12,"25":12,"26":12,"27":12,"28":1,"29":11,"30":2,"31":1,"32":9,"33":2,"34":1,"35":4,"36":6,"37":2,"38":4,"39":4,"40":8,"41":4,"42":1,"43":3,"44":2,"45":2,"46":14,"47":14,"48":14,"49":7,"50":7,"51":18,"52":18,"53":10,"54":2,"55":8,"56":2,"57":6,"58":6,"59":6,"60":3,"61":3,"62":2,"63":1,"64":11,"65":11,"66":4,"67":7,"68":2,"69":5,"70":17,"71":17,"72":9,"73":3,"74":6,"75":3,"76":3,"77":8,"78":4,"79":4,"80":4,"81":17,"82":1},"f":{"0":10,"1":6,"2":2,"3":29,"4":68,"5":4,"6":6,"7":8,"8":2,"9":14,"10":18,"11":10,"12":11,"13":17},"b":{"0":[29,18],"1":[1,11],"2":[12,3],"3":[2,9],"4":[11,2],"5":[1,1],"6":[2,7],"7":[9,5],"8":[1,1],"9":[2,2],"10":[2,4],"11":[1,3],"12":[4,2],"13":[7,7],"14":[17,1],"15":[2,8],"16":[2,6],"17":[3,3],"18":[2,1],"19":[4,7],"20":[11,9],"21":[2,5],"22":[7,4],"23":[9,8],"24":[3,6],"25":[1,2],"26":[3,3],"27":[4,4]},"_coverageSchema":"1a1c01bbd47fc00a2c39e90264f33305004495a9","hash":"071cfde383779c98a6be80d0749e6c5d61a47d91"}
,"E:\\web apps\\full stack\\whist\\utils\\logToFile.js": {"path":"E:\\web apps\\full stack\\whist\\utils\\logToFile.js","statementMap":{"0":{"start":{"line":1,"column":11},"end":{"line":1,"column":24}},"1":{"start":{"line":2,"column":13},"end":{"line":2,"column":28}},"2":{"start":{"line":4,"column":16},"end":{"line":4,"column":47}},"3":{"start":{"line":5,"column":0},"end":{"line":7,"column":1}},"4":{"start":{"line":6,"column":2},"end":{"line":6,"column":45}},"5":{"start":{"line":11,"column":19},"end":{"line":11,"column":61}},"6":{"start":{"line":12,"column":16},"end":{"line":12,"column":62}},"7":{"start":{"line":13,"column":2},"end":{"line":13,"column":51}},"8":{"start":{"line":18,"column":19},"end":{"line":18,"column":61}},"9":{"start":{"line":19,"column":16},"end":{"line":19,"column":60}},"10":{"start":{"line":20,"column":2},"end":{"line":24,"column":5}},"11":{"start":{"line":21,"column":4},"end":{"line":23,"column":5}},"12":{"start":{"line":22,"column":6},"end":{"line":22,"column":62}},"13":{"start":{"line":29,"column":19},"end":{"line":29,"column":61}},"14":{"start":{"line":30,"column":16},"end":{"line":30,"column":59}},"15":{"start":{"line":31,"column":2},"end":{"line":35,"column":5}},"16":{"start":{"line":32,"column":4},"end":{"line":34,"column":5}},"17":{"start":{"line":33,"column":6},"end":{"line":33,"column":59}},"18":{"start":{"line":38,"column":0},"end":{"line":42,"column":2}}},"fnMap":{"0":{"name":"createRoomLog","decl":{"start":{"line":10,"column":9},"end":{"line":10,"column":22}},"loc":{"start":{"line":10,"column":33},"end":{"line":14,"column":1}},"line":10},"1":{"name":"appendRoomLog","decl":{"start":{"line":17,"column":9},"end":{"line":17,"column":22}},"loc":{"start":{"line":17,"column":42},"end":{"line":25,"column":1}},"line":17},"2":{"name":"(anonymous_2)","decl":{"start":{"line":20,"column":33},"end":{"line":20,"column":34}},"loc":{"start":{"line":20,"column":40},"end":{"line":24,"column":3}},"line":20},"3":{"name":"closeRoomLog","decl":{"start":{"line":28,"column":9},"end":{"line":28,"column":21}},"loc":{"start":{"line":28,"column":56},"end":{"line":36,"column":1}},"line":28},"4":{"name":"(anonymous_4)","decl":{"start":{"line":31,"column":33},"end":{"line":31,"column":34}},"loc":{"start":{"line":31,"column":40},"end":{"line":35,"column":3}},"line":31}},"branchMap":{"0":{"loc":{"start":{"line":5,"column":0},"end":{"line":7,"column":1}},"type":"if","locations":[{"start":{"line":5,"column":0},"end":{"line":7,"column":1}},{"start":{},"end":{}}],"line":5},"1":{"loc":{"start":{"line":21,"column":4},"end":{"line":23,"column":5}},"type":"if","locations":[{"start":{"line":21,"column":4},"end":{"line":23,"column":5}},{"start":{},"end":{}}],"line":21},"2":{"loc":{"start":{"line":28,"column":32},"end":{"line":28,"column":54}},"type":"default-arg","locations":[{"start":{"line":28,"column":41},"end":{"line":28,"column":54}}],"line":28},"3":{"loc":{"start":{"line":32,"column":4},"end":{"line":34,"column":5}},"type":"if","locations":[{"start":{"line":32,"column":4},"end":{"line":34,"column":5}},{"start":{},"end":{}}],"line":32}},"s":{"0":0,"1":0,"2":0,"3":0,"4":0,"5":0,"6":0,"7":0,"8":0,"9":0,"10":0,"11":0,"12":0,"13":0,"14":0,"15":0,"16":0,"17":0,"18":0},"f":{"0":0,"1":0,"2":0,"3":0,"4":0},"b":{"0":[0,0],"1":[0,0],"2":[0],"3":[0,0]}}
}
