TN:
SF:middleware\auth.js
FN:3,(anonymous_0)
FNF:1
FNH:1
FNDA:18,(anonymous_0)
DA:1,2
DA:3,2
DA:4,18
DA:5,18
DA:7,14
DA:8,14
DA:9,10
DA:10,10
DA:12,4
LF:9
LH:9
BRDA:5,0,0,4
BRDA:5,0,1,14
BRF:2
BRH:2
end_of_record
TN:
SF:models\Game.js
FN:14,(anonymous_0)
FNF:1
FNH:1
FNDA:23,(anonymous_0)
DA:1,1
DA:3,1
DA:15,23
DA:62,1
LF:4
LH:4
BRF:0
BRH:0
end_of_record
TN:
SF:models\User.js
FNF:0
FNH:0
DA:1,1
DA:3,1
DA:9,1
LF:3
LH:3
BRF:0
BRH:0
end_of_record
TN:
SF:routes\auth.js
FN:13,(anonymous_0)
FN:37,(anonymous_1)
FN:57,(anonymous_2)
FNF:3
FNH:3
FNDA:5,(anonymous_0)
FNDA:5,(anonymous_1)
FNDA:3,(anonymous_2)
DA:1,1
DA:2,1
DA:3,1
DA:4,1
DA:5,1
DA:6,1
DA:7,1
DA:10,1
DA:14,5
DA:15,5
DA:17,3
DA:18,3
DA:19,3
DA:20,3
DA:22,2
DA:23,2
DA:24,2
DA:26,1
DA:27,1
DA:29,1
DA:34,1
DA:38,5
DA:39,5
DA:41,4
DA:42,4
DA:43,4
DA:44,3
DA:46,2
DA:47,2
DA:49,1
DA:50,1
DA:52,1
DA:57,1
DA:58,3
DA:59,3
DA:60,2
DA:61,1
DA:63,1
DA:67,1
LF:39
LH:39
BRDA:15,0,0,2
BRDA:15,0,1,3
BRDA:20,1,0,1
BRDA:20,1,1,2
BRDA:39,2,0,1
BRDA:39,2,1,4
BRDA:44,3,0,1
BRDA:44,3,1,2
BRDA:47,4,0,1
BRDA:47,4,1,1
BRDA:60,5,0,1
BRDA:60,5,1,1
BRF:12
BRH:12
end_of_record
TN:
SF:sockets\gameSocket.js
FN:7,(anonymous_0)
FN:8,(anonymous_1)
FN:12,(anonymous_2)
FN:43,(anonymous_3)
FN:53,(anonymous_4)
FN:108,(anonymous_5)
FN:118,(anonymous_6)
FN:132,(anonymous_7)
FN:183,(anonymous_8)
FN:197,(anonymous_9)
FN:248,(anonymous_10)
FN:278,(anonymous_11)
FN:292,(anonymous_12)
FN:316,(anonymous_13)
FN:330,(anonymous_14)
FN:355,(anonymous_15)
FN:364,(anonymous_16)
FN:388,(anonymous_17)
FN:402,(anonymous_18)
FN:429,(anonymous_19)
FN:436,generateRoomCode
FN:440,startGame
FN:477,endRound
FN:479,(anonymous_23)
FN:486,(anonymous_24)
FN:508,(anonymous_25)
FN:526,(anonymous_26)
FN:552,advanceAuctionTurn
FN:556,(anonymous_28)
FNF:29
FNH:0
FNDA:0,(anonymous_0)
FNDA:0,(anonymous_1)
FNDA:0,(anonymous_2)
FNDA:0,(anonymous_3)
FNDA:0,(anonymous_4)
FNDA:0,(anonymous_5)
FNDA:0,(anonymous_6)
FNDA:0,(anonymous_7)
FNDA:0,(anonymous_8)
FNDA:0,(anonymous_9)
FNDA:0,(anonymous_10)
FNDA:0,(anonymous_11)
FNDA:0,(anonymous_12)
FNDA:0,(anonymous_13)
FNDA:0,(anonymous_14)
FNDA:0,(anonymous_15)
FNDA:0,(anonymous_16)
FNDA:0,(anonymous_17)
FNDA:0,(anonymous_18)
FNDA:0,(anonymous_19)
FNDA:0,generateRoomCode
FNDA:0,startGame
FNDA:0,endRound
FNDA:0,(anonymous_23)
FNDA:0,(anonymous_24)
FNDA:0,(anonymous_25)
FNDA:0,(anonymous_26)
FNDA:0,advanceAuctionTurn
FNDA:0,(anonymous_28)
DA:1,0
DA:2,0
DA:5,0
DA:7,0
DA:8,0
DA:9,0
DA:12,0
DA:13,0
DA:14,0
DA:15,0
DA:27,0
DA:28,0
DA:30,0
DA:31,0
DA:34,0
DA:36,0
DA:38,0
DA:43,0
DA:44,0
DA:45,0
DA:47,0
DA:48,0
DA:49,0
DA:53,0
DA:54,0
DA:55,0
DA:56,0
DA:57,0
DA:60,0
DA:61,0
DA:62,0
DA:65,0
DA:66,0
DA:67,0
DA:71,0
DA:80,0
DA:90,0
DA:92,0
DA:93,0
DA:96,0
DA:99,0
DA:100,0
DA:103,0
DA:108,0
DA:109,0
DA:110,0
DA:111,0
DA:113,0
DA:118,0
DA:119,0
DA:120,0
DA:122,0
DA:123,0
DA:124,0
DA:127,0
DA:128,0
DA:129,0
DA:132,0
DA:133,0
DA:134,0
DA:135,0
DA:138,0
DA:139,0
DA:140,0
DA:143,0
DA:144,0
DA:145,0
DA:148,0
DA:151,0
DA:152,0
DA:153,0
DA:154,0
DA:155,0
DA:156,0
DA:158,0
DA:159,0
DA:163,0
DA:169,0
DA:172,0
DA:175,0
DA:177,0
DA:178,0
DA:183,0
DA:184,0
DA:185,0
DA:187,0
DA:188,0
DA:189,0
DA:192,0
DA:193,0
DA:194,0
DA:197,0
DA:198,0
DA:199,0
DA:200,0
DA:203,0
DA:204,0
DA:205,0
DA:209,0
DA:211,0
DA:214,0
DA:215,0
DA:219,0
DA:220,0
DA:221,0
DA:222,0
DA:223,0
DA:224,0
DA:225,0
DA:227,0
DA:228,0
DA:229,0
DA:230,0
DA:233,0
DA:234,0
DA:235,0
DA:239,0
DA:242,0
DA:245,0
DA:247,0
DA:248,0
DA:250,0
DA:251,0
DA:252,0
DA:253,0
DA:254,0
DA:257,0
DA:258,0
DA:259,0
DA:260,0
DA:261,0
DA:263,0
DA:264,0
DA:265,0
DA:266,0
DA:270,0
DA:272,0
DA:273,0
DA:278,0
DA:279,0
DA:280,0
DA:282,0
DA:283,0
DA:284,0
DA:287,0
DA:288,0
DA:289,0
DA:292,0
DA:293,0
DA:294,0
DA:295,0
DA:298,0
DA:299,0
DA:300,0
DA:304,0
DA:305,0
DA:308,0
DA:309,0
DA:310,0
DA:314,0
DA:315,0
DA:316,0
DA:317,0
DA:318,0
DA:319,0
DA:324,0
DA:327,0
DA:330,0
DA:331,0
DA:333,0
DA:334,0
DA:335,0
DA:336,0
DA:338,0
DA:339,0
DA:340,0
DA:343,0
DA:344,0
DA:345,0
DA:346,0
DA:349,0
DA:350,0
DA:355,0
DA:356,0
DA:357,0
DA:359,0
DA:360,0
DA:361,0
DA:364,0
DA:365,0
DA:366,0
DA:367,0
DA:370,0
DA:371,0
DA:372,0
DA:376,0
DA:377,0
DA:378,0
DA:382,0
DA:383,0
DA:387,0
DA:388,0
DA:391,0
DA:392,0
DA:393,0
DA:395,0
DA:402,0
DA:403,0
DA:404,0
DA:405,0
DA:408,0
DA:409,0
DA:411,0
DA:412,0
DA:413,0
DA:418,0
DA:419,0
DA:420,0
DA:421,0
DA:424,0
DA:425,0
DA:429,0
DA:430,0
DA:437,0
DA:441,0
DA:442,0
DA:445,0
DA:446,0
DA:450,0
DA:452,0
DA:453,0
DA:454,0
DA:455,0
DA:458,0
DA:459,0
DA:460,0
DA:461,0
DA:462,0
DA:463,0
DA:466,0
DA:468,0
DA:469,0
DA:471,0
DA:473,0
DA:479,0
DA:480,0
DA:481,0
DA:482,0
DA:485,0
DA:486,0
DA:488,0
DA:490,0
DA:493,0
DA:494,0
DA:496,0
DA:499,0
DA:501,0
DA:504,0
DA:505,0
DA:508,0
DA:509,0
DA:510,0
DA:512,0
DA:516,0
DA:519,0
DA:520,0
DA:521,0
DA:522,0
DA:525,0
DA:526,0
DA:528,0
DA:531,0
DA:532,0
DA:534,0
DA:535,0
DA:536,0
DA:537,0
DA:540,0
DA:541,0
DA:542,0
DA:543,0
DA:544,0
DA:546,0
DA:547,0
DA:548,0
DA:554,0
DA:556,0
DA:557,0
DA:560,0
DA:561,0
DA:562,0
DA:563,0
DA:564,0
DA:565,0
DA:566,0
DA:571,0
DA:572,0
DA:574,0
DA:575,0
DA:576,0
DA:580,0
DA:581,0
DA:584,0
DA:585,0
DA:589,0
DA:590,0
DA:591,0
DA:592,0
DA:593,0
DA:594,0
DA:595,0
DA:597,0
DA:598,0
DA:599,0
DA:600,0
DA:604,0
DA:605,0
DA:606,0
DA:607,0
LF:319
LH:0
BRDA:45,0,0,0
BRDA:45,0,1,0
BRDA:47,1,0,0
BRDA:47,1,1,0
BRDA:54,2,0,0
BRDA:54,2,1,0
BRDA:60,3,0,0
BRDA:60,3,1,0
BRDA:65,4,0,0
BRDA:65,4,1,0
BRDA:99,5,0,0
BRDA:99,5,1,0
BRDA:120,6,0,0
BRDA:120,6,1,0
BRDA:122,7,0,0
BRDA:122,7,1,0
BRDA:127,8,0,0
BRDA:127,8,1,0
BRDA:133,9,0,0
BRDA:133,9,1,0
BRDA:138,10,0,0
BRDA:138,10,1,0
BRDA:143,11,0,0
BRDA:143,11,1,0
BRDA:152,12,0,0
BRDA:152,12,1,0
BRDA:155,13,0,0
BRDA:155,13,1,0
BRDA:185,14,0,0
BRDA:185,14,1,0
BRDA:187,15,0,0
BRDA:187,15,1,0
BRDA:192,16,0,0
BRDA:192,16,1,0
BRDA:198,17,0,0
BRDA:198,17,1,0
BRDA:203,18,0,0
BRDA:203,18,1,0
BRDA:209,19,0,0
BRDA:209,19,1,0
BRDA:209,20,0,0
BRDA:209,20,1,0
BRDA:214,21,0,0
BRDA:214,21,1,0
BRDA:215,22,0,0
BRDA:215,22,1,0
BRDA:223,23,0,0
BRDA:223,23,1,0
BRDA:233,24,0,0
BRDA:233,24,1,0
BRDA:245,25,0,0
BRDA:245,25,1,0
BRDA:280,26,0,0
BRDA:280,26,1,0
BRDA:282,27,0,0
BRDA:282,27,1,0
BRDA:287,28,0,0
BRDA:287,28,1,0
BRDA:293,29,0,0
BRDA:293,29,1,0
BRDA:298,30,0,0
BRDA:298,30,1,0
BRDA:308,31,0,0
BRDA:308,31,1,0
BRDA:308,32,0,0
BRDA:308,32,1,0
BRDA:308,32,2,0
BRDA:315,33,0,0
BRDA:315,33,1,0
BRDA:316,34,0,0
BRDA:316,34,1,0
BRDA:317,35,0,0
BRDA:317,35,1,0
BRDA:331,36,0,0
BRDA:331,36,1,0
BRDA:357,37,0,0
BRDA:357,37,1,0
BRDA:359,38,0,0
BRDA:359,38,1,0
BRDA:365,39,0,0
BRDA:365,39,1,0
BRDA:370,40,0,0
BRDA:370,40,1,0
BRDA:376,41,0,0
BRDA:376,41,1,0
BRDA:382,42,0,0
BRDA:382,42,1,0
BRDA:391,43,0,0
BRDA:391,43,1,0
BRDA:408,44,0,0
BRDA:408,44,1,0
BRDA:442,45,0,0
BRDA:442,45,1,0
BRDA:445,46,0,0
BRDA:445,46,1,0
BRDA:485,47,0,0
BRDA:485,47,1,0
BRDA:486,48,0,0
BRDA:486,48,1,0
BRDA:488,49,0,0
BRDA:488,49,1,0
BRDA:490,50,0,0
BRDA:490,50,1,0
BRDA:493,51,0,0
BRDA:493,51,1,0
BRDA:499,52,0,0
BRDA:499,52,1,0
BRDA:509,53,0,0
BRDA:509,53,1,0
BRDA:519,54,0,0
BRDA:519,54,1,0
BRDA:543,55,0,0
BRDA:543,55,1,0
BRDA:554,56,0,0
BRDA:554,56,1,0
BRDA:560,57,0,0
BRDA:560,57,1,0
BRDA:574,58,0,0
BRDA:574,58,1,0
BRDA:580,59,0,0
BRDA:580,59,1,0
BRDA:580,60,0,0
BRDA:580,60,1,0
BRDA:584,61,0,0
BRDA:584,61,1,0
BRDA:585,62,0,0
BRDA:585,62,1,0
BRDA:593,63,0,0
BRDA:593,63,1,0
BRF:129
BRH:0
end_of_record
TN:
SF:utils\gameLogic.js
FN:4,generateDeck
FN:19,shuffleDeck
FN:30,dealCards
FN:42,getCardValue
FN:49,getCardSuit
FN:54,determineTrickWinner
FN:85,isValidPlay
FN:94,(anonymous_7)
FN:104,sortHand
FN:107,(anonymous_9)
FN:120,getAuctionSuitRank
FN:127,compareAuctionBids
FN:140,isValidAuctionBid
FN:154,calculateRoundScore
FNF:14
FNH:14
FNDA:10,generateDeck
FNDA:6,shuffleDeck
FNDA:2,dealCards
FNDA:29,getCardValue
FNDA:68,getCardSuit
FNDA:4,determineTrickWinner
FNDA:6,isValidPlay
FNDA:8,(anonymous_7)
FNDA:2,sortHand
FNDA:14,(anonymous_9)
FNDA:18,getAuctionSuitRank
FNDA:10,compareAuctionBids
FNDA:11,isValidAuctionBid
FNDA:17,calculateRoundScore
DA:5,10
DA:6,10
DA:7,10
DA:9,10
DA:10,40
DA:11,520
DA:15,10
DA:20,6
DA:21,6
DA:22,306
DA:23,306
DA:25,6
DA:31,2
DA:32,2
DA:33,2
DA:43,29
DA:44,29
DA:45,29
DA:50,68
DA:55,4
DA:57,4
DA:58,12
DA:59,12
DA:60,12
DA:61,12
DA:64,12
DA:65,1
DA:68,11
DA:69,2
DA:70,1
DA:74,9
DA:75,2
DA:76,1
DA:81,4
DA:87,6
DA:88,2
DA:91,4
DA:94,8
DA:96,4
DA:97,1
DA:100,3
DA:105,2
DA:107,2
DA:108,14
DA:109,14
DA:111,14
DA:112,7
DA:115,7
DA:122,18
DA:123,18
DA:128,10
DA:129,8
DA:131,6
DA:132,6
DA:134,6
DA:135,3
DA:136,1
DA:141,11
DA:142,11
DA:143,4
DA:146,7
DA:147,2
DA:150,5
DA:155,17
DA:158,17
DA:159,9
DA:161,3
DA:164,6
DA:165,3
DA:167,3
DA:170,8
DA:172,4
DA:175,4
DA:176,4
DA:179,17
DA:182,1
LF:76
LH:76
BRDA:45,0,0,29
BRDA:45,0,1,18
BRDA:64,1,0,1
BRDA:64,1,1,11
BRDA:64,2,0,12
BRDA:64,2,1,3
BRDA:68,3,0,2
BRDA:68,3,1,9
BRDA:68,4,0,11
BRDA:68,4,1,2
BRDA:69,5,0,1
BRDA:69,5,1,1
BRDA:74,6,0,2
BRDA:74,6,1,7
BRDA:74,7,0,9
BRDA:74,7,1,5
BRDA:75,8,0,1
BRDA:75,8,1,1
BRDA:75,9,0,2
BRDA:75,9,1,2
BRDA:87,10,0,2
BRDA:87,10,1,4
BRDA:96,11,0,1
BRDA:96,11,1,3
BRDA:96,12,0,4
BRDA:96,12,1,2
BRDA:111,13,0,7
BRDA:111,13,1,7
BRDA:123,14,0,17
BRDA:123,14,1,1
BRDA:128,15,0,2
BRDA:128,15,1,8
BRDA:129,16,0,2
BRDA:129,16,1,6
BRDA:134,17,0,3
BRDA:134,17,1,3
BRDA:135,18,0,2
BRDA:135,18,1,1
BRDA:142,19,0,4
BRDA:142,19,1,7
BRDA:142,20,0,11
BRDA:142,20,1,9
BRDA:146,21,0,2
BRDA:146,21,1,5
BRDA:146,22,0,7
BRDA:146,22,1,4
BRDA:158,23,0,9
BRDA:158,23,1,8
BRDA:159,24,0,3
BRDA:159,24,1,6
BRDA:161,25,0,1
BRDA:161,25,1,2
BRDA:164,26,0,3
BRDA:164,26,1,3
BRDA:170,27,0,4
BRDA:170,27,1,4
BRF:56
BRH:56
end_of_record
