TN:
SF:middleware\auth.js
FN:3,(anonymous_0)
FNF:1
FNH:1
FNDA:18,(anonymous_0)
DA:1,2
DA:3,2
DA:4,18
DA:5,18
DA:7,14
DA:8,14
DA:9,10
DA:10,10
DA:12,4
LF:9
LH:9
BRDA:5,0,0,4
BRDA:5,0,1,14
BRF:2
BRH:2
end_of_record
TN:
SF:models\Game.js
FN:14,(anonymous_0)
FNF:1
FNH:1
FNDA:23,(anonymous_0)
DA:1,1
DA:3,1
DA:15,23
DA:62,1
LF:4
LH:4
BRF:0
BRH:0
end_of_record
TN:
SF:models\User.js
FNF:0
FNH:0
DA:1,1
DA:3,1
DA:15,1
LF:3
LH:3
BRF:0
BRH:0
end_of_record
TN:
SF:routes\auth.js
FN:13,(anonymous_0)
FN:37,(anonymous_1)
FN:57,(anonymous_2)
FNF:3
FNH:3
FNDA:5,(anonymous_0)
FNDA:5,(anonymous_1)
FNDA:3,(anonymous_2)
DA:1,1
DA:2,1
DA:3,1
DA:4,1
DA:5,1
DA:6,1
DA:7,1
DA:10,1
DA:14,5
DA:15,5
DA:17,3
DA:18,3
DA:19,3
DA:20,3
DA:22,2
DA:23,2
DA:24,2
DA:26,1
DA:27,1
DA:29,1
DA:34,1
DA:38,5
DA:39,5
DA:41,4
DA:42,4
DA:43,4
DA:44,3
DA:46,2
DA:47,2
DA:49,1
DA:50,1
DA:52,1
DA:57,1
DA:58,3
DA:59,3
DA:60,2
DA:61,1
DA:63,1
DA:67,1
LF:39
LH:39
BRDA:15,0,0,2
BRDA:15,0,1,3
BRDA:20,1,0,1
BRDA:20,1,1,2
BRDA:39,2,0,1
BRDA:39,2,1,4
BRDA:44,3,0,1
BRDA:44,3,1,2
BRDA:47,4,0,1
BRDA:47,4,1,1
BRDA:60,5,0,1
BRDA:60,5,1,1
BRF:12
BRH:12
end_of_record
TN:
SF:routes\rooms.js
FN:9,(anonymous_0)
FN:28,(anonymous_1)
FNF:2
FNH:0
FNDA:0,(anonymous_0)
FNDA:0,(anonymous_1)
DA:1,0
DA:2,0
DA:3,0
DA:4,0
DA:5,0
DA:9,0
DA:10,0
DA:11,0
DA:12,0
DA:13,0
DA:15,0
DA:16,0
DA:17,0
DA:20,0
DA:21,0
DA:25,0
DA:26,0
DA:27,0
DA:28,0
DA:29,0
DA:33,0
DA:35,0
DA:39,0
LF:23
LH:0
BRDA:12,0,0,0
BRDA:12,0,1,0
BRDA:12,1,0,0
BRDA:12,1,1,0
BRDA:17,2,0,0
BRDA:17,2,1,0
BRDA:20,3,0,0
BRDA:20,3,1,0
BRDA:20,4,0,0
BRDA:20,4,1,0
BRDA:25,5,0,0
BRDA:25,5,1,0
BRF:12
BRH:0
end_of_record
TN:
SF:routes\users.js
FN:8,(anonymous_0)
FNF:1
FNH:0
FNDA:0,(anonymous_0)
DA:1,0
DA:2,0
DA:3,0
DA:4,0
DA:8,0
DA:9,0
DA:10,0
DA:11,0
DA:12,0
DA:14,0
DA:15,0
DA:16,0
DA:18,0
DA:23,0
DA:24,0
DA:26,0
DA:30,0
LF:17
LH:0
BRDA:11,0,0,0
BRDA:11,0,1,0
BRDA:11,1,0,0
BRDA:11,1,1,0
BRDA:15,2,0,0
BRDA:15,2,1,0
BRDA:23,3,0,0
BRDA:23,3,1,0
BRF:8
BRH:0
end_of_record
TN:
SF:sockets\gameSocket.js
FN:8,(anonymous_0)
FN:9,(anonymous_1)
FN:13,(anonymous_2)
FN:45,(anonymous_3)
FN:53,(anonymous_4)
FN:98,(anonymous_5)
FN:110,(anonymous_6)
FN:112,(anonymous_7)
FN:136,(anonymous_8)
FN:146,(anonymous_9)
FN:160,(anonymous_10)
FN:211,(anonymous_11)
FN:225,(anonymous_12)
FN:276,(anonymous_13)
FN:306,(anonymous_14)
FN:320,(anonymous_15)
FN:344,(anonymous_16)
FN:358,(anonymous_17)
FN:383,(anonymous_18)
FN:392,(anonymous_19)
FN:416,(anonymous_20)
FN:430,(anonymous_21)
FN:457,(anonymous_22)
FN:467,(anonymous_23)
FN:489,broadcastRoomsList
FN:501,generateRoomCode
FN:505,startGame
FN:542,endRound
FN:544,(anonymous_28)
FN:551,(anonymous_29)
FN:573,(anonymous_30)
FN:591,(anonymous_31)
FN:617,advanceAuctionTurn
FN:621,(anonymous_33)
FNF:34
FNH:0
FNDA:0,(anonymous_0)
FNDA:0,(anonymous_1)
FNDA:0,(anonymous_2)
FNDA:0,(anonymous_3)
FNDA:0,(anonymous_4)
FNDA:0,(anonymous_5)
FNDA:0,(anonymous_6)
FNDA:0,(anonymous_7)
FNDA:0,(anonymous_8)
FNDA:0,(anonymous_9)
FNDA:0,(anonymous_10)
FNDA:0,(anonymous_11)
FNDA:0,(anonymous_12)
FNDA:0,(anonymous_13)
FNDA:0,(anonymous_14)
FNDA:0,(anonymous_15)
FNDA:0,(anonymous_16)
FNDA:0,(anonymous_17)
FNDA:0,(anonymous_18)
FNDA:0,(anonymous_19)
FNDA:0,(anonymous_20)
FNDA:0,(anonymous_21)
FNDA:0,(anonymous_22)
FNDA:0,(anonymous_23)
FNDA:0,broadcastRoomsList
FNDA:0,generateRoomCode
FNDA:0,startGame
FNDA:0,endRound
FNDA:0,(anonymous_28)
FNDA:0,(anonymous_29)
FNDA:0,(anonymous_30)
FNDA:0,(anonymous_31)
FNDA:0,advanceAuctionTurn
FNDA:0,(anonymous_33)
DA:1,0
DA:2,0
DA:3,0
DA:6,0
DA:8,0
DA:9,0
DA:10,0
DA:13,0
DA:14,0
DA:15,0
DA:16,0
DA:28,0
DA:29,0
DA:30,0
DA:31,0
DA:32,0
DA:33,0
DA:36,0
DA:38,0
DA:40,0
DA:45,0
DA:46,0
DA:47,0
DA:48,0
DA:49,0
DA:50,0
DA:53,0
DA:54,0
DA:55,0
DA:56,0
DA:57,0
DA:58,0
DA:59,0
DA:61,0
DA:62,0
DA:63,0
DA:65,0
DA:66,0
DA:67,0
DA:70,0
DA:77,0
DA:82,0
DA:83,0
DA:84,0
DA:85,0
DA:86,0
DA:87,0
DA:88,0
DA:89,0
DA:91,0
DA:93,0
DA:98,0
DA:99,0
DA:101,0
DA:106,0
DA:107,0
DA:108,0
DA:109,0
DA:110,0
DA:111,0
DA:112,0
DA:114,0
DA:115,0
DA:116,0
DA:117,0
DA:118,0
DA:120,0
DA:123,0
DA:125,0
DA:126,0
DA:127,0
DA:128,0
DA:131,0
DA:136,0
DA:137,0
DA:138,0
DA:139,0
DA:141,0
DA:146,0
DA:147,0
DA:148,0
DA:150,0
DA:151,0
DA:152,0
DA:155,0
DA:156,0
DA:157,0
DA:160,0
DA:161,0
DA:162,0
DA:163,0
DA:166,0
DA:167,0
DA:168,0
DA:171,0
DA:172,0
DA:173,0
DA:176,0
DA:179,0
DA:180,0
DA:181,0
DA:182,0
DA:183,0
DA:184,0
DA:186,0
DA:187,0
DA:191,0
DA:197,0
DA:200,0
DA:203,0
DA:205,0
DA:206,0
DA:211,0
DA:212,0
DA:213,0
DA:215,0
DA:216,0
DA:217,0
DA:220,0
DA:221,0
DA:222,0
DA:225,0
DA:226,0
DA:227,0
DA:228,0
DA:231,0
DA:232,0
DA:233,0
DA:237,0
DA:239,0
DA:242,0
DA:243,0
DA:247,0
DA:248,0
DA:249,0
DA:250,0
DA:251,0
DA:252,0
DA:253,0
DA:255,0
DA:256,0
DA:257,0
DA:258,0
DA:261,0
DA:262,0
DA:263,0
DA:267,0
DA:270,0
DA:273,0
DA:275,0
DA:276,0
DA:278,0
DA:279,0
DA:280,0
DA:281,0
DA:282,0
DA:285,0
DA:286,0
DA:287,0
DA:288,0
DA:289,0
DA:291,0
DA:292,0
DA:293,0
DA:294,0
DA:298,0
DA:300,0
DA:301,0
DA:306,0
DA:307,0
DA:308,0
DA:310,0
DA:311,0
DA:312,0
DA:315,0
DA:316,0
DA:317,0
DA:320,0
DA:321,0
DA:322,0
DA:323,0
DA:326,0
DA:327,0
DA:328,0
DA:332,0
DA:333,0
DA:336,0
DA:337,0
DA:338,0
DA:342,0
DA:343,0
DA:344,0
DA:345,0
DA:346,0
DA:347,0
DA:352,0
DA:355,0
DA:358,0
DA:359,0
DA:361,0
DA:362,0
DA:363,0
DA:364,0
DA:366,0
DA:367,0
DA:368,0
DA:371,0
DA:372,0
DA:373,0
DA:374,0
DA:377,0
DA:378,0
DA:383,0
DA:384,0
DA:385,0
DA:387,0
DA:388,0
DA:389,0
DA:392,0
DA:393,0
DA:394,0
DA:395,0
DA:398,0
DA:399,0
DA:400,0
DA:404,0
DA:405,0
DA:406,0
DA:410,0
DA:411,0
DA:415,0
DA:416,0
DA:419,0
DA:420,0
DA:421,0
DA:423,0
DA:430,0
DA:431,0
DA:432,0
DA:433,0
DA:436,0
DA:437,0
DA:439,0
DA:440,0
DA:441,0
DA:446,0
DA:447,0
DA:448,0
DA:449,0
DA:452,0
DA:453,0
DA:457,0
DA:458,0
DA:459,0
DA:460,0
DA:464,0
DA:465,0
DA:466,0
DA:467,0
DA:468,0
DA:469,0
DA:470,0
DA:471,0
DA:472,0
DA:474,0
DA:476,0
DA:477,0
DA:478,0
DA:479,0
DA:481,0
DA:486,0
DA:490,0
DA:491,0
DA:492,0
DA:502,0
DA:506,0
DA:507,0
DA:510,0
DA:511,0
DA:515,0
DA:517,0
DA:518,0
DA:519,0
DA:520,0
DA:523,0
DA:524,0
DA:525,0
DA:526,0
DA:527,0
DA:528,0
DA:531,0
DA:533,0
DA:534,0
DA:536,0
DA:538,0
DA:544,0
DA:545,0
DA:546,0
DA:547,0
DA:550,0
DA:551,0
DA:553,0
DA:555,0
DA:558,0
DA:559,0
DA:561,0
DA:564,0
DA:566,0
DA:569,0
DA:570,0
DA:573,0
DA:574,0
DA:575,0
DA:577,0
DA:581,0
DA:584,0
DA:585,0
DA:586,0
DA:587,0
DA:590,0
DA:591,0
DA:593,0
DA:596,0
DA:597,0
DA:599,0
DA:600,0
DA:601,0
DA:602,0
DA:605,0
DA:606,0
DA:607,0
DA:608,0
DA:609,0
DA:611,0
DA:612,0
DA:613,0
DA:619,0
DA:621,0
DA:622,0
DA:625,0
DA:626,0
DA:627,0
DA:628,0
DA:629,0
DA:630,0
DA:631,0
DA:636,0
DA:637,0
DA:639,0
DA:640,0
DA:641,0
DA:645,0
DA:646,0
DA:649,0
DA:650,0
DA:654,0
DA:655,0
DA:656,0
DA:657,0
DA:658,0
DA:659,0
DA:660,0
DA:662,0
DA:663,0
DA:664,0
DA:665,0
DA:669,0
DA:670,0
DA:671,0
DA:672,0
LF:370
LH:0
BRDA:47,0,0,0
BRDA:47,0,1,0
BRDA:48,1,0,0
BRDA:48,1,1,0
BRDA:54,2,0,0
BRDA:54,2,1,0
BRDA:61,3,0,0
BRDA:61,3,1,0
BRDA:65,4,0,0
BRDA:65,4,1,0
BRDA:88,5,0,0
BRDA:88,5,1,0
BRDA:109,6,0,0
BRDA:109,6,1,0
BRDA:111,7,0,0
BRDA:111,7,1,0
BRDA:114,8,0,0
BRDA:114,8,1,0
BRDA:114,9,0,0
BRDA:114,9,1,0
BRDA:125,10,0,0
BRDA:125,10,1,0
BRDA:127,11,0,0
BRDA:127,11,1,0
BRDA:127,12,0,0
BRDA:127,12,1,0
BRDA:148,13,0,0
BRDA:148,13,1,0
BRDA:150,14,0,0
BRDA:150,14,1,0
BRDA:155,15,0,0
BRDA:155,15,1,0
BRDA:161,16,0,0
BRDA:161,16,1,0
BRDA:166,17,0,0
BRDA:166,17,1,0
BRDA:171,18,0,0
BRDA:171,18,1,0
BRDA:180,19,0,0
BRDA:180,19,1,0
BRDA:183,20,0,0
BRDA:183,20,1,0
BRDA:213,21,0,0
BRDA:213,21,1,0
BRDA:215,22,0,0
BRDA:215,22,1,0
BRDA:220,23,0,0
BRDA:220,23,1,0
BRDA:226,24,0,0
BRDA:226,24,1,0
BRDA:231,25,0,0
BRDA:231,25,1,0
BRDA:237,26,0,0
BRDA:237,26,1,0
BRDA:237,27,0,0
BRDA:237,27,1,0
BRDA:242,28,0,0
BRDA:242,28,1,0
BRDA:243,29,0,0
BRDA:243,29,1,0
BRDA:251,30,0,0
BRDA:251,30,1,0
BRDA:261,31,0,0
BRDA:261,31,1,0
BRDA:273,32,0,0
BRDA:273,32,1,0
BRDA:308,33,0,0
BRDA:308,33,1,0
BRDA:310,34,0,0
BRDA:310,34,1,0
BRDA:315,35,0,0
BRDA:315,35,1,0
BRDA:321,36,0,0
BRDA:321,36,1,0
BRDA:326,37,0,0
BRDA:326,37,1,0
BRDA:336,38,0,0
BRDA:336,38,1,0
BRDA:336,39,0,0
BRDA:336,39,1,0
BRDA:336,39,2,0
BRDA:343,40,0,0
BRDA:343,40,1,0
BRDA:344,41,0,0
BRDA:344,41,1,0
BRDA:345,42,0,0
BRDA:345,42,1,0
BRDA:359,43,0,0
BRDA:359,43,1,0
BRDA:385,44,0,0
BRDA:385,44,1,0
BRDA:387,45,0,0
BRDA:387,45,1,0
BRDA:393,46,0,0
BRDA:393,46,1,0
BRDA:398,47,0,0
BRDA:398,47,1,0
BRDA:404,48,0,0
BRDA:404,48,1,0
BRDA:410,49,0,0
BRDA:410,49,1,0
BRDA:419,50,0,0
BRDA:419,50,1,0
BRDA:436,51,0,0
BRDA:436,51,1,0
BRDA:458,52,0,0
BRDA:458,52,1,0
BRDA:458,53,0,0
BRDA:458,53,1,0
BRDA:466,54,0,0
BRDA:466,54,1,0
BRDA:468,55,0,0
BRDA:468,55,1,0
BRDA:468,56,0,0
BRDA:468,56,1,0
BRDA:477,57,0,0
BRDA:477,57,1,0
BRDA:507,58,0,0
BRDA:507,58,1,0
BRDA:510,59,0,0
BRDA:510,59,1,0
BRDA:550,60,0,0
BRDA:550,60,1,0
BRDA:551,61,0,0
BRDA:551,61,1,0
BRDA:553,62,0,0
BRDA:553,62,1,0
BRDA:555,63,0,0
BRDA:555,63,1,0
BRDA:558,64,0,0
BRDA:558,64,1,0
BRDA:564,65,0,0
BRDA:564,65,1,0
BRDA:574,66,0,0
BRDA:574,66,1,0
BRDA:584,67,0,0
BRDA:584,67,1,0
BRDA:608,68,0,0
BRDA:608,68,1,0
BRDA:619,69,0,0
BRDA:619,69,1,0
BRDA:625,70,0,0
BRDA:625,70,1,0
BRDA:639,71,0,0
BRDA:639,71,1,0
BRDA:645,72,0,0
BRDA:645,72,1,0
BRDA:645,73,0,0
BRDA:645,73,1,0
BRDA:649,74,0,0
BRDA:649,74,1,0
BRDA:650,75,0,0
BRDA:650,75,1,0
BRDA:658,76,0,0
BRDA:658,76,1,0
BRF:155
BRH:0
end_of_record
TN:
SF:utils\gameLogic.js
FN:4,generateDeck
FN:19,shuffleDeck
FN:30,dealCards
FN:42,getCardValue
FN:49,getCardSuit
FN:54,determineTrickWinner
FN:85,isValidPlay
FN:94,(anonymous_7)
FN:104,sortHand
FN:107,(anonymous_9)
FN:120,getAuctionSuitRank
FN:127,compareAuctionBids
FN:140,isValidAuctionBid
FN:154,calculateRoundScore
FNF:14
FNH:14
FNDA:10,generateDeck
FNDA:6,shuffleDeck
FNDA:2,dealCards
FNDA:29,getCardValue
FNDA:68,getCardSuit
FNDA:4,determineTrickWinner
FNDA:6,isValidPlay
FNDA:8,(anonymous_7)
FNDA:2,sortHand
FNDA:14,(anonymous_9)
FNDA:18,getAuctionSuitRank
FNDA:10,compareAuctionBids
FNDA:11,isValidAuctionBid
FNDA:17,calculateRoundScore
DA:5,10
DA:6,10
DA:7,10
DA:9,10
DA:10,40
DA:11,520
DA:15,10
DA:20,6
DA:21,6
DA:22,306
DA:23,306
DA:25,6
DA:31,2
DA:32,2
DA:33,2
DA:43,29
DA:44,29
DA:45,29
DA:50,68
DA:55,4
DA:57,4
DA:58,12
DA:59,12
DA:60,12
DA:61,12
DA:64,12
DA:65,1
DA:68,11
DA:69,2
DA:70,1
DA:74,9
DA:75,2
DA:76,1
DA:81,4
DA:87,6
DA:88,2
DA:91,4
DA:94,8
DA:96,4
DA:97,1
DA:100,3
DA:105,2
DA:107,2
DA:108,14
DA:109,14
DA:111,14
DA:112,7
DA:115,7
DA:122,18
DA:123,18
DA:128,10
DA:129,8
DA:131,6
DA:132,6
DA:134,6
DA:135,3
DA:136,1
DA:141,11
DA:142,11
DA:143,4
DA:146,7
DA:147,2
DA:150,5
DA:155,17
DA:158,17
DA:159,9
DA:161,3
DA:164,6
DA:165,3
DA:167,3
DA:170,8
DA:172,4
DA:175,4
DA:176,4
DA:179,17
DA:182,1
LF:76
LH:76
BRDA:45,0,0,29
BRDA:45,0,1,18
BRDA:64,1,0,1
BRDA:64,1,1,11
BRDA:64,2,0,12
BRDA:64,2,1,3
BRDA:68,3,0,2
BRDA:68,3,1,9
BRDA:68,4,0,11
BRDA:68,4,1,2
BRDA:69,5,0,1
BRDA:69,5,1,1
BRDA:74,6,0,2
BRDA:74,6,1,7
BRDA:74,7,0,9
BRDA:74,7,1,5
BRDA:75,8,0,1
BRDA:75,8,1,1
BRDA:75,9,0,2
BRDA:75,9,1,2
BRDA:87,10,0,2
BRDA:87,10,1,4
BRDA:96,11,0,1
BRDA:96,11,1,3
BRDA:96,12,0,4
BRDA:96,12,1,2
BRDA:111,13,0,7
BRDA:111,13,1,7
BRDA:123,14,0,17
BRDA:123,14,1,1
BRDA:128,15,0,2
BRDA:128,15,1,8
BRDA:129,16,0,2
BRDA:129,16,1,6
BRDA:134,17,0,3
BRDA:134,17,1,3
BRDA:135,18,0,2
BRDA:135,18,1,1
BRDA:142,19,0,4
BRDA:142,19,1,7
BRDA:142,20,0,11
BRDA:142,20,1,9
BRDA:146,21,0,2
BRDA:146,21,1,5
BRDA:146,22,0,7
BRDA:146,22,1,4
BRDA:158,23,0,9
BRDA:158,23,1,8
BRDA:159,24,0,3
BRDA:159,24,1,6
BRDA:161,25,0,1
BRDA:161,25,1,2
BRDA:164,26,0,3
BRDA:164,26,1,3
BRDA:170,27,0,4
BRDA:170,27,1,4
BRF:56
BRH:56
end_of_record
TN:
SF:utils\logToFile.js
FN:10,createRoomLog
FN:17,appendRoomLog
FN:20,(anonymous_2)
FN:28,closeRoomLog
FN:31,(anonymous_4)
FNF:5
FNH:0
FNDA:0,createRoomLog
FNDA:0,appendRoomLog
FNDA:0,(anonymous_2)
FNDA:0,closeRoomLog
FNDA:0,(anonymous_4)
DA:1,0
DA:2,0
DA:4,0
DA:5,0
DA:6,0
DA:11,0
DA:12,0
DA:13,0
DA:18,0
DA:19,0
DA:20,0
DA:21,0
DA:22,0
DA:29,0
DA:30,0
DA:31,0
DA:32,0
DA:33,0
DA:38,0
LF:19
LH:0
BRDA:5,0,0,0
BRDA:5,0,1,0
BRDA:21,1,0,0
BRDA:21,1,1,0
BRDA:28,2,0,0
BRDA:32,3,0,0
BRDA:32,3,1,0
BRF:7
BRH:0
end_of_record
